<?xml version="1.0" encoding="utf-8"?><testsuites name="pytest tests"><testsuite name="pytest" errors="16" failures="39" skipped="118" tests="505" time="18302.838" timestamp="2026-07-28T14:40:50.010341+05:30" hostname="VKs-MacBook-Pro.local"><testcase classname="tests.admin_portal.revenue_overview.test_revenue_overview" name="test_page_loads_at_correct_url" time="14.045" /><testcase classname="tests.admin_portal.revenue_overview.test_revenue_overview" name="test_filter_modal_auto_opens" time="12.193" /><testcase classname="tests.admin_portal.revenue_overview.test_revenue_overview" name="test_modal_contains_all_controls" time="19.324" /><testcase classname="tests.admin_portal.revenue_overview.test_revenue_overview" name="test_metrics_shell_renders_behind_modal" time="15.157" /><testcase classname="tests.admin_portal.revenue_overview.test_revenue_overview" name="test_page_title_and_info_icon_render" time="18.615" /><testcase classname="tests.admin_portal.revenue_overview.test_revenue_overview" name="test_sidebar_highlights_active_item" time="14.504" /><testcase classname="tests.admin_portal.revenue_overview.test_revenue_overview" name="test_sites_dropdown_lists_all_active_sites" time="18.503"><failure message="AssertionError: Site dropdown returned no options&#10;assert 0 &gt; 0&#10; +  where 0 = len([])">tests/admin_portal/revenue_overview/test_revenue_overview.py:198: in test_sites_dropdown_lists_all_active_sites
    assert len(options) &gt; 0, "Site dropdown returned no options"
E   AssertionError: Site dropdown returned no options
E   assert 0 &gt; 0
E    +  where 0 = len([])</failure></testcase><testcase classname="tests.admin_portal.revenue_overview.test_revenue_overview" name="test_date_preset_dropdown_lists_seven_options" time="13.910" /><testcase classname="tests.admin_portal.revenue_overview.test_revenue_overview" name="test_modal_opens_with_default_state" time="10.820"><error message="failed on setup with &quot;selenium.common.exceptions.StaleElementReferenceException: Message: stale element reference: stale element not found in the current frame&#10;  (Session info: chrome=150.0.7871.187); For documentation on this error, please visit: https://www.selenium.dev/documentation/webdriver/troubleshooting/errors#staleelementreferenceexception&#10;Stacktrace:&#10;0   chromedriver                        0x0000000105409a84 cxxbridge1$str$ptr + 3195292&#10;1   chromedriver                        0x0000000105401b4c cxxbridge1$str$ptr + 3162724&#10;2   chromedriver                        0x0000000104eab2a4 _RNvCs9NA52FrZ4pF_7___rustc35___rust_no_alloc_shim_is_unstable_v2 + 73836&#10;3   chromedriver                        0x0000000104eb1464 _RNvCs9NA52FrZ4pF_7___rustc35___rust_no_alloc_shim_is_unstable_v2 + 98860&#10;4   chromedriver                        0x0000000104eb392c _RNvCs9NA52FrZ4pF_7___rustc35___rust_no_alloc_shim_is_unstable_v2 + 108276&#10;5   chromedriver                        0x0000000104f33d54 _RNvCs9NA52FrZ4pF_7___rustc35___rust_no_alloc_shim_is_unstable_v2 + 633628&#10;6   chromedriver                        0x0000000104f33030 _RNvCs9NA52FrZ4pF_7___rustc35___rust_no_alloc_shim_is_unstable_v2 + 630264&#10;7   chromedriver                        0x0000000104ee9434 _RNvCs9NA52FrZ4pF_7___rustc35___rust_no_alloc_shim_is_unstable_v2 + 328188&#10;8   chromedriver                        0x00000001053c6c40 cxxbridge1$str$ptr + 2921304&#10;9   chromedriver                        0x00000001053ca3b8 cxxbridge1$str$ptr + 2935504&#10;10  chromedriver                        0x00000001053ad0f8 cxxbridge1$str$ptr + 2816016&#10;11  chromedriver                        0x00000001053cac4c cxxbridge1$str$ptr + 2937700&#10;12  chromedriver                        0x000000010539e3b0 cxxbridge1$str$ptr + 2755272&#10;13  chromedriver                        0x00000001053f01f4 cxxbridge1$str$ptr + 3090700&#10;14  chromedriver                        0x00000001053f0354 cxxbridge1$str$ptr + 3091052&#10;15  chromedriver                        0x00000001054017a4 cxxbridge1$str$ptr + 3161788&#10;16  libsystem_pthread.dylib             0x0000000199325c08 _pthread_start + 136&#10;17  libsystem_pthread.dylib             0x0000000199320ba8 thread_start + 8&quot;">tests/admin_portal/revenue_overview/conftest.py:79: in rvo_modal
    return open_rvo_page(browser)
           ^^^^^^^^^^^^^^^^^^^^^^
tests/admin_portal/revenue_overview/conftest.py:51: in open_rvo_page
    page.wait_for_modal()
pages/admin_portal/revenue_overview_page.py:180: in wait_for_modal
    self.wait.until(EC.element_to_be_clickable(self.APPLY_BUTTON))
venv/lib/python3.11/site-packages/selenium/webdriver/support/wait.py:112: in until
    value = method(self._driver)
            ^^^^^^^^^^^^^^^^^^^^
venv/lib/python3.11/site-packages/selenium/webdriver/support/expected_conditions.py:515: in _predicate
    element = visibility_of(target)(driver)
              ^^^^^^^^^^^^^^^^^^^^^^^^^^^^^
venv/lib/python3.11/site-packages/selenium/webdriver/support/expected_conditions.py:208: in _predicate
    return _element_if_visible(element)
           ^^^^^^^^^^^^^^^^^^^^^^^^^^^^
venv/lib/python3.11/site-packages/selenium/webdriver/support/expected_conditions.py:223: in _element_if_visible
    return element if element.is_displayed() == visibility else False
                      ^^^^^^^^^^^^^^^^^^^^^^
venv/lib/python3.11/site-packages/selenium/webdriver/remote/webelement.py:308: in is_displayed
    return self.parent.execute_script(f"/* isDisplayed */return ({isDisplayed_js}).apply(null, arguments);", self)
           ^^^^^^^^^^^^^^^^^^^^^^^^^^^^^^^^^^^^^^^^^^^^^^^^^^^^^^^^^^^^^^^^^^^^^^^^^^^^^^^^^^^^^^^^^^^^^^^^^^^^^^^
venv/lib/python3.11/site-packages/selenium/webdriver/remote/webdriver.py:578: in execute_script
    return self.execute(command, {"script": script, "args": converted_args})["value"]
           ^^^^^^^^^^^^^^^^^^^^^^^^^^^^^^^^^^^^^^^^^^^^^^^^^^^^^^^^^^^^^^^^^
venv/lib/python3.11/site-packages/selenium/webdriver/remote/webdriver.py:468: in execute
    self.error_handler.check_response(response)
venv/lib/python3.11/site-packages/selenium/webdriver/remote/errorhandler.py:232: in check_response
    raise exception_class(message, screen, stacktrace)
E   selenium.common.exceptions.StaleElementReferenceException: Message: stale element reference: stale element not found in the current frame
E     (Session info: chrome=150.0.7871.187); For documentation on this error, please visit: https://www.selenium.dev/documentation/webdriver/troubleshooting/errors#staleelementreferenceexception
E   Stacktrace:
E   0   chromedriver                        0x0000000105409a84 cxxbridge1$str$ptr + 3195292
E   1   chromedriver                        0x0000000105401b4c cxxbridge1$str$ptr + 3162724
E   2   chromedriver                        0x0000000104eab2a4 _RNvCs9NA52FrZ4pF_7___rustc35___rust_no_alloc_shim_is_unstable_v2 + 73836
E   3   chromedriver                        0x0000000104eb1464 _RNvCs9NA52FrZ4pF_7___rustc35___rust_no_alloc_shim_is_unstable_v2 + 98860
E   4   chromedriver                        0x0000000104eb392c _RNvCs9NA52FrZ4pF_7___rustc35___rust_no_alloc_shim_is_unstable_v2 + 108276
E   5   chromedriver                        0x0000000104f33d54 _RNvCs9NA52FrZ4pF_7___rustc35___rust_no_alloc_shim_is_unstable_v2 + 633628
E   6   chromedriver                        0x0000000104f33030 _RNvCs9NA52FrZ4pF_7___rustc35___rust_no_alloc_shim_is_unstable_v2 + 630264
E   7   chromedriver                        0x0000000104ee9434 _RNvCs9NA52FrZ4pF_7___rustc35___rust_no_alloc_shim_is_unstable_v2 + 328188
E   8   chromedriver                        0x00000001053c6c40 cxxbridge1$str$ptr + 2921304
E   9   chromedriver                        0x00000001053ca3b8 cxxbridge1$str$ptr + 2935504
E   10  chromedriver                        0x00000001053ad0f8 cxxbridge1$str$ptr + 2816016
E   11  chromedriver                        0x00000001053cac4c cxxbridge1$str$ptr + 2937700
E   12  chromedriver                        0x000000010539e3b0 cxxbridge1$str$ptr + 2755272
E   13  chromedriver                        0x00000001053f01f4 cxxbridge1$str$ptr + 3090700
E   14  chromedriver                        0x00000001053f0354 cxxbridge1$str$ptr + 3091052
E   15  chromedriver                        0x00000001054017a4 cxxbridge1$str$ptr + 3161788
E   16  libsystem_pthread.dylib             0x0000000199325c08 _pthread_start + 136
E   17  libsystem_pthread.dylib             0x0000000199320ba8 thread_start + 8</error></testcase><testcase classname="tests.admin_portal.revenue_overview.test_revenue_overview" name="test_changing_preset_auto_updates_date_range" time="18.495" /><testcase classname="tests.admin_portal.revenue_overview.test_revenue_overview" name="test_single_day_checkbox_switches_to_single_date" time="16.238" /><testcase classname="tests.admin_portal.revenue_overview.test_revenue_overview" name="test_apply_filters_closes_modal_and_renders_metrics" time="22.001" /><testcase classname="tests.admin_portal.revenue_overview.test_revenue_overview" name="test_filter_values_reflected_in_page_level_bar" time="25.059" /><testcase classname="tests.admin_portal.revenue_overview.test_revenue_overview" name="test_modal_does_not_reopen_from_page_level_bar" time="20.078" /><testcase classname="tests.admin_portal.revenue_overview.test_revenue_overview" name="test_page_level_sites_dropdown_lists_all_sites" time="15.588" /><testcase classname="tests.admin_portal.revenue_overview.test_revenue_overview" name="test_selecting_single_site_scopes_all_sections" time="18.747" /><testcase classname="tests.admin_portal.revenue_overview.test_revenue_overview" name="test_selecting_multiple_sites_aggregates_revenue" time="22.119" /><testcase classname="tests.admin_portal.revenue_overview.test_revenue_overview" name="test_selected_sites_render_as_chips" time="26.913" /><testcase classname="tests.admin_portal.revenue_overview.test_revenue_overview" name="test_overflow_counter_chip_shown_for_many_sites" time="33.152" /><testcase classname="tests.admin_portal.revenue_overview.test_revenue_overview" name="test_selected_options_highlighted_in_dropdown" time="25.862"><skipped type="pytest.xfail" message="RVO-SIT-008: Selected-state highlight uses class heuristics (overview__site-select__option--is-selected) — verify in DevTools before removing xfail." /></testcase><testcase classname="tests.admin_portal.revenue_overview.test_revenue_overview" name="test_deselecting_option_removes_it" time="19.198" /><testcase classname="tests.admin_portal.revenue_overview.test_revenue_overview" name="test_clear_control_removes_all_chips" time="17.466"><skipped type="pytest.xfail" message="RVO-SIT-010: Clear-all button locator uses class heuristics (overview__site-select__clear-indicator) — verify in DevTools before removing xfail." /></testcase><testcase classname="tests.admin_portal.revenue_overview.test_revenue_overview" name="test_clearing_sites_shows_empty_state" time="21.888" /><testcase classname="tests.admin_portal.revenue_overview.test_revenue_overview" name="test_site_dropdown_scrolls_for_many_sites" time="15.487" /><testcase classname="tests.admin_portal.revenue_overview.test_revenue_overview" name="test_site_change_auto_applies_no_apply_button" time="21.611" /><testcase classname="tests.admin_portal.revenue_overview.test_revenue_overview" name="test_deactivated_sites_not_in_dropdown" time="24.209" /><testcase classname="tests.admin_portal.revenue_overview.test_revenue_overview" name="test_page_level_preset_lists_seven_options" time="17.921" /><testcase classname="tests.admin_portal.revenue_overview.test_revenue_overview" name="test_preset_updates_range_and_data[RVO-DTE-002]" time="15.968" /><testcase classname="tests.admin_portal.revenue_overview.test_revenue_overview" name="test_preset_updates_range_and_data[RVO-DTE-003]" time="19.182" /><testcase classname="tests.admin_portal.revenue_overview.test_revenue_overview" name="test_preset_updates_range_and_data[RVO-DTE-004]" time="16.926" /><testcase classname="tests.admin_portal.revenue_overview.test_revenue_overview" name="test_preset_updates_range_and_data[RVO-DTE-005]" time="17.129" /><testcase classname="tests.admin_portal.revenue_overview.test_revenue_overview" name="test_preset_updates_range_and_data[RVO-DTE-006]" time="17.527" /><testcase classname="tests.admin_portal.revenue_overview.test_revenue_overview" name="test_preset_updates_range_and_data[RVO-DTE-007]" time="14.032" /><testcase classname="tests.admin_portal.revenue_overview.test_revenue_overview" name="test_preset_updates_range_and_data[RVO-DTE-008]" time="14.523" /><testcase classname="tests.admin_portal.revenue_overview.test_revenue_overview" name="test_custom_range_switches_preset_to_custom" time="31.248" /><testcase classname="tests.admin_portal.revenue_overview.test_revenue_overview" name="test_date_range_field_opens_calendar_picker" time="15.504" /><testcase classname="tests.admin_portal.revenue_overview.test_revenue_overview" name="test_future_dates_disabled_in_calendar" time="18.545"><skipped type="pytest.xfail" message="RVO-DTE-011: Disabled future-date detection relies on aria-disabled/class heuristics — verify calendar day button DOM in DevTools before removing xfail." /></testcase><testcase classname="tests.admin_portal.revenue_overview.test_revenue_overview" name="test_year_selector_visible_in_calendar" time="15.254"><skipped type="pytest.xfail" message="RVO-DTE-012: Year selector detection uses class/role heuristics — verify calendar year control DOM in DevTools before removing xfail." /></testcase><testcase classname="tests.admin_portal.revenue_overview.test_revenue_overview" name="test_date_preset_auto_applies_on_metrics_screen" time="27.311" /><testcase classname="tests.admin_portal.revenue_overview.test_revenue_overview" name="test_custom_range_same_start_end" time="23.003" /><testcase classname="tests.admin_portal.revenue_overview.test_revenue_overview" name="test_month_boundary_date_range" time="16.450" /><testcase classname="tests.admin_portal.revenue_overview.test_revenue_overview" name="test_five_kpi_cards_render" time="22.479" /><testcase classname="tests.admin_portal.revenue_overview.test_revenue_overview" name="test_kpi_cards_show_zero_when_no_data" time="29.276" /><testcase classname="tests.admin_portal.revenue_overview.test_revenue_overview" name="test_kpi_values_update_on_site_change" time="17.607" /><testcase classname="tests.admin_portal.revenue_overview.test_revenue_overview" name="test_kpi_values_update_on_date_change" time="25.106" /><testcase classname="tests.admin_portal.revenue_overview.test_revenue_overview" name="test_kpi_values_currency_format" time="28.793" /><testcase classname="tests.admin_portal.revenue_overview.test_revenue_overview" name="test_chart_renders_when_data_exists" time="22.179" /><testcase classname="tests.admin_portal.revenue_overview.test_revenue_overview" name="test_chart_shows_no_info_when_no_data" time="26.597" /><testcase classname="tests.admin_portal.revenue_overview.test_revenue_overview" name="test_legend_lists_all_series" time="25.409" /><testcase classname="tests.admin_portal.revenue_overview.test_revenue_overview" name="test_hover_segment_shows_tooltip" time="25.465" /><testcase classname="tests.admin_portal.revenue_overview.test_revenue_overview" name="test_hover_updates_centre_label" time="18.334" /><testcase classname="tests.admin_portal.revenue_overview.test_revenue_overview" name="test_centre_label_resets_on_pointer_leave" time="20.028" /><testcase classname="tests.admin_portal.revenue_overview.test_revenue_overview" name="test_legend_toggle_hides_segment" time="23.300"><skipped type="pytest.skip" message="No legend items found">/Users/vk/Documents/NxtWash Automation/nxtwash-automation/tests/admin_portal/revenue_overview/test_revenue_overview.py:846: No legend items found</skipped></testcase><testcase classname="tests.admin_portal.revenue_overview.test_revenue_overview" name="test_centre_label_not_recalculated_after_legend_toggle" time="15.276"><skipped type="pytest.skip" message="No legend items found">/Users/vk/Documents/NxtWash Automation/nxtwash-automation/tests/admin_portal/revenue_overview/test_revenue_overview.py:867: No legend items found</skipped></testcase><testcase classname="tests.admin_portal.revenue_overview.test_revenue_overview" name="test_hiding_all_legend_series_no_error" time="18.453"><skipped type="pytest.skip" message="No legend items found">/Users/vk/Documents/NxtWash Automation/nxtwash-automation/tests/admin_portal/revenue_overview/test_revenue_overview.py:887: No legend items found</skipped></testcase><testcase classname="tests.admin_portal.revenue_overview.test_revenue_overview" name="test_segment_colours_are_stable" time="18.792" /><testcase classname="tests.admin_portal.revenue_overview.test_revenue_overview" name="test_zero_revenue_series_in_legend_no_arc" time="37.966" /><testcase classname="tests.admin_portal.revenue_overview.test_revenue_overview" name="test_chart_rerenders_on_filter_change" time="19.178" /><testcase classname="tests.admin_portal.revenue_overview.test_revenue_overview" name="test_membership_tab_displayed_with_count" time="16.076" /><testcase classname="tests.admin_portal.revenue_overview.test_revenue_overview" name="test_membership_tab_selected_by_default" time="19.506" /><testcase classname="tests.admin_portal.revenue_overview.test_revenue_overview" name="test_membership_tab_shows_three_subtabs" time="30.920" /><testcase classname="tests.admin_portal.revenue_overview.test_revenue_overview" name="test_all_membership_subtabs_clickable" time="19.975" /><testcase classname="tests.admin_portal.revenue_overview.test_revenue_overview" name="test_membership_count_invariant" time="16.154" /><testcase classname="tests.admin_portal.revenue_overview.test_revenue_overview" name="test_new_sales_subtab_lists_plans" time="23.611" /><testcase classname="tests.admin_portal.revenue_overview.test_revenue_overview" name="test_recharges_subtab_zero_count_renders_cleanly" time="34.503"><failure message="selenium.common.exceptions.TimeoutException: Message: &#10;Stacktrace:&#10;0   chromedriver                        0x0000000104e71a84 cxxbridge1$str$ptr + 3195292&#10;1   chromedriver                        0x0000000104e69b4c cxxbridge1$str$ptr + 3162724&#10;2   chromedriver                        0x00000001049132a4 _RNvCs9NA52FrZ4pF_7___rustc35___rust_no_alloc_shim_is_unstable_v2 + 73836&#10;3   chromedriver                        0x000000010495ba44 _RNvCs9NA52FrZ4pF_7___rustc35___rust_no_alloc_shim_is_unstable_v2 + 370700&#10;4   chromedriver                        0x000000010499b030 _RNvCs9NA52FrZ4pF_7___rustc35___rust_no_alloc_shim_is_unstable_v2 + 630264&#10;5   chromedriver                        0x0000000104951434 _RNvCs9NA52FrZ4pF_7___rustc35___rust_no_alloc_shim_is_unstable_v2 + 328188&#10;6   chromedriver                        0x0000000104e2ec40 cxxbridge1$str$ptr + 2921304&#10;7   chromedriver                        0x0000000104e323b8 cxxbridge1$str$ptr + 2935504&#10;8   chromedriver                        0x0000000104e150f8 cxxbridge1$str$ptr + 2816016&#10;9   chromedriver                        0x0000000104e32c4c cxxbridge1$str$ptr + 2937700&#10;10  chromedriver                        0x0000000104e063b0 cxxbridge1$str$ptr + 2755272&#10;11  chromedriver                        0x0000000104e581f4 cxxbridge1$str$ptr + 3090700&#10;12  chromedriver                        0x0000000104e58354 cxxbridge1$str$ptr + 3091052&#10;13  chromedriver                        0x0000000104e697a4 cxxbridge1$str$ptr + 3161788&#10;14  libsystem_pthread.dylib             0x0000000199325c08 _pthread_start + 136&#10;15  libsystem_pthread.dylib             0x0000000199320ba8 thread_start + 8">tests/admin_portal/revenue_overview/test_revenue_overview.py:1023: in test_recharges_subtab_zero_count_renders_cleanly
    rvo_page.click_sub_tab("Recharges")
pages/admin_portal/revenue_overview_page.py:588: in click_sub_tab
    self._click_tab(locator)
pages/admin_portal/revenue_overview_page.py:574: in _click_tab
    btn = self.wait.until(EC.element_to_be_clickable(locator))
          ^^^^^^^^^^^^^^^^^^^^^^^^^^^^^^^^^^^^^^^^^^^^^^^^^^^^
venv/lib/python3.11/site-packages/selenium/webdriver/support/wait.py:121: in until
    raise TimeoutException(message, screen, stacktrace)
E   selenium.common.exceptions.TimeoutException: Message: 
E   Stacktrace:
E   0   chromedriver                        0x0000000104e71a84 cxxbridge1$str$ptr + 3195292
E   1   chromedriver                        0x0000000104e69b4c cxxbridge1$str$ptr + 3162724
E   2   chromedriver                        0x00000001049132a4 _RNvCs9NA52FrZ4pF_7___rustc35___rust_no_alloc_shim_is_unstable_v2 + 73836
E   3   chromedriver                        0x000000010495ba44 _RNvCs9NA52FrZ4pF_7___rustc35___rust_no_alloc_shim_is_unstable_v2 + 370700
E   4   chromedriver                        0x000000010499b030 _RNvCs9NA52FrZ4pF_7___rustc35___rust_no_alloc_shim_is_unstable_v2 + 630264
E   5   chromedriver                        0x0000000104951434 _RNvCs9NA52FrZ4pF_7___rustc35___rust_no_alloc_shim_is_unstable_v2 + 328188
E   6   chromedriver                        0x0000000104e2ec40 cxxbridge1$str$ptr + 2921304
E   7   chromedriver                        0x0000000104e323b8 cxxbridge1$str$ptr + 2935504
E   8   chromedriver                        0x0000000104e150f8 cxxbridge1$str$ptr + 2816016
E   9   chromedriver                        0x0000000104e32c4c cxxbridge1$str$ptr + 2937700
E   10  chromedriver                        0x0000000104e063b0 cxxbridge1$str$ptr + 2755272
E   11  chromedriver                        0x0000000104e581f4 cxxbridge1$str$ptr + 3090700
E   12  chromedriver                        0x0000000104e58354 cxxbridge1$str$ptr + 3091052
E   13  chromedriver                        0x0000000104e697a4 cxxbridge1$str$ptr + 3161788
E   14  libsystem_pthread.dylib             0x0000000199325c08 _pthread_start + 136
E   15  libsystem_pthread.dylib             0x0000000199320ba8 thread_start + 8</failure></testcase><testcase classname="tests.admin_portal.revenue_overview.test_revenue_overview" name="test_resignups_subtab_lists_rows" time="36.302"><failure message="selenium.common.exceptions.TimeoutException: Message: &#10;Stacktrace:&#10;0   chromedriver                        0x0000000102fb1a84 cxxbridge1$str$ptr + 3195292&#10;1   chromedriver                        0x0000000102fa9b4c cxxbridge1$str$ptr + 3162724&#10;2   chromedriver                        0x0000000102a532a4 _RNvCs9NA52FrZ4pF_7___rustc35___rust_no_alloc_shim_is_unstable_v2 + 73836&#10;3   chromedriver                        0x0000000102a9ba44 _RNvCs9NA52FrZ4pF_7___rustc35___rust_no_alloc_shim_is_unstable_v2 + 370700&#10;4   chromedriver                        0x0000000102adb030 _RNvCs9NA52FrZ4pF_7___rustc35___rust_no_alloc_shim_is_unstable_v2 + 630264&#10;5   chromedriver                        0x0000000102a91434 _RNvCs9NA52FrZ4pF_7___rustc35___rust_no_alloc_shim_is_unstable_v2 + 328188&#10;6   chromedriver                        0x0000000102f6ec40 cxxbridge1$str$ptr + 2921304&#10;7   chromedriver                        0x0000000102f723b8 cxxbridge1$str$ptr + 2935504&#10;8   chromedriver                        0x0000000102f550f8 cxxbridge1$str$ptr + 2816016&#10;9   chromedriver                        0x0000000102f72c4c cxxbridge1$str$ptr + 2937700&#10;10  chromedriver                        0x0000000102f463b0 cxxbridge1$str$ptr + 2755272&#10;11  chromedriver                        0x0000000102f981f4 cxxbridge1$str$ptr + 3090700&#10;12  chromedriver                        0x0000000102f98354 cxxbridge1$str$ptr + 3091052&#10;13  chromedriver                        0x0000000102fa97a4 cxxbridge1$str$ptr + 3161788&#10;14  libsystem_pthread.dylib             0x0000000199325c08 _pthread_start + 136&#10;15  libsystem_pthread.dylib             0x0000000199320ba8 thread_start + 8">tests/admin_portal/revenue_overview/test_revenue_overview.py:1037: in test_resignups_subtab_lists_rows
    rvo_page.click_sub_tab("Resignups")
pages/admin_portal/revenue_overview_page.py:588: in click_sub_tab
    self._click_tab(locator)
pages/admin_portal/revenue_overview_page.py:574: in _click_tab
    btn = self.wait.until(EC.element_to_be_clickable(locator))
          ^^^^^^^^^^^^^^^^^^^^^^^^^^^^^^^^^^^^^^^^^^^^^^^^^^^^
venv/lib/python3.11/site-packages/selenium/webdriver/support/wait.py:121: in until
    raise TimeoutException(message, screen, stacktrace)
E   selenium.common.exceptions.TimeoutException: Message: 
E   Stacktrace:
E   0   chromedriver                        0x0000000102fb1a84 cxxbridge1$str$ptr + 3195292
E   1   chromedriver                        0x0000000102fa9b4c cxxbridge1$str$ptr + 3162724
E   2   chromedriver                        0x0000000102a532a4 _RNvCs9NA52FrZ4pF_7___rustc35___rust_no_alloc_shim_is_unstable_v2 + 73836
E   3   chromedriver                        0x0000000102a9ba44 _RNvCs9NA52FrZ4pF_7___rustc35___rust_no_alloc_shim_is_unstable_v2 + 370700
E   4   chromedriver                        0x0000000102adb030 _RNvCs9NA52FrZ4pF_7___rustc35___rust_no_alloc_shim_is_unstable_v2 + 630264
E   5   chromedriver                        0x0000000102a91434 _RNvCs9NA52FrZ4pF_7___rustc35___rust_no_alloc_shim_is_unstable_v2 + 328188
E   6   chromedriver                        0x0000000102f6ec40 cxxbridge1$str$ptr + 2921304
E   7   chromedriver                        0x0000000102f723b8 cxxbridge1$str$ptr + 2935504
E   8   chromedriver                        0x0000000102f550f8 cxxbridge1$str$ptr + 2816016
E   9   chromedriver                        0x0000000102f72c4c cxxbridge1$str$ptr + 2937700
E   10  chromedriver                        0x0000000102f463b0 cxxbridge1$str$ptr + 2755272
E   11  chromedriver                        0x0000000102f981f4 cxxbridge1$str$ptr + 3090700
E   12  chromedriver                        0x0000000102f98354 cxxbridge1$str$ptr + 3091052
E   13  chromedriver                        0x0000000102fa97a4 cxxbridge1$str$ptr + 3161788
E   14  libsystem_pthread.dylib             0x0000000199325c08 _pthread_start + 136
E   15  libsystem_pthread.dylib             0x0000000199320ba8 thread_start + 8</failure></testcase><testcase classname="tests.admin_portal.revenue_overview.test_revenue_overview" name="test_subtab_row_count_equals_badge" time="42.935"><skipped type="pytest.xfail" message="RVO-MEM-010: Row count depends on breakdown list DOM structure — verify list-item locator in DevTools before removing xfail." /></testcase><testcase classname="tests.admin_portal.revenue_overview.test_revenue_overview" name="test_switching_subtabs_does_not_change_kpi_or_chart" time="37.153"><failure message="selenium.common.exceptions.TimeoutException: Message: &#10;Stacktrace:&#10;0   chromedriver                        0x000000010496da84 cxxbridge1$str$ptr + 3195292&#10;1   chromedriver                        0x0000000104965b4c cxxbridge1$str$ptr + 3162724&#10;2   chromedriver                        0x000000010440f2a4 _RNvCs9NA52FrZ4pF_7___rustc35___rust_no_alloc_shim_is_unstable_v2 + 73836&#10;3   chromedriver                        0x0000000104457a44 _RNvCs9NA52FrZ4pF_7___rustc35___rust_no_alloc_shim_is_unstable_v2 + 370700&#10;4   chromedriver                        0x0000000104497030 _RNvCs9NA52FrZ4pF_7___rustc35___rust_no_alloc_shim_is_unstable_v2 + 630264&#10;5   chromedriver                        0x000000010444d434 _RNvCs9NA52FrZ4pF_7___rustc35___rust_no_alloc_shim_is_unstable_v2 + 328188&#10;6   chromedriver                        0x000000010492ac40 cxxbridge1$str$ptr + 2921304&#10;7   chromedriver                        0x000000010492e3b8 cxxbridge1$str$ptr + 2935504&#10;8   chromedriver                        0x00000001049110f8 cxxbridge1$str$ptr + 2816016&#10;9   chromedriver                        0x000000010492ec4c cxxbridge1$str$ptr + 2937700&#10;10  chromedriver                        0x00000001049023b0 cxxbridge1$str$ptr + 2755272&#10;11  chromedriver                        0x00000001049541f4 cxxbridge1$str$ptr + 3090700&#10;12  chromedriver                        0x0000000104954354 cxxbridge1$str$ptr + 3091052&#10;13  chromedriver                        0x00000001049657a4 cxxbridge1$str$ptr + 3161788&#10;14  libsystem_pthread.dylib             0x0000000199325c08 _pthread_start + 136&#10;15  libsystem_pthread.dylib             0x0000000199320ba8 thread_start + 8">tests/admin_portal/revenue_overview/test_revenue_overview.py:1073: in test_switching_subtabs_does_not_change_kpi_or_chart
    rvo_page.click_sub_tab("Recharges")
pages/admin_portal/revenue_overview_page.py:588: in click_sub_tab
    self._click_tab(locator)
pages/admin_portal/revenue_overview_page.py:574: in _click_tab
    btn = self.wait.until(EC.element_to_be_clickable(locator))
          ^^^^^^^^^^^^^^^^^^^^^^^^^^^^^^^^^^^^^^^^^^^^^^^^^^^^
venv/lib/python3.11/site-packages/selenium/webdriver/support/wait.py:121: in until
    raise TimeoutException(message, screen, stacktrace)
E   selenium.common.exceptions.TimeoutException: Message: 
E   Stacktrace:
E   0   chromedriver                        0x000000010496da84 cxxbridge1$str$ptr + 3195292
E   1   chromedriver                        0x0000000104965b4c cxxbridge1$str$ptr + 3162724
E   2   chromedriver                        0x000000010440f2a4 _RNvCs9NA52FrZ4pF_7___rustc35___rust_no_alloc_shim_is_unstable_v2 + 73836
E   3   chromedriver                        0x0000000104457a44 _RNvCs9NA52FrZ4pF_7___rustc35___rust_no_alloc_shim_is_unstable_v2 + 370700
E   4   chromedriver                        0x0000000104497030 _RNvCs9NA52FrZ4pF_7___rustc35___rust_no_alloc_shim_is_unstable_v2 + 630264
E   5   chromedriver                        0x000000010444d434 _RNvCs9NA52FrZ4pF_7___rustc35___rust_no_alloc_shim_is_unstable_v2 + 328188
E   6   chromedriver                        0x000000010492ac40 cxxbridge1$str$ptr + 2921304
E   7   chromedriver                        0x000000010492e3b8 cxxbridge1$str$ptr + 2935504
E   8   chromedriver                        0x00000001049110f8 cxxbridge1$str$ptr + 2816016
E   9   chromedriver                        0x000000010492ec4c cxxbridge1$str$ptr + 2937700
E   10  chromedriver                        0x00000001049023b0 cxxbridge1$str$ptr + 2755272
E   11  chromedriver                        0x00000001049541f4 cxxbridge1$str$ptr + 3090700
E   12  chromedriver                        0x0000000104954354 cxxbridge1$str$ptr + 3091052
E   13  chromedriver                        0x00000001049657a4 cxxbridge1$str$ptr + 3161788
E   14  libsystem_pthread.dylib             0x0000000199325c08 _pthread_start + 136
E   15  libsystem_pthread.dylib             0x0000000199320ba8 thread_start + 8</failure></testcase><testcase classname="tests.admin_portal.revenue_overview.test_revenue_overview" name="test_membership_plan_names_match_module" time="51.113"><failure message="selenium.common.exceptions.TimeoutException: Message: &#10;Stacktrace:&#10;0   chromedriver                        0x0000000100c09a84 cxxbridge1$str$ptr + 3195292&#10;1   chromedriver                        0x0000000100c01b4c cxxbridge1$str$ptr + 3162724&#10;2   chromedriver                        0x00000001006ab2a4 _RNvCs9NA52FrZ4pF_7___rustc35___rust_no_alloc_shim_is_unstable_v2 + 73836&#10;3   chromedriver                        0x00000001006f3a44 _RNvCs9NA52FrZ4pF_7___rustc35___rust_no_alloc_shim_is_unstable_v2 + 370700&#10;4   chromedriver                        0x0000000100733030 _RNvCs9NA52FrZ4pF_7___rustc35___rust_no_alloc_shim_is_unstable_v2 + 630264&#10;5   chromedriver                        0x00000001006e9434 _RNvCs9NA52FrZ4pF_7___rustc35___rust_no_alloc_shim_is_unstable_v2 + 328188&#10;6   chromedriver                        0x0000000100bc6c40 cxxbridge1$str$ptr + 2921304&#10;7   chromedriver                        0x0000000100bca3b8 cxxbridge1$str$ptr + 2935504&#10;8   chromedriver                        0x0000000100bad0f8 cxxbridge1$str$ptr + 2816016&#10;9   chromedriver                        0x0000000100bcac4c cxxbridge1$str$ptr + 2937700&#10;10  chromedriver                        0x0000000100b9e3b0 cxxbridge1$str$ptr + 2755272&#10;11  chromedriver                        0x0000000100bf01f4 cxxbridge1$str$ptr + 3090700&#10;12  chromedriver                        0x0000000100bf0354 cxxbridge1$str$ptr + 3091052&#10;13  chromedriver                        0x0000000100c017a4 cxxbridge1$str$ptr + 3161788&#10;14  libsystem_pthread.dylib             0x0000000199325c08 _pthread_start + 136&#10;15  libsystem_pthread.dylib             0x0000000199320ba8 thread_start + 8">tests/admin_portal/revenue_overview/test_revenue_overview.py:1094: in test_membership_plan_names_match_module
    rvo_page.click_sub_tab("New Sales")
pages/admin_portal/revenue_overview_page.py:588: in click_sub_tab
    self._click_tab(locator)
pages/admin_portal/revenue_overview_page.py:574: in _click_tab
    btn = self.wait.until(EC.element_to_be_clickable(locator))
          ^^^^^^^^^^^^^^^^^^^^^^^^^^^^^^^^^^^^^^^^^^^^^^^^^^^^
venv/lib/python3.11/site-packages/selenium/webdriver/support/wait.py:121: in until
    raise TimeoutException(message, screen, stacktrace)
E   selenium.common.exceptions.TimeoutException: Message: 
E   Stacktrace:
E   0   chromedriver                        0x0000000100c09a84 cxxbridge1$str$ptr + 3195292
E   1   chromedriver                        0x0000000100c01b4c cxxbridge1$str$ptr + 3162724
E   2   chromedriver                        0x00000001006ab2a4 _RNvCs9NA52FrZ4pF_7___rustc35___rust_no_alloc_shim_is_unstable_v2 + 73836
E   3   chromedriver                        0x00000001006f3a44 _RNvCs9NA52FrZ4pF_7___rustc35___rust_no_alloc_shim_is_unstable_v2 + 370700
E   4   chromedriver                        0x0000000100733030 _RNvCs9NA52FrZ4pF_7___rustc35___rust_no_alloc_shim_is_unstable_v2 + 630264
E   5   chromedriver                        0x00000001006e9434 _RNvCs9NA52FrZ4pF_7___rustc35___rust_no_alloc_shim_is_unstable_v2 + 328188
E   6   chromedriver                        0x0000000100bc6c40 cxxbridge1$str$ptr + 2921304
E   7   chromedriver                        0x0000000100bca3b8 cxxbridge1$str$ptr + 2935504
E   8   chromedriver                        0x0000000100bad0f8 cxxbridge1$str$ptr + 2816016
E   9   chromedriver                        0x0000000100bcac4c cxxbridge1$str$ptr + 2937700
E   10  chromedriver                        0x0000000100b9e3b0 cxxbridge1$str$ptr + 2755272
E   11  chromedriver                        0x0000000100bf01f4 cxxbridge1$str$ptr + 3090700
E   12  chromedriver                        0x0000000100bf0354 cxxbridge1$str$ptr + 3091052
E   13  chromedriver                        0x0000000100c017a4 cxxbridge1$str$ptr + 3161788
E   14  libsystem_pthread.dylib             0x0000000199325c08 _pthread_start + 136
E   15  libsystem_pthread.dylib             0x0000000199320ba8 thread_start + 8</failure></testcase><testcase classname="tests.admin_portal.revenue_overview.test_revenue_overview" name="test_retail_tab_displayed_with_count" time="17.294" /><testcase classname="tests.admin_portal.revenue_overview.test_revenue_overview" name="test_retail_tab_shows_two_subtabs" time="20.468"><skipped type="pytest.xfail" message="RVO-RET-002: Retail section uses a flat product list ('Wash Prepaid'); 'Wash Package'/'Wash Extra' subtabs not present on current page" /></testcase><testcase classname="tests.admin_portal.revenue_overview.test_revenue_overview" name="test_retail_count_invariant" time="16.885" /><testcase classname="tests.admin_portal.revenue_overview.test_revenue_overview" name="test_wash_package_subtab_lists_packages" time="38.308"><failure message="selenium.common.exceptions.TimeoutException: Message: &#10;Stacktrace:&#10;0   chromedriver                        0x0000000102c8da84 cxxbridge1$str$ptr + 3195292&#10;1   chromedriver                        0x0000000102c85b4c cxxbridge1$str$ptr + 3162724&#10;2   chromedriver                        0x000000010272f2a4 _RNvCs9NA52FrZ4pF_7___rustc35___rust_no_alloc_shim_is_unstable_v2 + 73836&#10;3   chromedriver                        0x0000000102777a44 _RNvCs9NA52FrZ4pF_7___rustc35___rust_no_alloc_shim_is_unstable_v2 + 370700&#10;4   chromedriver                        0x00000001027b7030 _RNvCs9NA52FrZ4pF_7___rustc35___rust_no_alloc_shim_is_unstable_v2 + 630264&#10;5   chromedriver                        0x000000010276d434 _RNvCs9NA52FrZ4pF_7___rustc35___rust_no_alloc_shim_is_unstable_v2 + 328188&#10;6   chromedriver                        0x0000000102c4ac40 cxxbridge1$str$ptr + 2921304&#10;7   chromedriver                        0x0000000102c4e3b8 cxxbridge1$str$ptr + 2935504&#10;8   chromedriver                        0x0000000102c310f8 cxxbridge1$str$ptr + 2816016&#10;9   chromedriver                        0x0000000102c4ec4c cxxbridge1$str$ptr + 2937700&#10;10  chromedriver                        0x0000000102c223b0 cxxbridge1$str$ptr + 2755272&#10;11  chromedriver                        0x0000000102c741f4 cxxbridge1$str$ptr + 3090700&#10;12  chromedriver                        0x0000000102c74354 cxxbridge1$str$ptr + 3091052&#10;13  chromedriver                        0x0000000102c857a4 cxxbridge1$str$ptr + 3161788&#10;14  libsystem_pthread.dylib             0x0000000199325c08 _pthread_start + 136&#10;15  libsystem_pthread.dylib             0x0000000199320ba8 thread_start + 8">tests/admin_portal/revenue_overview/test_revenue_overview.py:1157: in test_wash_package_subtab_lists_packages
    rvo_page.click_sub_tab("Wash Package")
pages/admin_portal/revenue_overview_page.py:588: in click_sub_tab
    self._click_tab(locator)
pages/admin_portal/revenue_overview_page.py:574: in _click_tab
    btn = self.wait.until(EC.element_to_be_clickable(locator))
          ^^^^^^^^^^^^^^^^^^^^^^^^^^^^^^^^^^^^^^^^^^^^^^^^^^^^
venv/lib/python3.11/site-packages/selenium/webdriver/support/wait.py:121: in until
    raise TimeoutException(message, screen, stacktrace)
E   selenium.common.exceptions.TimeoutException: Message: 
E   Stacktrace:
E   0   chromedriver                        0x0000000102c8da84 cxxbridge1$str$ptr + 3195292
E   1   chromedriver                        0x0000000102c85b4c cxxbridge1$str$ptr + 3162724
E   2   chromedriver                        0x000000010272f2a4 _RNvCs9NA52FrZ4pF_7___rustc35___rust_no_alloc_shim_is_unstable_v2 + 73836
E   3   chromedriver                        0x0000000102777a44 _RNvCs9NA52FrZ4pF_7___rustc35___rust_no_alloc_shim_is_unstable_v2 + 370700
E   4   chromedriver                        0x00000001027b7030 _RNvCs9NA52FrZ4pF_7___rustc35___rust_no_alloc_shim_is_unstable_v2 + 630264
E   5   chromedriver                        0x000000010276d434 _RNvCs9NA52FrZ4pF_7___rustc35___rust_no_alloc_shim_is_unstable_v2 + 328188
E   6   chromedriver                        0x0000000102c4ac40 cxxbridge1$str$ptr + 2921304
E   7   chromedriver                        0x0000000102c4e3b8 cxxbridge1$str$ptr + 2935504
E   8   chromedriver                        0x0000000102c310f8 cxxbridge1$str$ptr + 2816016
E   9   chromedriver                        0x0000000102c4ec4c cxxbridge1$str$ptr + 2937700
E   10  chromedriver                        0x0000000102c223b0 cxxbridge1$str$ptr + 2755272
E   11  chromedriver                        0x0000000102c741f4 cxxbridge1$str$ptr + 3090700
E   12  chromedriver                        0x0000000102c74354 cxxbridge1$str$ptr + 3091052
E   13  chromedriver                        0x0000000102c857a4 cxxbridge1$str$ptr + 3161788
E   14  libsystem_pthread.dylib             0x0000000199325c08 _pthread_start + 136
E   15  libsystem_pthread.dylib             0x0000000199320ba8 thread_start + 8</failure></testcase><testcase classname="tests.admin_portal.revenue_overview.test_revenue_overview" name="test_wash_extra_subtab_lists_extras" time="11.836"><error message="failed on setup with &quot;selenium.common.exceptions.ElementNotInteractableException: Message: element not interactable&#10;  (Session info: chrome=150.0.7871.187); For documentation on this error, please visit: https://www.selenium.dev/documentation/webdriver/troubleshooting/errors#elementnotinteractableexception&#10;Stacktrace:&#10;0   chromedriver                        0x0000000102fe1a84 cxxbridge1$str$ptr + 3195292&#10;1   chromedriver                        0x0000000102fd9b4c cxxbridge1$str$ptr + 3162724&#10;2   chromedriver                        0x0000000102a830a8 _RNvCs9NA52FrZ4pF_7___rustc35___rust_no_alloc_shim_is_unstable_v2 + 73328&#10;3   chromedriver                        0x0000000102ac7d3c _RNvCs9NA52FrZ4pF_7___rustc35___rust_no_alloc_shim_is_unstable_v2 + 355076&#10;4   chromedriver                        0x0000000102ac6354 _RNvCs9NA52FrZ4pF_7___rustc35___rust_no_alloc_shim_is_unstable_v2 + 348444&#10;5   chromedriver                        0x0000000102ac2934 _RNvCs9NA52FrZ4pF_7___rustc35___rust_no_alloc_shim_is_unstable_v2 + 333564&#10;6   chromedriver                        0x0000000102b0b030 _RNvCs9NA52FrZ4pF_7___rustc35___rust_no_alloc_shim_is_unstable_v2 + 630264&#10;7   chromedriver                        0x0000000102ac1434 _RNvCs9NA52FrZ4pF_7___rustc35___rust_no_alloc_shim_is_unstable_v2 + 328188&#10;8   chromedriver                        0x0000000102f9ec40 cxxbridge1$str$ptr + 2921304&#10;9   chromedriver                        0x0000000102fa23b8 cxxbridge1$str$ptr + 2935504&#10;10  chromedriver                        0x0000000102f850f8 cxxbridge1$str$ptr + 2816016&#10;11  chromedriver                        0x0000000102fa2c4c cxxbridge1$str$ptr + 2937700&#10;12  chromedriver                        0x0000000102f763b0 cxxbridge1$str$ptr + 2755272&#10;13  chromedriver                        0x0000000102fc81f4 cxxbridge1$str$ptr + 3090700&#10;14  chromedriver                        0x0000000102fc8354 cxxbridge1$str$ptr + 3091052&#10;15  chromedriver                        0x0000000102fd97a4 cxxbridge1$str$ptr + 3161788&#10;16  libsystem_pthread.dylib             0x0000000199325c08 _pthread_start + 136&#10;17  libsystem_pthread.dylib             0x0000000199320ba8 thread_start + 8&quot;">tests/admin_portal/revenue_overview/conftest.py:87: in rvo_page
    page.select_site(RVO_SITE_2, clear_first=False)
pages/admin_portal/revenue_overview_page.py:219: in select_site
    self.select_react_dropdown_option(
pages/common/base_page.py:101: in select_react_dropdown_option
    inner_input.send_keys(option_text)
venv/lib/python3.11/site-packages/selenium/webdriver/remote/webelement.py:276: in send_keys
    self._execute(
venv/lib/python3.11/site-packages/selenium/webdriver/remote/webelement.py:508: in _execute
    return self._parent.execute(command, params)
           ^^^^^^^^^^^^^^^^^^^^^^^^^^^^^^^^^^^^^
venv/lib/python3.11/site-packages/selenium/webdriver/remote/webdriver.py:468: in execute
    self.error_handler.check_response(response)
venv/lib/python3.11/site-packages/selenium/webdriver/remote/errorhandler.py:232: in check_response
    raise exception_class(message, screen, stacktrace)
E   selenium.common.exceptions.ElementNotInteractableException: Message: element not interactable
E     (Session info: chrome=150.0.7871.187); For documentation on this error, please visit: https://www.selenium.dev/documentation/webdriver/troubleshooting/errors#elementnotinteractableexception
E   Stacktrace:
E   0   chromedriver                        0x0000000102fe1a84 cxxbridge1$str$ptr + 3195292
E   1   chromedriver                        0x0000000102fd9b4c cxxbridge1$str$ptr + 3162724
E   2   chromedriver                        0x0000000102a830a8 _RNvCs9NA52FrZ4pF_7___rustc35___rust_no_alloc_shim_is_unstable_v2 + 73328
E   3   chromedriver                        0x0000000102ac7d3c _RNvCs9NA52FrZ4pF_7___rustc35___rust_no_alloc_shim_is_unstable_v2 + 355076
E   4   chromedriver                        0x0000000102ac6354 _RNvCs9NA52FrZ4pF_7___rustc35___rust_no_alloc_shim_is_unstable_v2 + 348444
E   5   chromedriver                        0x0000000102ac2934 _RNvCs9NA52FrZ4pF_7___rustc35___rust_no_alloc_shim_is_unstable_v2 + 333564
E   6   chromedriver                        0x0000000102b0b030 _RNvCs9NA52FrZ4pF_7___rustc35___rust_no_alloc_shim_is_unstable_v2 + 630264
E   7   chromedriver                        0x0000000102ac1434 _RNvCs9NA52FrZ4pF_7___rustc35___rust_no_alloc_shim_is_unstable_v2 + 328188
E   8   chromedriver                        0x0000000102f9ec40 cxxbridge1$str$ptr + 2921304
E   9   chromedriver                        0x0000000102fa23b8 cxxbridge1$str$ptr + 2935504
E   10  chromedriver                        0x0000000102f850f8 cxxbridge1$str$ptr + 2816016
E   11  chromedriver                        0x0000000102fa2c4c cxxbridge1$str$ptr + 2937700
E   12  chromedriver                        0x0000000102f763b0 cxxbridge1$str$ptr + 2755272
E   13  chromedriver                        0x0000000102fc81f4 cxxbridge1$str$ptr + 3090700
E   14  chromedriver                        0x0000000102fc8354 cxxbridge1$str$ptr + 3091052
E   15  chromedriver                        0x0000000102fd97a4 cxxbridge1$str$ptr + 3161788
E   16  libsystem_pthread.dylib             0x0000000199325c08 _pthread_start + 136
E   17  libsystem_pthread.dylib             0x0000000199320ba8 thread_start + 8</error></testcase><testcase classname="tests.admin_portal.revenue_overview.test_revenue_overview" name="test_wash_package_names_match_module" time="37.418"><failure message="selenium.common.exceptions.TimeoutException: Message: &#10;Stacktrace:&#10;0   chromedriver                        0x000000010111da84 cxxbridge1$str$ptr + 3195292&#10;1   chromedriver                        0x0000000101115b4c cxxbridge1$str$ptr + 3162724&#10;2   chromedriver                        0x0000000100bbf2a4 _RNvCs9NA52FrZ4pF_7___rustc35___rust_no_alloc_shim_is_unstable_v2 + 73836&#10;3   chromedriver                        0x0000000100c07a44 _RNvCs9NA52FrZ4pF_7___rustc35___rust_no_alloc_shim_is_unstable_v2 + 370700&#10;4   chromedriver                        0x0000000100c47030 _RNvCs9NA52FrZ4pF_7___rustc35___rust_no_alloc_shim_is_unstable_v2 + 630264&#10;5   chromedriver                        0x0000000100bfd434 _RNvCs9NA52FrZ4pF_7___rustc35___rust_no_alloc_shim_is_unstable_v2 + 328188&#10;6   chromedriver                        0x00000001010dac40 cxxbridge1$str$ptr + 2921304&#10;7   chromedriver                        0x00000001010de3b8 cxxbridge1$str$ptr + 2935504&#10;8   chromedriver                        0x00000001010c10f8 cxxbridge1$str$ptr + 2816016&#10;9   chromedriver                        0x00000001010dec4c cxxbridge1$str$ptr + 2937700&#10;10  chromedriver                        0x00000001010b23b0 cxxbridge1$str$ptr + 2755272&#10;11  chromedriver                        0x00000001011041f4 cxxbridge1$str$ptr + 3090700&#10;12  chromedriver                        0x0000000101104354 cxxbridge1$str$ptr + 3091052&#10;13  chromedriver                        0x00000001011157a4 cxxbridge1$str$ptr + 3161788&#10;14  libsystem_pthread.dylib             0x0000000199325c08 _pthread_start + 136&#10;15  libsystem_pthread.dylib             0x0000000199320ba8 thread_start + 8">tests/admin_portal/revenue_overview/test_revenue_overview.py:1185: in test_wash_package_names_match_module
    rvo_page.click_sub_tab("Wash Package")
pages/admin_portal/revenue_overview_page.py:588: in click_sub_tab
    self._click_tab(locator)
pages/admin_portal/revenue_overview_page.py:574: in _click_tab
    btn = self.wait.until(EC.element_to_be_clickable(locator))
          ^^^^^^^^^^^^^^^^^^^^^^^^^^^^^^^^^^^^^^^^^^^^^^^^^^^^
venv/lib/python3.11/site-packages/selenium/webdriver/support/wait.py:121: in until
    raise TimeoutException(message, screen, stacktrace)
E   selenium.common.exceptions.TimeoutException: Message: 
E   Stacktrace:
E   0   chromedriver                        0x000000010111da84 cxxbridge1$str$ptr + 3195292
E   1   chromedriver                        0x0000000101115b4c cxxbridge1$str$ptr + 3162724
E   2   chromedriver                        0x0000000100bbf2a4 _RNvCs9NA52FrZ4pF_7___rustc35___rust_no_alloc_shim_is_unstable_v2 + 73836
E   3   chromedriver                        0x0000000100c07a44 _RNvCs9NA52FrZ4pF_7___rustc35___rust_no_alloc_shim_is_unstable_v2 + 370700
E   4   chromedriver                        0x0000000100c47030 _RNvCs9NA52FrZ4pF_7___rustc35___rust_no_alloc_shim_is_unstable_v2 + 630264
E   5   chromedriver                        0x0000000100bfd434 _RNvCs9NA52FrZ4pF_7___rustc35___rust_no_alloc_shim_is_unstable_v2 + 328188
E   6   chromedriver                        0x00000001010dac40 cxxbridge1$str$ptr + 2921304
E   7   chromedriver                        0x00000001010de3b8 cxxbridge1$str$ptr + 2935504
E   8   chromedriver                        0x00000001010c10f8 cxxbridge1$str$ptr + 2816016
E   9   chromedriver                        0x00000001010dec4c cxxbridge1$str$ptr + 2937700
E   10  chromedriver                        0x00000001010b23b0 cxxbridge1$str$ptr + 2755272
E   11  chromedriver                        0x00000001011041f4 cxxbridge1$str$ptr + 3090700
E   12  chromedriver                        0x0000000101104354 cxxbridge1$str$ptr + 3091052
E   13  chromedriver                        0x00000001011157a4 cxxbridge1$str$ptr + 3161788
E   14  libsystem_pthread.dylib             0x0000000199325c08 _pthread_start + 136
E   15  libsystem_pthread.dylib             0x0000000199320ba8 thread_start + 8</failure></testcase><testcase classname="tests.admin_portal.revenue_overview.test_revenue_overview" name="test_wash_extra_names_match_module" time="14.015"><error message="failed on setup with &quot;selenium.common.exceptions.StaleElementReferenceException: Message: stale element reference: stale element not found in the current frame&#10;  (Session info: chrome=150.0.7871.187); For documentation on this error, please visit: https://www.selenium.dev/documentation/webdriver/troubleshooting/errors#staleelementreferenceexception&#10;Stacktrace:&#10;0   chromedriver                        0x0000000104cd5a84 cxxbridge1$str$ptr + 3195292&#10;1   chromedriver                        0x0000000104ccdb4c cxxbridge1$str$ptr + 3162724&#10;2   chromedriver                        0x00000001047772a4 _RNvCs9NA52FrZ4pF_7___rustc35___rust_no_alloc_shim_is_unstable_v2 + 73836&#10;3   chromedriver                        0x000000010477d464 _RNvCs9NA52FrZ4pF_7___rustc35___rust_no_alloc_shim_is_unstable_v2 + 98860&#10;4   chromedriver                        0x000000010477f92c _RNvCs9NA52FrZ4pF_7___rustc35___rust_no_alloc_shim_is_unstable_v2 + 108276&#10;5   chromedriver                        0x00000001047ffd54 _RNvCs9NA52FrZ4pF_7___rustc35___rust_no_alloc_shim_is_unstable_v2 + 633628&#10;6   chromedriver                        0x00000001047ff030 _RNvCs9NA52FrZ4pF_7___rustc35___rust_no_alloc_shim_is_unstable_v2 + 630264&#10;7   chromedriver                        0x00000001047b5434 _RNvCs9NA52FrZ4pF_7___rustc35___rust_no_alloc_shim_is_unstable_v2 + 328188&#10;8   chromedriver                        0x0000000104c92c40 cxxbridge1$str$ptr + 2921304&#10;9   chromedriver                        0x0000000104c963b8 cxxbridge1$str$ptr + 2935504&#10;10  chromedriver                        0x0000000104c790f8 cxxbridge1$str$ptr + 2816016&#10;11  chromedriver                        0x0000000104c96c4c cxxbridge1$str$ptr + 2937700&#10;12  chromedriver                        0x0000000104c6a3b0 cxxbridge1$str$ptr + 2755272&#10;13  chromedriver                        0x0000000104cbc1f4 cxxbridge1$str$ptr + 3090700&#10;14  chromedriver                        0x0000000104cbc354 cxxbridge1$str$ptr + 3091052&#10;15  chromedriver                        0x0000000104ccd7a4 cxxbridge1$str$ptr + 3161788&#10;16  libsystem_pthread.dylib             0x0000000199325c08 _pthread_start + 136&#10;17  libsystem_pthread.dylib             0x0000000199320ba8 thread_start + 8&quot;">tests/admin_portal/revenue_overview/conftest.py:85: in rvo_page
    page = open_rvo_page(browser)
           ^^^^^^^^^^^^^^^^^^^^^^
tests/admin_portal/revenue_overview/conftest.py:51: in open_rvo_page
    page.wait_for_modal()
pages/admin_portal/revenue_overview_page.py:180: in wait_for_modal
    self.wait.until(EC.element_to_be_clickable(self.APPLY_BUTTON))
venv/lib/python3.11/site-packages/selenium/webdriver/support/wait.py:112: in until
    value = method(self._driver)
            ^^^^^^^^^^^^^^^^^^^^
venv/lib/python3.11/site-packages/selenium/webdriver/support/expected_conditions.py:515: in _predicate
    element = visibility_of(target)(driver)
              ^^^^^^^^^^^^^^^^^^^^^^^^^^^^^
venv/lib/python3.11/site-packages/selenium/webdriver/support/expected_conditions.py:208: in _predicate
    return _element_if_visible(element)
           ^^^^^^^^^^^^^^^^^^^^^^^^^^^^
venv/lib/python3.11/site-packages/selenium/webdriver/support/expected_conditions.py:223: in _element_if_visible
    return element if element.is_displayed() == visibility else False
                      ^^^^^^^^^^^^^^^^^^^^^^
venv/lib/python3.11/site-packages/selenium/webdriver/remote/webelement.py:308: in is_displayed
    return self.parent.execute_script(f"/* isDisplayed */return ({isDisplayed_js}).apply(null, arguments);", self)
           ^^^^^^^^^^^^^^^^^^^^^^^^^^^^^^^^^^^^^^^^^^^^^^^^^^^^^^^^^^^^^^^^^^^^^^^^^^^^^^^^^^^^^^^^^^^^^^^^^^^^^^^
venv/lib/python3.11/site-packages/selenium/webdriver/remote/webdriver.py:578: in execute_script
    return self.execute(command, {"script": script, "args": converted_args})["value"]
           ^^^^^^^^^^^^^^^^^^^^^^^^^^^^^^^^^^^^^^^^^^^^^^^^^^^^^^^^^^^^^^^^^
venv/lib/python3.11/site-packages/selenium/webdriver/remote/webdriver.py:468: in execute
    self.error_handler.check_response(response)
venv/lib/python3.11/site-packages/selenium/webdriver/remote/errorhandler.py:232: in check_response
    raise exception_class(message, screen, stacktrace)
E   selenium.common.exceptions.StaleElementReferenceException: Message: stale element reference: stale element not found in the current frame
E     (Session info: chrome=150.0.7871.187); For documentation on this error, please visit: https://www.selenium.dev/documentation/webdriver/troubleshooting/errors#staleelementreferenceexception
E   Stacktrace:
E   0   chromedriver                        0x0000000104cd5a84 cxxbridge1$str$ptr + 3195292
E   1   chromedriver                        0x0000000104ccdb4c cxxbridge1$str$ptr + 3162724
E   2   chromedriver                        0x00000001047772a4 _RNvCs9NA52FrZ4pF_7___rustc35___rust_no_alloc_shim_is_unstable_v2 + 73836
E   3   chromedriver                        0x000000010477d464 _RNvCs9NA52FrZ4pF_7___rustc35___rust_no_alloc_shim_is_unstable_v2 + 98860
E   4   chromedriver                        0x000000010477f92c _RNvCs9NA52FrZ4pF_7___rustc35___rust_no_alloc_shim_is_unstable_v2 + 108276
E   5   chromedriver                        0x00000001047ffd54 _RNvCs9NA52FrZ4pF_7___rustc35___rust_no_alloc_shim_is_unstable_v2 + 633628
E   6   chromedriver                        0x00000001047ff030 _RNvCs9NA52FrZ4pF_7___rustc35___rust_no_alloc_shim_is_unstable_v2 + 630264
E   7   chromedriver                        0x00000001047b5434 _RNvCs9NA52FrZ4pF_7___rustc35___rust_no_alloc_shim_is_unstable_v2 + 328188
E   8   chromedriver                        0x0000000104c92c40 cxxbridge1$str$ptr + 2921304
E   9   chromedriver                        0x0000000104c963b8 cxxbridge1$str$ptr + 2935504
E   10  chromedriver                        0x0000000104c790f8 cxxbridge1$str$ptr + 2816016
E   11  chromedriver                        0x0000000104c96c4c cxxbridge1$str$ptr + 2937700
E   12  chromedriver                        0x0000000104c6a3b0 cxxbridge1$str$ptr + 2755272
E   13  chromedriver                        0x0000000104cbc1f4 cxxbridge1$str$ptr + 3090700
E   14  chromedriver                        0x0000000104cbc354 cxxbridge1$str$ptr + 3091052
E   15  chromedriver                        0x0000000104ccd7a4 cxxbridge1$str$ptr + 3161788
E   16  libsystem_pthread.dylib             0x0000000199325c08 _pthread_start + 136
E   17  libsystem_pthread.dylib             0x0000000199320ba8 thread_start + 8</error></testcase><testcase classname="tests.admin_portal.revenue_overview.test_revenue_overview" name="test_switching_tabs_preserves_kpi_and_chart" time="21.351" /><testcase classname="tests.admin_portal.revenue_overview.test_revenue_overview" name="test_retail_tab_empty_list_when_count_zero" time="30.575" /><testcase classname="tests.admin_portal.revenue_overview.test_revenue_overview" name="test_each_row_shows_four_data_points" time="48.847"><failure message="selenium.common.exceptions.TimeoutException: Message: &#10;Stacktrace:&#10;0   chromedriver                        0x0000000101095a84 cxxbridge1$str$ptr + 3195292&#10;1   chromedriver                        0x000000010108db4c cxxbridge1$str$ptr + 3162724&#10;2   chromedriver                        0x0000000100b372a4 _RNvCs9NA52FrZ4pF_7___rustc35___rust_no_alloc_shim_is_unstable_v2 + 73836&#10;3   chromedriver                        0x0000000100b7fa44 _RNvCs9NA52FrZ4pF_7___rustc35___rust_no_alloc_shim_is_unstable_v2 + 370700&#10;4   chromedriver                        0x0000000100bbf030 _RNvCs9NA52FrZ4pF_7___rustc35___rust_no_alloc_shim_is_unstable_v2 + 630264&#10;5   chromedriver                        0x0000000100b75434 _RNvCs9NA52FrZ4pF_7___rustc35___rust_no_alloc_shim_is_unstable_v2 + 328188&#10;6   chromedriver                        0x0000000101052c40 cxxbridge1$str$ptr + 2921304&#10;7   chromedriver                        0x00000001010563b8 cxxbridge1$str$ptr + 2935504&#10;8   chromedriver                        0x00000001010390f8 cxxbridge1$str$ptr + 2816016&#10;9   chromedriver                        0x0000000101056c4c cxxbridge1$str$ptr + 2937700&#10;10  chromedriver                        0x000000010102a3b0 cxxbridge1$str$ptr + 2755272&#10;11  chromedriver                        0x000000010107c1f4 cxxbridge1$str$ptr + 3090700&#10;12  chromedriver                        0x000000010107c354 cxxbridge1$str$ptr + 3091052&#10;13  chromedriver                        0x000000010108d7a4 cxxbridge1$str$ptr + 3161788&#10;14  libsystem_pthread.dylib             0x0000000199325c08 _pthread_start + 136&#10;15  libsystem_pthread.dylib             0x0000000199320ba8 thread_start + 8">tests/admin_portal/revenue_overview/test_revenue_overview.py:1254: in test_each_row_shows_four_data_points
    rvo_page.click_sub_tab("New Sales")
pages/admin_portal/revenue_overview_page.py:588: in click_sub_tab
    self._click_tab(locator)
pages/admin_portal/revenue_overview_page.py:574: in _click_tab
    btn = self.wait.until(EC.element_to_be_clickable(locator))
          ^^^^^^^^^^^^^^^^^^^^^^^^^^^^^^^^^^^^^^^^^^^^^^^^^^^^
venv/lib/python3.11/site-packages/selenium/webdriver/support/wait.py:121: in until
    raise TimeoutException(message, screen, stacktrace)
E   selenium.common.exceptions.TimeoutException: Message: 
E   Stacktrace:
E   0   chromedriver                        0x0000000101095a84 cxxbridge1$str$ptr + 3195292
E   1   chromedriver                        0x000000010108db4c cxxbridge1$str$ptr + 3162724
E   2   chromedriver                        0x0000000100b372a4 _RNvCs9NA52FrZ4pF_7___rustc35___rust_no_alloc_shim_is_unstable_v2 + 73836
E   3   chromedriver                        0x0000000100b7fa44 _RNvCs9NA52FrZ4pF_7___rustc35___rust_no_alloc_shim_is_unstable_v2 + 370700
E   4   chromedriver                        0x0000000100bbf030 _RNvCs9NA52FrZ4pF_7___rustc35___rust_no_alloc_shim_is_unstable_v2 + 630264
E   5   chromedriver                        0x0000000100b75434 _RNvCs9NA52FrZ4pF_7___rustc35___rust_no_alloc_shim_is_unstable_v2 + 328188
E   6   chromedriver                        0x0000000101052c40 cxxbridge1$str$ptr + 2921304
E   7   chromedriver                        0x00000001010563b8 cxxbridge1$str$ptr + 2935504
E   8   chromedriver                        0x00000001010390f8 cxxbridge1$str$ptr + 2816016
E   9   chromedriver                        0x0000000101056c4c cxxbridge1$str$ptr + 2937700
E   10  chromedriver                        0x000000010102a3b0 cxxbridge1$str$ptr + 2755272
E   11  chromedriver                        0x000000010107c1f4 cxxbridge1$str$ptr + 3090700
E   12  chromedriver                        0x000000010107c354 cxxbridge1$str$ptr + 3091052
E   13  chromedriver                        0x000000010108d7a4 cxxbridge1$str$ptr + 3161788
E   14  libsystem_pthread.dylib             0x0000000199325c08 _pthread_start + 136
E   15  libsystem_pthread.dylib             0x0000000199320ba8 thread_start + 8</failure></testcase><testcase classname="tests.admin_portal.revenue_overview.test_revenue_overview" name="test_single_item_count_grammar" time="25.452" /><testcase classname="tests.admin_portal.revenue_overview.test_revenue_overview" name="test_zero_amount_shows_zero_percent" time="35.385" /><testcase classname="tests.admin_portal.revenue_overview.test_revenue_overview" name="test_long_names_truncate_without_breaking" time="18.335" /><testcase classname="tests.admin_portal.revenue_overview.test_revenue_overview" name="test_list_refreshes_on_filter_change" time="24.847" /><testcase classname="tests.admin_portal.revenue_overview.test_revenue_overview" name="test_export_button_present" time="25.346" /><testcase classname="tests.admin_portal.revenue_overview.test_revenue_overview" name="test_export_triggers_download" time="25.150" /><testcase classname="tests.admin_portal.revenue_overview.test_revenue_overview" name="test_info_icon_tooltip_text" time="25.316" /><testcase classname="tests.admin_portal.revenue_overview.test_revenue_overview" name="test_tooltip_dismisses_on_click_away" time="16.715"><error message="failed on setup with &quot;selenium.common.exceptions.ElementNotInteractableException: Message: element not interactable&#10;  (Session info: chrome=150.0.7871.187); For documentation on this error, please visit: https://www.selenium.dev/documentation/webdriver/troubleshooting/errors#elementnotinteractableexception&#10;Stacktrace:&#10;0   chromedriver                        0x00000001052b9a84 cxxbridge1$str$ptr + 3195292&#10;1   chromedriver                        0x00000001052b1b4c cxxbridge1$str$ptr + 3162724&#10;2   chromedriver                        0x0000000104d5b0a8 _RNvCs9NA52FrZ4pF_7___rustc35___rust_no_alloc_shim_is_unstable_v2 + 73328&#10;3   chromedriver                        0x0000000104d9fd3c _RNvCs9NA52FrZ4pF_7___rustc35___rust_no_alloc_shim_is_unstable_v2 + 355076&#10;4   chromedriver                        0x0000000104d9e354 _RNvCs9NA52FrZ4pF_7___rustc35___rust_no_alloc_shim_is_unstable_v2 + 348444&#10;5   chromedriver                        0x0000000104d9a934 _RNvCs9NA52FrZ4pF_7___rustc35___rust_no_alloc_shim_is_unstable_v2 + 333564&#10;6   chromedriver                        0x0000000104de3030 _RNvCs9NA52FrZ4pF_7___rustc35___rust_no_alloc_shim_is_unstable_v2 + 630264&#10;7   chromedriver                        0x0000000104d99434 _RNvCs9NA52FrZ4pF_7___rustc35___rust_no_alloc_shim_is_unstable_v2 + 328188&#10;8   chromedriver                        0x0000000105276c40 cxxbridge1$str$ptr + 2921304&#10;9   chromedriver                        0x000000010527a3b8 cxxbridge1$str$ptr + 2935504&#10;10  chromedriver                        0x000000010525d0f8 cxxbridge1$str$ptr + 2816016&#10;11  chromedriver                        0x000000010527ac4c cxxbridge1$str$ptr + 2937700&#10;12  chromedriver                        0x000000010524e3b0 cxxbridge1$str$ptr + 2755272&#10;13  chromedriver                        0x00000001052a01f4 cxxbridge1$str$ptr + 3090700&#10;14  chromedriver                        0x00000001052a0354 cxxbridge1$str$ptr + 3091052&#10;15  chromedriver                        0x00000001052b17a4 cxxbridge1$str$ptr + 3161788&#10;16  libsystem_pthread.dylib             0x0000000199325c08 _pthread_start + 136&#10;17  libsystem_pthread.dylib             0x0000000199320ba8 thread_start + 8&quot;">tests/admin_portal/revenue_overview/conftest.py:87: in rvo_page
    page.select_site(RVO_SITE_2, clear_first=False)
pages/admin_portal/revenue_overview_page.py:219: in select_site
    self.select_react_dropdown_option(
pages/common/base_page.py:101: in select_react_dropdown_option
    inner_input.send_keys(option_text)
venv/lib/python3.11/site-packages/selenium/webdriver/remote/webelement.py:276: in send_keys
    self._execute(
venv/lib/python3.11/site-packages/selenium/webdriver/remote/webelement.py:508: in _execute
    return self._parent.execute(command, params)
           ^^^^^^^^^^^^^^^^^^^^^^^^^^^^^^^^^^^^^
venv/lib/python3.11/site-packages/selenium/webdriver/remote/webdriver.py:468: in execute
    self.error_handler.check_response(response)
venv/lib/python3.11/site-packages/selenium/webdriver/remote/errorhandler.py:232: in check_response
    raise exception_class(message, screen, stacktrace)
E   selenium.common.exceptions.ElementNotInteractableException: Message: element not interactable
E     (Session info: chrome=150.0.7871.187); For documentation on this error, please visit: https://www.selenium.dev/documentation/webdriver/troubleshooting/errors#elementnotinteractableexception
E   Stacktrace:
E   0   chromedriver                        0x00000001052b9a84 cxxbridge1$str$ptr + 3195292
E   1   chromedriver                        0x00000001052b1b4c cxxbridge1$str$ptr + 3162724
E   2   chromedriver                        0x0000000104d5b0a8 _RNvCs9NA52FrZ4pF_7___rustc35___rust_no_alloc_shim_is_unstable_v2 + 73328
E   3   chromedriver                        0x0000000104d9fd3c _RNvCs9NA52FrZ4pF_7___rustc35___rust_no_alloc_shim_is_unstable_v2 + 355076
E   4   chromedriver                        0x0000000104d9e354 _RNvCs9NA52FrZ4pF_7___rustc35___rust_no_alloc_shim_is_unstable_v2 + 348444
E   5   chromedriver                        0x0000000104d9a934 _RNvCs9NA52FrZ4pF_7___rustc35___rust_no_alloc_shim_is_unstable_v2 + 333564
E   6   chromedriver                        0x0000000104de3030 _RNvCs9NA52FrZ4pF_7___rustc35___rust_no_alloc_shim_is_unstable_v2 + 630264
E   7   chromedriver                        0x0000000104d99434 _RNvCs9NA52FrZ4pF_7___rustc35___rust_no_alloc_shim_is_unstable_v2 + 328188
E   8   chromedriver                        0x0000000105276c40 cxxbridge1$str$ptr + 2921304
E   9   chromedriver                        0x000000010527a3b8 cxxbridge1$str$ptr + 2935504
E   10  chromedriver                        0x000000010525d0f8 cxxbridge1$str$ptr + 2816016
E   11  chromedriver                        0x000000010527ac4c cxxbridge1$str$ptr + 2937700
E   12  chromedriver                        0x000000010524e3b0 cxxbridge1$str$ptr + 2755272
E   13  chromedriver                        0x00000001052a01f4 cxxbridge1$str$ptr + 3090700
E   14  chromedriver                        0x00000001052a0354 cxxbridge1$str$ptr + 3091052
E   15  chromedriver                        0x00000001052b17a4 cxxbridge1$str$ptr + 3161788
E   16  libsystem_pthread.dylib             0x0000000199325c08 _pthread_start + 136
E   17  libsystem_pthread.dylib             0x0000000199320ba8 thread_start + 8</error></testcase><testcase classname="tests.admin_portal.revenue_overview.test_revenue_overview" name="test_tooltip_content_is_static" time="22.741" /><testcase classname="tests.admin_portal.revenue_overview.test_revenue_overview" name="test_zero_transaction_site_renders_cleanly" time="31.744" /><testcase classname="tests.admin_portal.revenue_overview.test_revenue_overview" name="test_today_with_no_transactions_renders_cleanly" time="18.659" /><testcase classname="tests.admin_portal.revenue_overview.test_revenue_overview" name="test_rapid_preset_switching_no_stale_data" time="21.915" /><testcase classname="tests.admin_portal.revenue_overview.test_revenue_overview" name="test_rapid_site_toggle_no_stale_data" time="24.341" /><testcase classname="tests.admin_portal.revenue_overview.test_revenue_overview" name="test_retail_only_site_renders_cleanly" time="18.277" /><testcase classname="tests.admin_portal.revenue_overview.test_revenue_overview" name="test_direct_url_opens_filter_modal" time="20.929" /><testcase classname="tests.admin_portal.revenue_overview.test_revenue_overview" name="test_overview_full_report_link_navigates_here" time="12.827"><skipped type="pytest.xfail" message="RVO-DEP-001: Overview page content is inside an iframe; 'Full report' link not findable from outer frame context" /></testcase><testcase classname="tests.admin_portal.revenue_overview.test_revenue_overview" name="test_sites_dropdown_reflects_sites_module" time="11.771" /><testcase classname="tests.admin_portal.revenue_overview.test_revenue_overview.TestSingleDayMode" name="test_single_day_changes_label_and_field" time="12.066" /><testcase classname="tests.admin_portal.revenue_overview.test_revenue_overview.TestSingleDayMode" name="test_single_day_forces_preset_to_custom" time="14.353"><skipped type="pytest.xfail" message="RVO-DTE-014: Page does not auto-switch preset to 'Custom' when Single day is checked; preset retains its previous value (e.g. 'Today')" /></testcase><testcase classname="tests.admin_portal.revenue_overview.test_revenue_overview.TestSingleDayMode" name="test_select_date_in_single_day_mode" time="11.574"><error message="failed on setup with &quot;selenium.common.exceptions.ElementNotInteractableException: Message: element not interactable&#10;  (Session info: chrome=150.0.7871.187); For documentation on this error, please visit: https://www.selenium.dev/documentation/webdriver/troubleshooting/errors#elementnotinteractableexception&#10;Stacktrace:&#10;0   chromedriver                        0x000000010541da84 cxxbridge1$str$ptr + 3195292&#10;1   chromedriver                        0x0000000105415b4c cxxbridge1$str$ptr + 3162724&#10;2   chromedriver                        0x0000000104ebf0a8 _RNvCs9NA52FrZ4pF_7___rustc35___rust_no_alloc_shim_is_unstable_v2 + 73328&#10;3   chromedriver                        0x0000000104f03d3c _RNvCs9NA52FrZ4pF_7___rustc35___rust_no_alloc_shim_is_unstable_v2 + 355076&#10;4   chromedriver                        0x0000000104f02354 _RNvCs9NA52FrZ4pF_7___rustc35___rust_no_alloc_shim_is_unstable_v2 + 348444&#10;5   chromedriver                        0x0000000104efe934 _RNvCs9NA52FrZ4pF_7___rustc35___rust_no_alloc_shim_is_unstable_v2 + 333564&#10;6   chromedriver                        0x0000000104f47030 _RNvCs9NA52FrZ4pF_7___rustc35___rust_no_alloc_shim_is_unstable_v2 + 630264&#10;7   chromedriver                        0x0000000104efd434 _RNvCs9NA52FrZ4pF_7___rustc35___rust_no_alloc_shim_is_unstable_v2 + 328188&#10;8   chromedriver                        0x00000001053dac40 cxxbridge1$str$ptr + 2921304&#10;9   chromedriver                        0x00000001053de3b8 cxxbridge1$str$ptr + 2935504&#10;10  chromedriver                        0x00000001053c10f8 cxxbridge1$str$ptr + 2816016&#10;11  chromedriver                        0x00000001053dec4c cxxbridge1$str$ptr + 2937700&#10;12  chromedriver                        0x00000001053b23b0 cxxbridge1$str$ptr + 2755272&#10;13  chromedriver                        0x00000001054041f4 cxxbridge1$str$ptr + 3090700&#10;14  chromedriver                        0x0000000105404354 cxxbridge1$str$ptr + 3091052&#10;15  chromedriver                        0x00000001054157a4 cxxbridge1$str$ptr + 3161788&#10;16  libsystem_pthread.dylib             0x0000000199325c08 _pthread_start + 136&#10;17  libsystem_pthread.dylib             0x0000000199320ba8 thread_start + 8&quot;">tests/admin_portal/revenue_overview/conftest.py:115: in rvo_single_day
    page.select_site(RVO_SITE)
pages/admin_portal/revenue_overview_page.py:219: in select_site
    self.select_react_dropdown_option(
pages/common/base_page.py:99: in select_react_dropdown_option
    inner_input.send_keys(Keys.CONTROL, "a")
venv/lib/python3.11/site-packages/selenium/webdriver/remote/webelement.py:276: in send_keys
    self._execute(
venv/lib/python3.11/site-packages/selenium/webdriver/remote/webelement.py:508: in _execute
    return self._parent.execute(command, params)
           ^^^^^^^^^^^^^^^^^^^^^^^^^^^^^^^^^^^^^
venv/lib/python3.11/site-packages/selenium/webdriver/remote/webdriver.py:468: in execute
    self.error_handler.check_response(response)
venv/lib/python3.11/site-packages/selenium/webdriver/remote/errorhandler.py:232: in check_response
    raise exception_class(message, screen, stacktrace)
E   selenium.common.exceptions.ElementNotInteractableException: Message: element not interactable
E     (Session info: chrome=150.0.7871.187); For documentation on this error, please visit: https://www.selenium.dev/documentation/webdriver/troubleshooting/errors#elementnotinteractableexception
E   Stacktrace:
E   0   chromedriver                        0x000000010541da84 cxxbridge1$str$ptr + 3195292
E   1   chromedriver                        0x0000000105415b4c cxxbridge1$str$ptr + 3162724
E   2   chromedriver                        0x0000000104ebf0a8 _RNvCs9NA52FrZ4pF_7___rustc35___rust_no_alloc_shim_is_unstable_v2 + 73328
E   3   chromedriver                        0x0000000104f03d3c _RNvCs9NA52FrZ4pF_7___rustc35___rust_no_alloc_shim_is_unstable_v2 + 355076
E   4   chromedriver                        0x0000000104f02354 _RNvCs9NA52FrZ4pF_7___rustc35___rust_no_alloc_shim_is_unstable_v2 + 348444
E   5   chromedriver                        0x0000000104efe934 _RNvCs9NA52FrZ4pF_7___rustc35___rust_no_alloc_shim_is_unstable_v2 + 333564
E   6   chromedriver                        0x0000000104f47030 _RNvCs9NA52FrZ4pF_7___rustc35___rust_no_alloc_shim_is_unstable_v2 + 630264
E   7   chromedriver                        0x0000000104efd434 _RNvCs9NA52FrZ4pF_7___rustc35___rust_no_alloc_shim_is_unstable_v2 + 328188
E   8   chromedriver                        0x00000001053dac40 cxxbridge1$str$ptr + 2921304
E   9   chromedriver                        0x00000001053de3b8 cxxbridge1$str$ptr + 2935504
E   10  chromedriver                        0x00000001053c10f8 cxxbridge1$str$ptr + 2816016
E   11  chromedriver                        0x00000001053dec4c cxxbridge1$str$ptr + 2937700
E   12  chromedriver                        0x00000001053b23b0 cxxbridge1$str$ptr + 2755272
E   13  chromedriver                        0x00000001054041f4 cxxbridge1$str$ptr + 3090700
E   14  chromedriver                        0x0000000105404354 cxxbridge1$str$ptr + 3091052
E   15  chromedriver                        0x00000001054157a4 cxxbridge1$str$ptr + 3161788
E   16  libsystem_pthread.dylib             0x0000000199325c08 _pthread_start + 136
E   17  libsystem_pthread.dylib             0x0000000199320ba8 thread_start + 8</error></testcase><testcase classname="tests.admin_portal.revenue_overview.test_revenue_overview.TestSingleDayMode" name="test_uncheck_single_day_reverts_to_range" time="13.646" /><testcase classname="tests.admin_portal.labor_shifts.test_labor_shifts.TestLaborShiftsNav" name="test_page_loads_at_correct_url" time="30.775" /><testcase classname="tests.admin_portal.labor_shifts.test_labor_shifts.TestLaborShiftsNav" name="test_filter_modal_auto_opens" time="31.835" /><testcase classname="tests.admin_portal.labor_shifts.test_labor_shifts.TestLaborShiftsNav" name="test_modal_contains_all_controls" time="33.067" /><testcase classname="tests.admin_portal.labor_shifts.test_labor_shifts.TestLaborShiftsNav" name="test_modal_opens_with_no_site_default" time="31.791" /><testcase classname="tests.admin_portal.labor_shifts.test_labor_shifts.TestLaborShiftsNav" name="test_apply_filters_closes_modal" time="39.387" /><testcase classname="tests.admin_portal.labor_shifts.test_labor_shifts.TestLaborShiftsNav" name="test_page_renders_widget_stack" time="35.498" /><testcase classname="tests.admin_portal.labor_shifts.test_labor_shifts.TestLaborShiftsNav" name="test_employee_summary_and_commission_visible" time="37.782" /><testcase classname="tests.admin_portal.labor_shifts.test_labor_shifts.TestLaborShiftsNav" name="test_filter_values_reflected_in_page_bar" time="37.888" /><testcase classname="tests.admin_portal.labor_shifts.test_labor_shifts.TestLaborShiftsNav" name="test_page_level_changes_do_not_reopen_modal" time="39.717" /><testcase classname="tests.admin_portal.labor_shifts.test_labor_shifts.TestLaborShiftsNav" name="test_sidebar_active_state" time="37.575"><skipped type="pytest.skip" message="Sidebar active state uses Tailwind visual-only CSS (no aria-current confirmed) — same pattern as NAV-007 in other modules. Verify via DevTools whether a semantic active attribute is set.">/Users/vk/Documents/NxtWash Automation/nxtwash-automation/tests/admin_portal/labor_shifts/test_labor_shifts.py:228: Sidebar active state uses Tailwind visual-only CSS (no aria-current confirmed) — same pattern as NAV-007 in other modules. Verify via DevTools whether a semantic active attribute is set.</skipped></testcase><testcase classname="tests.admin_portal.labor_shifts.test_labor_shifts.TestLaborShiftsNav" name="test_commission_transactions_subtitle_spelling" time="34.579"><skipped type="pytest.xfail" message="Known defect LAB-NAV-008: subtitle renders 'Commision Transactions' (missing second 'm'). Expected: 'Commission Transactions'. xfail until copy defect is fixed; auto-passes when corrected." /></testcase><testcase classname="tests.admin_portal.labor_shifts.test_labor_shifts.TestLaborShiftsSiteFilter" name="test_sites_dropdown_lists_active_sites" time="30.446" /><testcase classname="tests.admin_portal.labor_shifts.test_labor_shifts.TestLaborShiftsSiteFilter" name="test_single_site_scopes_data" time="33.602" /><testcase classname="tests.admin_portal.labor_shifts.test_labor_shifts.TestLaborShiftsSiteFilter" name="test_multi_site_aggregation" time="100.714" /><testcase classname="tests.admin_portal.labor_shifts.test_labor_shifts.TestLaborShiftsSiteFilter" name="test_multi_site_shows_chips_with_overflow" time="96.802" /><testcase classname="tests.admin_portal.labor_shifts.test_labor_shifts.TestLaborShiftsSiteFilter" name="test_selected_option_highlighted_in_dropdown" time="35.514"><skipped type="pytest.skip" message="Cannot confirm selected-option highlighting via aria-selected or class — verify React Select selected state attribute via DevTools.">/Users/vk/Documents/NxtWash Automation/nxtwash-automation/tests/admin_portal/labor_shifts/test_labor_shifts.py:365: Cannot confirm selected-option highlighting via aria-selected or class — verify React Select selected state attribute via DevTools.</skipped></testcase><testcase classname="tests.admin_portal.labor_shifts.test_labor_shifts.TestLaborShiftsSiteFilter" name="test_deselecting_site_removes_chip" time="34.809"><skipped type="pytest.skip" message="LAB-SIT-008: Selected option not found in dropdown after re-open. Dropdown may not have opened or option uses different ARIA structure. TODO: verify React Select de-select mechanism via DevTools.">/Users/vk/Documents/NxtWash Automation/nxtwash-automation/tests/admin_portal/labor_shifts/test_labor_shifts.py:399: LAB-SIT-008: Selected option not found in dropdown after re-open. Dropdown may not have opened or option uses different ARIA structure. TODO: verify React Select de-select mechanism via DevTools.</skipped></testcase><testcase classname="tests.admin_portal.labor_shifts.test_labor_shifts.TestLaborShiftsSiteFilter" name="test_chip_x_clear_returns_empty_state" time="39.133" /><testcase classname="tests.admin_portal.labor_shifts.test_labor_shifts.TestLaborShiftsSiteFilter" name="test_site_dropdown_scrollable" time="34.399" /><testcase classname="tests.admin_portal.labor_shifts.test_labor_shifts.TestLaborShiftsSiteFilter" name="test_page_level_site_refresh" time="39.406" /><testcase classname="tests.admin_portal.labor_shifts.test_labor_shifts.TestLaborShiftsSiteFilter" name="test_deactivated_sites_absent" time="34.100" /><testcase classname="tests.admin_portal.labor_shifts.test_labor_shifts.TestLaborShiftsDateFilter" name="test_date_preset_dropdown_lists_all_options" time="34.748" /><testcase classname="tests.admin_portal.labor_shifts.test_labor_shifts.TestLaborShiftsDateFilter" name="test_selecting_
[...]
rs/vk/Documents/NxtWash Automation/nxtwash-automation/tests/admin_portal/cash_report/test_cash_report.py:536: No data rows in Kiosk Balance Summary — pagination check skipped</skipped></testcase><testcase classname="tests.admin_portal.cash_report.test_cash_report.TestKioskTab" name="test_kiosk_denomination_visible" time="20.163" /><testcase classname="tests.admin_portal.cash_report.test_cash_report.TestKioskTab" name="test_kiosk_denomination_has_headers" time="0.000"><skipped type="pytest.skip" message="Manual check required — Denomination renders as chart/histogram, not HTML table; widget type unconfirmed via DevTools">/Users/vk/Documents/NxtWash Automation/nxtwash-automation/tests/admin_portal/cash_report/test_cash_report.py:550: Manual check required — Denomination renders as chart/histogram, not HTML table; widget type unconfirmed via DevTools</skipped></testcase><testcase classname="tests.admin_portal.cash_report.test_cash_report.TestKioskTab" name="test_kiosk_denomination_pagination" time="18.753"><skipped type="pytest.skip" message="No data rows in Kiosk Denomination — pagination check skipped">/Users/vk/Documents/NxtWash Automation/nxtwash-automation/tests/admin_portal/cash_report/test_cash_report.py:573: No data rows in Kiosk Denomination — pagination check skipped</skipped></testcase><testcase classname="tests.admin_portal.cash_report.test_cash_report.TestKioskTab" name="test_kiosk_transactions_visible" time="0.000"><skipped type="pytest.skip" message="Manual check required — actual Kiosk Transactions heading unconfirmed via DevTools">/Users/vk/Documents/NxtWash Automation/nxtwash-automation/tests/admin_portal/cash_report/test_cash_report.py:579: Manual check required — actual Kiosk Transactions heading unconfirmed via DevTools</skipped></testcase><testcase classname="tests.admin_portal.cash_report.test_cash_report.TestKioskTab" name="test_kiosk_transactions_has_headers" time="0.000"><skipped type="pytest.skip" message="Manual check required — depends on CSH-KSK-008 heading confirmation">/Users/vk/Documents/NxtWash Automation/nxtwash-automation/tests/admin_portal/cash_report/test_cash_report.py:588: Manual check required — depends on CSH-KSK-008 heading confirmation</skipped></testcase><testcase classname="tests.admin_portal.cash_report.test_cash_report.TestKioskTab" name="test_kiosk_transactions_pagination" time="19.665"><skipped type="pytest.skip" message="No data rows in Kiosk Transactions — pagination check skipped">/Users/vk/Documents/NxtWash Automation/nxtwash-automation/tests/admin_portal/cash_report/test_cash_report.py:611: No data rows in Kiosk Transactions — pagination check skipped</skipped></testcase><testcase classname="tests.admin_portal.cash_report.test_cash_report.TestKioskTab" name="test_kiosk_zero_data_state" time="21.656" /><testcase classname="tests.admin_portal.cash_report.test_cash_report.TestPOSTab" name="test_pos_balance_summary_visible" time="0.000"><skipped type="pytest.skip" message="Manual check required — actual POS Balance Summary heading unconfirmed via DevTools">/Users/vk/Documents/NxtWash Automation/nxtwash-automation/tests/admin_portal/cash_report/test_cash_report.py:648: Manual check required — actual POS Balance Summary heading unconfirmed via DevTools</skipped></testcase><testcase classname="tests.admin_portal.cash_report.test_cash_report.TestPOSTab" name="test_pos_balance_summary_has_headers" time="0.000"><skipped type="pytest.skip" message="Manual check required — depends on CSH-POS-001 heading confirmation">/Users/vk/Documents/NxtWash Automation/nxtwash-automation/tests/admin_portal/cash_report/test_cash_report.py:657: Manual check required — depends on CSH-POS-001 heading confirmation</skipped></testcase><testcase classname="tests.admin_portal.cash_report.test_cash_report.TestPOSTab" name="test_pos_balance_summary_pagination" time="17.740"><skipped type="pytest.skip" message="No data rows in POS Balance Summary — pagination check skipped">/Users/vk/Documents/NxtWash Automation/nxtwash-automation/tests/admin_portal/cash_report/test_cash_report.py:680: No data rows in POS Balance Summary — pagination check skipped</skipped></testcase><testcase classname="tests.admin_portal.cash_report.test_cash_report.TestPOSTab" name="test_pos_bank_drop_visible" time="0.001"><skipped type="pytest.skip" message="Manual check required — actual POS Bank Drop heading unconfirmed via DevTools">/Users/vk/Documents/NxtWash Automation/nxtwash-automation/tests/admin_portal/cash_report/test_cash_report.py:686: Manual check required — actual POS Bank Drop heading unconfirmed via DevTools</skipped></testcase><testcase classname="tests.admin_portal.cash_report.test_cash_report.TestPOSTab" name="test_pos_bank_drop_pagination" time="19.643"><skipped type="pytest.skip" message="No data rows in POS Bank Drop — pagination check skipped">/Users/vk/Documents/NxtWash Automation/nxtwash-automation/tests/admin_portal/cash_report/test_cash_report.py:701: No data rows in POS Bank Drop — pagination check skipped</skipped></testcase><testcase classname="tests.admin_portal.cash_report.test_cash_report.TestPOSTab" name="test_pos_transactions_visible" time="0.000"><skipped type="pytest.skip" message="Manual check required — actual POS Transactions heading unconfirmed via DevTools">/Users/vk/Documents/NxtWash Automation/nxtwash-automation/tests/admin_portal/cash_report/test_cash_report.py:707: Manual check required — actual POS Transactions heading unconfirmed via DevTools</skipped></testcase><testcase classname="tests.admin_portal.cash_report.test_cash_report.TestPOSTab" name="test_pos_transactions_pagination" time="18.225"><skipped type="pytest.skip" message="No data rows in POS Transactions — pagination check skipped">/Users/vk/Documents/NxtWash Automation/nxtwash-automation/tests/admin_portal/cash_report/test_cash_report.py:722: No data rows in POS Transactions — pagination check skipped</skipped></testcase><testcase classname="tests.admin_portal.cash_report.test_cash_report.TestPOSTab" name="test_pos_zero_data_state" time="18.429" /><testcase classname="tests.admin_portal.service_categories.test_service_categories_dependency" name="test_category_available_in_discount_creation" time="95.906"><failure message="selenium.common.exceptions.TimeoutException: Message:">tests/admin_portal/service_categories/test_service_categories_dependency.py:21: in test_category_available_in_discount_creation
    create_category_if_missing(browser)
tests/admin_portal/service_categories/conftest.py:40: in create_category_if_missing
    page.search_category(category_name)
pages/admin_portal/service_categories_page.py:354: in search_category
    self.wait.until(
venv/lib/python3.11/site-packages/selenium/webdriver/support/wait.py:121: in until
    raise TimeoutException(message, screen, stacktrace)
E   selenium.common.exceptions.TimeoutException: Message:</failure></testcase><testcase classname="tests.admin_portal.service_categories.test_service_categories_dependency" name="test_rename_category_linked_to_discount" time="0.000"><skipped type="pytest.skip" message="Needs a stable cross-module fixture that links a specific category to a discount. Deferred until single-module SC coverage is solid.">/Users/vk/Documents/NxtWash Automation/nxtwash-automation/tests/admin_portal/service_categories/test_service_categories_dependency.py:36: Needs a stable cross-module fixture that links a specific category to a discount. Deferred until single-module SC coverage is solid.</skipped></testcase><testcase classname="tests.admin_portal.service_categories.test_service_categories_dependency" name="test_deactivate_category_used_by_discount" time="0.000"><skipped type="pytest.skip" message="Needs controlled discount data linked to a specific service category. Deferred until single-module SC coverage is solid.">/Users/vk/Documents/NxtWash Automation/nxtwash-automation/tests/admin_portal/service_categories/test_service_categories_dependency.py:48: Needs controlled discount data linked to a specific service category. Deferred until single-module SC coverage is solid.</skipped></testcase><testcase classname="tests.admin_portal.service_categories.test_service_categories_dependency" name="test_category_available_assigning_services" time="0.000"><skipped type="pytest.skip" message="Services module not yet automated. Deferred.">/Users/vk/Documents/NxtWash Automation/nxtwash-automation/tests/admin_portal/service_categories/test_service_categories_dependency.py:60: Services module not yet automated. Deferred.</skipped></testcase><testcase classname="tests.admin_portal.service_categories.test_service_categories_dependency" name="test_rename_category_with_assigned_services" time="0.000"><skipped type="pytest.skip" message="Services module not yet automated. Deferred.">/Users/vk/Documents/NxtWash Automation/nxtwash-automation/tests/admin_portal/service_categories/test_service_categories_dependency.py:67: Services module not yet automated. Deferred.</skipped></testcase><testcase classname="tests.admin_portal.service_categories.test_service_categories_edge_cases" name="test_service_category_long_name_does_not_break_form" time="13.632" /><testcase classname="tests.admin_portal.service_categories.test_service_categories_edge_cases" name="test_activate_deactivate_activate_cycle" time="34.452"><skipped type="pytest.xfail" message="Headless post-save/navigation timeout (grid/iframe re-render race); reproduces locally. Pending individual fix — see docs/admin_test_burndown.md" /></testcase><testcase classname="tests.admin_portal.service_categories.test_service_categories_edge_cases" name="test_edit_inactive_category_saves_changes" time="32.525"><skipped type="pytest.xfail" message="Headless post-save/navigation timeout (grid/iframe re-render race); reproduces locally. Pending individual fix — see docs/admin_test_burndown.md" /></testcase><testcase classname="tests.admin_portal.service_categories.test_service_categories_edge_cases" name="test_deactivated_category_findable_via_filter" time="32.451"><skipped type="pytest.xfail" message="Headless post-save/navigation timeout (grid/iframe re-render race); reproduces locally. Pending individual fix — see docs/admin_test_burndown.md" /></testcase><testcase classname="tests.admin_portal.service_categories.test_service_categories_edge_cases" name="test_cancel_add_new_does_not_create_category" time="76.641" /><testcase classname="tests.admin_portal.service_categories.test_service_categories_edge_cases" name="test_cancel_edit_does_not_save_changes" time="32.505"><failure message="selenium.common.exceptions.TimeoutException: Message:">tests/admin_portal/service_categories/test_service_categories_edge_cases.py:129: in test_cancel_edit_does_not_save_changes
    page.open_edit_category(CATEGORY_NAME)
pages/admin_portal/service_categories_page.py:329: in open_edit_category
    self.search_category(category_name)
pages/admin_portal/service_categories_page.py:354: in search_category
    self.wait.until(
venv/lib/python3.11/site-packages/selenium/webdriver/support/wait.py:121: in until
    raise TimeoutException(message, screen, stacktrace)
E   selenium.common.exceptions.TimeoutException: Message:</failure></testcase><testcase classname="tests.admin_portal.service_categories.test_service_categories_edit" name="test_edit_service_category_name_and_restore" time="53.126"><skipped type="pytest.xfail" message="Headless post-save/navigation timeout (grid/iframe re-render race); reproduces locally. Pending individual fix — see docs/admin_test_burndown.md" /></testcase><testcase classname="tests.admin_portal.service_categories.test_service_categories_filter" name="test_filter_active_categories_shows_active" time="35.100" /><testcase classname="tests.admin_portal.service_categories.test_service_categories_filter" name="test_filter_inactive_categories_shows_inactive" time="99.060"><skipped type="pytest.xfail" message="Headless post-save/navigation timeout (grid/iframe re-render race); reproduces locally. Pending individual fix — see docs/admin_test_burndown.md" /></testcase><testcase classname="tests.admin_portal.service_categories.test_service_categories_filter" name="test_export_button_is_clickable" time="14.970" /><testcase classname="tests.admin_portal.service_categories.test_service_categories_filter" name="test_reset_active_filter_restores_full_grid" time="53.666" /><testcase classname="tests.admin_portal.service_categories.test_service_categories_managed" name="test_managed_category_provided_at_baseline" time="38.248"><skipped type="pytest.xfail" message="Headless post-save/navigation timeout (grid/iframe re-render race); reproduces locally. Pending individual fix — see docs/admin_test_burndown.md" /></testcase><testcase classname="tests.admin_portal.service_categories.test_service_categories_managed" name="test_managed_category_rename_is_reset_on_teardown" time="32.143"><skipped type="pytest.xfail" message="Headless post-save/navigation timeout (grid/iframe re-render race); reproduces locally. Pending individual fix — see docs/admin_test_burndown.md" /></testcase><testcase classname="tests.admin_portal.service_categories.test_service_categories_negative" name="test_service_category_required_name_validation" time="11.912" /><testcase classname="tests.admin_portal.service_categories.test_service_categories_negative" name="test_create_duplicate_category_is_blocked" time="14.548" /><testcase classname="tests.admin_portal.service_categories.test_service_categories_negative" name="test_create_category_exceeding_max_length" time="11.791" /><testcase classname="tests.admin_portal.service_categories.test_service_categories_negative" name="test_create_category_with_whitespace_name" time="12.972" /><testcase classname="tests.admin_portal.service_categories.test_service_categories_negative" name="test_missing_service_category_is_not_returned" time="14.600" /><testcase classname="tests.admin_portal.service_categories.test_service_categories_negative" name="test_create_service_category_is_idempotent" time="30.973"><failure message="selenium.common.exceptions.TimeoutException: Message:">tests/admin_portal/service_categories/test_service_categories_negative.py:107: in test_create_service_category_is_idempotent
    page.search_category(CATEGORY_NAME)
pages/admin_portal/service_categories_page.py:354: in search_category
    self.wait.until(
venv/lib/python3.11/site-packages/selenium/webdriver/support/wait.py:121: in until
    raise TimeoutException(message, screen, stacktrace)
E   selenium.common.exceptions.TimeoutException: Message:</failure></testcase><testcase classname="tests.admin_portal.service_categories.test_service_categories_positive" name="test_create_active_service_category" time="55.642"><failure message="selenium.common.exceptions.TimeoutException: Message:">tests/admin_portal/service_categories/test_service_categories_positive.py:28: in test_create_active_service_category
    page.search_category(CATEGORY_NAME)
pages/admin_portal/service_categories_page.py:354: in search_category
    self.wait.until(
venv/lib/python3.11/site-packages/selenium/webdriver/support/wait.py:121: in until
    raise TimeoutException(message, screen, stacktrace)
E   selenium.common.exceptions.TimeoutException: Message:</failure></testcase><testcase classname="tests.admin_portal.service_categories.test_service_categories_positive" name="test_create_inactive_service_category" time="98.517"><failure message="selenium.common.exceptions.TimeoutException: Message:">tests/admin_portal/service_categories/test_service_categories_positive.py:42: in test_create_inactive_service_category
    page.open_edit_category(INACTIVE_CATEGORY_NAME)
pages/admin_portal/service_categories_page.py:329: in open_edit_category
    self.search_category(category_name)
pages/admin_portal/service_categories_page.py:354: in search_category
    self.wait.until(
venv/lib/python3.11/site-packages/selenium/webdriver/support/wait.py:121: in until
    raise TimeoutException(message, screen, stacktrace)
E   selenium.common.exceptions.TimeoutException: Message:</failure></testcase><testcase classname="tests.admin_portal.service_categories.test_service_categories_positive" name="test_edit_service_category_name" time="0.002"><skipped type="pytest.skip" message="needs_inspection: wait_for_list_loaded() times out after click_save_changes() — app no longer auto-redirects to list after save; check what URL/state the edit form navigates to on staging">/Users/vk/Documents/NxtWash Automation/nxtwash-automation/tests/admin_portal/service_categories/test_service_categories_positive.py:49: needs_inspection: wait_for_list_loaded() times out after click_save_changes() — app no longer auto-redirects to list after save; check what URL/state the edit form navigates to on staging</skipped></testcase><testcase classname="tests.admin_portal.service_categories.test_service_categories_positive" name="test_activate_service_category" time="0.001"><skipped type="pytest.skip" message="needs_inspection: wait_for_list_loaded() times out after click_save_changes() — same post-save redirect issue as test_edit_service_category_name">/Users/vk/Documents/NxtWash Automation/nxtwash-automation/tests/admin_portal/service_categories/test_service_categories_positive.py:69: needs_inspection: wait_for_list_loaded() times out after click_save_changes() — same post-save redirect issue as test_edit_service_category_name</skipped></testcase><testcase classname="tests.admin_portal.service_categories.test_service_categories_positive" name="test_deactivate_service_category" time="0.000"><skipped type="pytest.skip" message="needs_inspection: wait_for_list_loaded() times out after click_save_changes() — same post-save redirect issue as test_edit_service_category_name">/Users/vk/Documents/NxtWash Automation/nxtwash-automation/tests/admin_portal/service_categories/test_service_categories_positive.py:94: needs_inspection: wait_for_list_loaded() times out after click_save_changes() — same post-save redirect issue as test_edit_service_category_name</skipped></testcase><testcase classname="tests.admin_portal.service_categories.test_service_categories_positive" name="test_service_category_settings_persist" time="34.497"><skipped type="pytest.xfail" message="Headless post-save/navigation timeout (grid/iframe re-render race); reproduces locally. Pending individual fix — see docs/admin_test_burndown.md" /></testcase><testcase classname="tests.admin_portal.service_categories.test_service_categories_search_filter" name="test_service_categories_search_variants_and_clear" time="31.329"><failure message="selenium.common.exceptions.TimeoutException: Message:">tests/admin_portal/service_categories/test_service_categories_search_filter.py:32: in test_service_categories_search_variants_and_clear
    page.search_category(CATEGORY_NAME)
pages/admin_portal/service_categories_page.py:354: in search_category
    self.wait.until(
venv/lib/python3.11/site-packages/selenium/webdriver/support/wait.py:121: in until
    raise TimeoutException(message, screen, stacktrace)
E   selenium.common.exceptions.TimeoutException: Message:</failure></testcase><testcase classname="tests.admin_portal.service_categories.test_service_categories_search_filter" name="test_service_categories_special_character_search_stays_usable" time="9.367" /><testcase classname="tests.admin_portal.service_categories.test_service_categories_ui" name="test_service_categories_list_shell_controls_and_grid" time="17.469" /><testcase classname="tests.admin_portal.service_categories.test_service_categories_ui" name="test_add_service_category_form_controls" time="12.596" /><testcase classname="tests.admin_portal.service_categories.test_service_categories_validation" name="test_service_category_required_name_validation" time="15.855" /><testcase classname="tests.admin_portal.service_categories.test_service_categories_validation" name="test_service_category_blank_required_form_stays_on_form" time="13.289" /></testsuite></testsuites>