<?xml version="1.0" encoding="utf-8"?><testsuites name="pytest tests"><testsuite name="pytest" errors="24" failures="18" skipped="144" tests="583" time="16149.911" timestamp="2026-07-28T14:40:50.011951+05:30" hostname="VKs-MacBook-Pro.local"><testcase classname="tests.admin_portal.transactions.test_transactions.TestTransactionsNav" name="test_page_loads_at_expected_url" time="14.341" /><testcase classname="tests.admin_portal.transactions.test_transactions.TestTransactionsNav" name="test_page_title_visible" time="16.517" /><testcase classname="tests.admin_portal.transactions.test_transactions.TestTransactionsNav" name="test_export_icon_visible" time="33.470" /><testcase classname="tests.admin_portal.transactions.test_transactions.TestTransactionsNav" name="test_filter_by_button_visible" time="18.737" /><testcase classname="tests.admin_portal.transactions.test_transactions.TestTransactionsTable" name="test_column_header_present[TRN-TBL-001-Invoice number]" time="28.505" /><testcase classname="tests.admin_portal.transactions.test_transactions.TestTransactionsTable" name="test_column_header_present[TRN-TBL-001-License plate]" time="17.630" /><testcase classname="tests.admin_portal.transactions.test_transactions.TestTransactionsTable" name="test_column_header_present[TRN-TBL-001-RFID]" time="19.543" /><testcase classname="tests.admin_portal.transactions.test_transactions.TestTransactionsTable" name="test_column_header_present[TRN-TBL-001-Site name]" time="18.203" /><testcase classname="tests.admin_portal.transactions.test_transactions.TestTransactionsTable" name="test_column_header_present[TRN-TBL-001-Transaction date/time]" time="20.171" /><testcase classname="tests.admin_portal.transactions.test_transactions.TestTransactionsTable" name="test_column_header_present[TRN-TBL-001-Customer name]" time="29.221" /><testcase classname="tests.admin_portal.transactions.test_transactions.TestTransactionsTable" name="test_column_header_present[TRN-TBL-001-Service]" time="23.464" /><testcase classname="tests.admin_portal.transactions.test_transactions.TestTransactionsTable" name="test_column_header_present[TRN-TBL-001-Discount]" time="17.373" /><testcase classname="tests.admin_portal.transactions.test_transactions.TestTransactionsTable" name="test_column_header_present[TRN-TBL-001-Tax]" time="39.250" /><testcase classname="tests.admin_portal.transactions.test_transactions.TestTransactionsTable" name="test_column_header_present[TRN-TBL-001-PIF]" time="17.510" /><testcase classname="tests.admin_portal.transactions.test_transactions.TestTransactionsTable" name="test_column_header_present[TRN-TBL-001-Surcharge]" time="12.410" /><testcase classname="tests.admin_portal.transactions.test_transactions.TestTransactionsTable" name="test_column_header_present[TRN-TBL-001-Total amount]" time="18.133" /><testcase classname="tests.admin_portal.transactions.test_transactions.TestTransactionsTable" name="test_column_header_present[TRN-TBL-001-Payment mode]" time="17.631" /><testcase classname="tests.admin_portal.transactions.test_transactions.TestTransactionsTable" name="test_column_header_present[TRN-TBL-001-CC type]" time="17.763" /><testcase classname="tests.admin_portal.transactions.test_transactions.TestTransactionsTable" name="test_column_header_present[TRN-TBL-001-Transaction source0]" time="24.192" /><testcase classname="tests.admin_portal.transactions.test_transactions.TestTransactionsTable" name="test_column_header_present[TRN-TBL-001-Transaction source1]" time="22.685" /><testcase classname="tests.admin_portal.transactions.test_transactions.TestTransactionsTable" name="test_column_header_present[TRN-TBL-001-Sale Type]" time="18.256" /><testcase classname="tests.admin_portal.transactions.test_transactions.TestTransactionsTable" name="test_column_header_present[TRN-TBL-001-Payment status]" time="18.765" /><testcase classname="tests.admin_portal.transactions.test_transactions.TestTransactionsTable" name="test_table_has_rows" time="22.605" /><testcase classname="tests.admin_portal.transactions.test_transactions.TestTransactionsTable" name="test_table_has_horizontal_scroll" time="21.186" /><testcase classname="tests.admin_portal.transactions.test_transactions.TestTransactionsTable" name="test_pagination_present" time="16.220" /><testcase classname="tests.admin_portal.transactions.test_transactions.TestTransactionsTable" name="test_record_count_displayed" time="11.967" /><testcase classname="tests.admin_portal.transactions.test_transactions.TestTransactionsTable" name="test_invoice_number_is_link" time="12.466" /><testcase classname="tests.admin_portal.transactions.test_transactions.TestTransactionsTable" name="test_full_info_link_present" time="21.136" /><testcase classname="tests.admin_portal.transactions.test_transactions.TestTransactionsTable" name="test_default_date_preset_is_this_month" time="14.926" /><testcase classname="tests.admin_portal.transactions.test_transactions.TestTransactionsRowInteraction" name="test_row_highlights_on_click" time="0.005"><skipped type="pytest.skip" message="Not a product feature: row highlight is not implemented. Navigation to detail is via the invoice number (opens new tab).">/Users/vk/Documents/NxtWash Automation/nxtwash-automation/tests/admin_portal/transactions/test_transactions.py:200: Not a product feature: row highlight is not implemented. Navigation to detail is via the invoice number (opens new tab).</skipped></testcase><testcase classname="tests.admin_portal.transactions.test_transactions.TestTransactionsRowInteraction" name="test_navigation_to_detail_page[TRN-SEL-002]" time="28.110" /><testcase classname="tests.admin_portal.transactions.test_transactions.TestTransactionsRowInteraction" name="test_navigation_to_detail_page[TRN-TBL-008]" time="20.550" /><testcase classname="tests.admin_portal.transactions.test_transactions.TestTransactionsExport" name="test_export_modal_opens" time="36.163" /><testcase classname="tests.admin_portal.transactions.test_transactions.TestTransactionsExport" name="test_export_format_selector" time="15.117" /><testcase classname="tests.admin_portal.transactions.test_transactions.TestTransactionsExport" name="test_export_column_toggle_present[TRN-EXP-003-Invoice number]" time="0.001"><skipped type="pytest.skip" message="Manual: export column toggles use a custom React component whose DOM structure is unresolved — get_export_column_toggle_labels() returns []. Verify manually: open Export modal → confirm each column toggle is present.">/Users/vk/Documents/NxtWash Automation/nxtwash-automation/tests/admin_portal/transactions/test_transactions.py:249: Manual: export column toggles use a custom React component whose DOM structure is unresolved — get_export_column_toggle_labels() returns []. Verify manually: open Export modal → confirm each column toggle is present.</skipped></testcase><testcase classname="tests.admin_portal.transactions.test_transactions.TestTransactionsExport" name="test_export_column_toggle_present[TRN-EXP-003-License plate]" time="0.000"><skipped type="pytest.skip" message="Manual: export column toggles use a custom React component whose DOM structure is unresolved — get_export_column_toggle_labels() returns []. Verify manually: open Export modal → confirm each column toggle is present.">/Users/vk/Documents/NxtWash Automation/nxtwash-automation/tests/admin_portal/transactions/test_transactions.py:249: Manual: export column toggles use a custom React component whose DOM structure is unresolved — get_export_column_toggle_labels() returns []. Verify manually: open Export modal → confirm each column toggle is present.</skipped></testcase><testcase classname="tests.admin_portal.transactions.test_transactions.TestTransactionsExport" name="test_export_column_toggle_present[TRN-EXP-003-RFID]" time="0.000"><skipped type="pytest.skip" message="Manual: export column toggles use a custom React component whose DOM structure is unresolved — get_export_column_toggle_labels() returns []. Verify manually: open Export modal → confirm each column toggle is present.">/Users/vk/Documents/NxtWash Automation/nxtwash-automation/tests/admin_portal/transactions/test_transactions.py:249: Manual: export column toggles use a custom React component whose DOM structure is unresolved — get_export_column_toggle_labels() returns []. Verify manually: open Export modal → confirm each column toggle is present.</skipped></testcase><testcase classname="tests.admin_portal.transactions.test_transactions.TestTransactionsExport" name="test_export_column_toggle_present[TRN-EXP-003-Site name0]" time="0.001"><skipped type="pytest.skip" message="Manual: export column toggles use a custom React component whose DOM structure is unresolved — get_export_column_toggle_labels() returns []. Verify manually: open Export modal → confirm each column toggle is present.">/Users/vk/Documents/NxtWash Automation/nxtwash-automation/tests/admin_portal/transactions/test_transactions.py:249: Manual: export column toggles use a custom React component whose DOM structure is unresolved — get_export_column_toggle_labels() returns []. Verify manually: open Export modal → confirm each column toggle is present.</skipped></testcase><testcase classname="tests.admin_portal.transactions.test_transactions.TestTransactionsExport" name="test_export_column_toggle_present[TRN-EXP-003-Lane name]" time="0.000"><skipped type="pytest.skip" message="Manual: export column toggles use a custom React component whose DOM structure is unresolved — get_export_column_toggle_labels() returns []. Verify manually: open Export modal → confirm each column toggle is present.">/Users/vk/Documents/NxtWash Automation/nxtwash-automation/tests/admin_portal/transactions/test_transactions.py:249: Manual: export column toggles use a custom React component whose DOM structure is unresolved — get_export_column_toggle_labels() returns []. Verify manually: open Export modal → confirm each column toggle is present.</skipped></testcase><testcase classname="tests.admin_portal.transactions.test_transactions.TestTransactionsExport" name="test_export_column_toggle_present[TRN-EXP-003-Transaction date/time]" time="0.000"><skipped type="pytest.skip" message="Manual: export column toggles use a custom React component whose DOM structure is unresolved — get_export_column_toggle_labels() returns []. Verify manually: open Export modal → confirm each column toggle is present.">/Users/vk/Documents/NxtWash Automation/nxtwash-automation/tests/admin_portal/transactions/test_transactions.py:249: Manual: export column toggles use a custom React component whose DOM structure is unresolved — get_export_column_toggle_labels() returns []. Verify manually: open Export modal → confirm each column toggle is present.</skipped></testcase><testcase classname="tests.admin_portal.transactions.test_transactions.TestTransactionsExport" name="test_export_column_toggle_present[TRN-EXP-003-Customer name]" time="0.000"><skipped type="pytest.skip" message="Manual: export column toggles use a custom React component whose DOM structure is unresolved — get_export_column_toggle_labels() returns []. Verify manually: open Export modal → confirm each column toggle is present.">/Users/vk/Documents/NxtWash Automation/nxtwash-automation/tests/admin_portal/transactions/test_transactions.py:249: Manual: export column toggles use a custom React component whose DOM structure is unresolved — get_export_column_toggle_labels() returns []. Verify manually: open Export modal → confirm each column toggle is present.</skipped></testcase><testcase classname="tests.admin_portal.transactions.test_transactions.TestTransactionsExport" name="test_export_column_toggle_present[TRN-EXP-003-Service]" time="0.000"><skipped type="pytest.skip" message="Manual: export column toggles use a custom React component whose DOM structure is unresolved — get_export_column_toggle_labels() returns []. Verify manually: open Export modal → confirm each column toggle is present.">/Users/vk/Documents/NxtWash Automation/nxtwash-automation/tests/admin_portal/transactions/test_transactions.py:249: Manual: export column toggles use a custom React component whose DOM structure is unresolved — get_export_column_toggle_labels() returns []. Verify manually: open Export modal → confirm each column toggle is present.</skipped></testcase><testcase classname="tests.admin_portal.transactions.test_transactions.TestTransactionsExport" name="test_export_column_toggle_present[TRN-EXP-003-Discount]" time="0.000"><skipped type="pytest.skip" message="Manual: export column toggles use a custom React component whose DOM structure is unresolved — get_export_column_toggle_labels() returns []. Verify manually: open Export modal → confirm each column toggle is present.">/Users/vk/Documents/NxtWash Automation/nxtwash-automation/tests/admin_portal/transactions/test_transactions.py:249: Manual: export column toggles use a custom React component whose DOM structure is unresolved — get_export_column_toggle_labels() returns []. Verify manually: open Export modal → confirm each column toggle is present.</skipped></testcase><testcase classname="tests.admin_portal.transactions.test_transactions.TestTransactionsExport" name="test_export_column_toggle_present[TRN-EXP-003-Tax]" time="0.000"><skipped type="pytest.skip" message="Manual: export column toggles use a custom React component whose DOM structure is unresolved — get_export_column_toggle_labels() returns []. Verify manually: open Export modal → confirm each column toggle is present.">/Users/vk/Documents/NxtWash Automation/nxtwash-automation/tests/admin_portal/transactions/test_transactions.py:249: Manual: export column toggles use a custom React component whose DOM structure is unresolved — get_export_column_toggle_labels() returns []. Verify manually: open Export modal → confirm each column toggle is present.</skipped></testcase><testcase classname="tests.admin_portal.transactions.test_transactions.TestTransactionsExport" name="test_export_column_toggle_present[TRN-EXP-003-PIF]" time="0.000"><skipped type="pytest.skip" message="Manual: export column toggles use a custom React component whose DOM structure is unresolved — get_export_column_toggle_labels() returns []. Verify manually: open Export modal → confirm each column toggle is present.">/Users/vk/Documents/NxtWash Automation/nxtwash-automation/tests/admin_portal/transactions/test_transactions.py:249: Manual: export column toggles use a custom React component whose DOM structure is unresolved — get_export_column_toggle_labels() returns []. Verify manually: open Export modal → confirm each column toggle is present.</skipped></testcase><testcase classname="tests.admin_portal.transactions.test_transactions.TestTransactionsExport" name="test_export_column_toggle_present[TRN-EXP-003-Surcharge]" time="0.000"><skipped type="pytest.skip" message="Manual: export column toggles use a custom React component whose DOM structure is unresolved — get_export_column_toggle_labels() returns []. Verify manually: open Export modal → confirm each column toggle is present.">/Users/vk/Documents/NxtWash Automation/nxtwash-automation/tests/admin_portal/transactions/test_transactions.py:249: Manual: export column toggles use a custom React component whose DOM structure is unresolved — get_export_column_toggle_labels() returns []. Verify manually: open Export modal → confirm each column toggle is present.</skipped></testcase><testcase classname="tests.admin_portal.transactions.test_transactions.TestTransactionsExport" name="test_export_column_toggle_present[TRN-EXP-003-Total amount]" time="0.000"><skipped type="pytest.skip" message="Manual: export column toggles use a custom React component whose DOM structure is unresolved — get_export_column_toggle_labels() returns []. Verify manually: open Export modal → confirm each column toggle is present.">/Users/vk/Documents/NxtWash Automation/nxtwash-automation/tests/admin_portal/transactions/test_transactions.py:249: Manual: export column toggles use a custom React component whose DOM structure is unresolved — get_export_column_toggle_labels() returns []. Verify manually: open Export modal → confirm each column toggle is present.</skipped></testcase><testcase classname="tests.admin_portal.transactions.test_transactions.TestTransactionsExport" name="test_export_column_toggle_present[TRN-EXP-003-Payment mode]" time="0.000"><skipped type="pytest.skip" message="Manual: export column toggles use a custom React component whose DOM structure is unresolved — get_export_column_toggle_labels() returns []. Verify manually: open Export modal → confirm each column toggle is present.">/Users/vk/Documents/NxtWash Automation/nxtwash-automation/tests/admin_portal/transactions/test_transactions.py:249: Manual: export column toggles use a custom React component whose DOM structure is unresolved — get_export_column_toggle_labels() returns []. Verify manually: open Export modal → confirm each column toggle is present.</skipped></testcase><testcase classname="tests.admin_portal.transactions.test_transactions.TestTransactionsExport" name="test_export_column_toggle_present[TRN-EXP-003-CC type]" time="0.000"><skipped type="pytest.skip" message="Manual: export column toggles use a custom React component whose DOM structure is unresolved — get_export_column_toggle_labels() returns []. Verify manually: open Export modal → confirm each column toggle is present.">/Users/vk/Documents/NxtWash Automation/nxtwash-automation/tests/admin_portal/transactions/test_transactions.py:249: Manual: export column toggles use a custom React component whose DOM structure is unresolved — get_export_column_toggle_labels() returns []. Verify manually: open Export modal → confirm each column toggle is present.</skipped></testcase><testcase classname="tests.admin_portal.transactions.test_transactions.TestTransactionsExport" name="test_export_column_toggle_present[TRN-EXP-003-Transaction source0]" time="0.000"><skipped type="pytest.skip" message="Manual: export column toggles use a custom React component whose DOM structure is unresolved — get_export_column_toggle_labels() returns []. Verify manually: open Export modal → confirm each column toggle is present.">/Users/vk/Documents/NxtWash Automation/nxtwash-automation/tests/admin_portal/transactions/test_transactions.py:249: Manual: export column toggles use a custom React component whose DOM structure is unresolved — get_export_column_toggle_labels() returns []. Verify manually: open Export modal → confirm each column toggle is present.</skipped></testcase><testcase classname="tests.admin_portal.transactions.test_transactions.TestTransactionsExport" name="test_export_column_toggle_present[TRN-EXP-003-Transaction source1]" time="0.000"><skipped type="pytest.skip" message="Manual: export column toggles use a custom React component whose DOM structure is unresolved — get_export_column_toggle_labels() returns []. Verify manually: open Export modal → confirm each column toggle is present.">/Users/vk/Documents/NxtWash Automation/nxtwash-automation/tests/admin_portal/transactions/test_transactions.py:249: Manual: export column toggles use a custom React component whose DOM structure is unresolved — get_export_column_toggle_labels() returns []. Verify manually: open Export modal → confirm each column toggle is present.</skipped></testcase><testcase classname="tests.admin_portal.transactions.test_transactions.TestTransactionsExport" name="test_export_column_toggle_present[TRN-EXP-003-Sale Type]" time="0.000"><skipped type="pytest.skip" message="Manual: export column toggles use a custom React component whose DOM structure is unresolved — get_export_column_toggle_labels() returns []. Verify manually: open Export modal → confirm each column toggle is present.">/Users/vk/Documents/NxtWash Automation/nxtwash-automation/tests/admin_portal/transactions/test_transactions.py:249: Manual: export column toggles use a custom React component whose DOM structure is unresolved — get_export_column_toggle_labels() returns []. Verify manually: open Export modal → confirm each column toggle is present.</skipped></testcase><testcase classname="tests.admin_portal.transactions.test_transactions.TestTransactionsExport" name="test_export_column_toggle_present[TRN-EXP-003-Payment status]" time="0.000"><skipped type="pytest.skip" message="Manual: export column toggles use a custom React component whose DOM structure is unresolved — get_export_column_toggle_labels() returns []. Verify manually: open Export modal → confirm each column toggle is present.">/Users/vk/Documents/NxtWash Automation/nxtwash-automation/tests/admin_portal/transactions/test_transactions.py:249: Manual: export column toggles use a custom React component whose DOM structure is unresolved — get_export_column_toggle_labels() returns []. Verify manually: open Export modal → confirm each column toggle is present.</skipped></testcase><testcase classname="tests.admin_portal.transactions.test_transactions.TestTransactionsExport" name="test_export_column_toggle_present[TRN-EXP-003-Image URL]" time="0.000"><skipped type="pytest.skip" message="Manual: export column toggles use a custom React component whose DOM structure is unresolved — get_export_column_toggle_labels() returns []. Verify manually: open Export modal → confirm each column toggle is present.">/Users/vk/Documents/NxtWash Automation/nxtwash-automation/tests/admin_portal/transactions/test_transactions.py:249: Manual: export column toggles use a custom React component whose DOM structure is unresolved — get_export_column_toggle_labels() returns []. Verify manually: open Export modal → confirm each column toggle is present.</skipped></testcase><testcase classname="tests.admin_portal.transactions.test_transactions.TestTransactionsExport" name="test_export_column_toggle_present[TRN-EXP-003-Make]" time="0.000"><skipped type="pytest.skip" message="Manual: export column toggles use a custom React component whose DOM structure is unresolved — get_export_column_toggle_labels() returns []. Verify manually: open Export modal → confirm each column toggle is present.">/Users/vk/Documents/NxtWash Automation/nxtwash-automation/tests/admin_portal/transactions/test_transactions.py:249: Manual: export column toggles use a custom React component whose DOM structure is unresolved — get_export_column_toggle_labels() returns []. Verify manually: open Export modal → confirm each column toggle is present.</skipped></testcase><testcase classname="tests.admin_portal.transactions.test_transactions.TestTransactionsExport" name="test_export_column_toggle_present[TRN-EXP-003-Model]" time="0.000"><skipped type="pytest.skip" message="Manual: export column toggles use a custom React component whose DOM structure is unresolved — get_export_column_toggle_labels() returns []. Verify manually: open Export modal → confirm each column toggle is present.">/Users/vk/Documents/NxtWash Automation/nxtwash-automation/tests/admin_portal/transactions/test_transactions.py:249: Manual: export column toggles use a custom React component whose DOM structure is unresolved — get_export_column_toggle_labels() returns []. Verify manually: open Export modal → confirm each column toggle is present.</skipped></testcase><testcase classname="tests.admin_portal.transactions.test_transactions.TestTransactionsExport" name="test_export_column_toggle_present[TRN-EXP-003-Color]" time="0.000"><skipped type="pytest.skip" message="Manual: export column toggles use a custom React component whose DOM structure is unresolved — get_export_column_toggle_labels() returns []. Verify manually: open Export modal → confirm each column toggle is present.">/Users/vk/Documents/NxtWash Automation/nxtwash-automation/tests/admin_portal/transactions/test_transactions.py:249: Manual: export column toggles use a custom React component whose DOM structure is unresolved — get_export_column_toggle_labels() returns []. Verify manually: open Export modal → confirm each column toggle is present.</skipped></testcase><testcase classname="tests.admin_portal.transactions.test_transactions.TestTransactionsExport" name="test_export_column_toggle_present[TRN-EXP-003-Site name1]" time="0.000"><skipped type="pytest.skip" message="Manual: export column toggles use a custom React component whose DOM structure is unresolved — get_export_column_toggle_labels() returns []. Verify manually: open Export modal → confirm each column toggle is present.">/Users/vk/Documents/NxtWash Automation/nxtwash-automation/tests/admin_portal/transactions/test_transactions.py:249: Manual: export column toggles use a custom React component whose DOM structure is unresolved — get_export_column_toggle_labels() returns []. Verify manually: open Export modal → confirm each column toggle is present.</skipped></testcase><testcase classname="tests.admin_portal.transactions.test_transactions.TestTransactionsExport" name="test_export_column_toggle_present[TRN-EXP-003-Total records]" time="0.000"><skipped type="pytest.skip" message="Manual: export column toggles use a custom React component whose DOM structure is unresolved — get_export_column_toggle_labels() returns []. Verify manually: open Export modal → confirm each column toggle is present.">/Users/vk/Documents/NxtWash Automation/nxtwash-automation/tests/admin_portal/transactions/test_transactions.py:249: Manual: export column toggles use a custom React component whose DOM structure is unresolved — get_export_column_toggle_labels() returns []. Verify manually: open Export modal → confirm each column toggle is present.</skipped></testcase><testcase classname="tests.admin_portal.transactions.test_transactions.TestTransactionsExport" name="test_export_site_name_duplicate" time="0.000"><skipped type="pytest.skip" message="Manual: depends on export column toggle locator (same blocker as EXP-003). Verify manually: open Export modal → confirm 'Site name' appears twice.">/Users/vk/Documents/NxtWash Automation/nxtwash-automation/tests/admin_portal/transactions/test_transactions.py:265: Manual: depends on export column toggle locator (same blocker as EXP-003). Verify manually: open Export modal → confirm 'Site name' appears twice.</skipped></testcase><testcase classname="tests.admin_portal.transactions.test_transactions.TestTransactionsExport" name="test_export_column_default_states" time="0.000"><skipped type="pytest.skip" message="Manual: depends on export column toggle locator (same blocker as EXP-003). Verify manually: open Export modal → confirm Lane name, Image URL, Make, Model, Color, Total records are toggled OFF by default.">/Users/vk/Documents/NxtWash Automation/nxtwash-automation/tests/admin_portal/transactions/test_transactions.py:277: Manual: depends on export column toggle locator (same blocker as EXP-003). Verify manually: open Export modal → confirm Lane name, Image URL, Make, Model, Color, Total records are toggled OFF by default.</skipped></testcase><testcase classname="tests.admin_portal.transactions.test_transactions.TestTransactionsExport" name="test_export_button_present" time="15.090" /><testcase classname="tests.admin_portal.transactions.test_transactions.TestTransactionsFilterPanel" name="test_filter_panel_opens" time="23.747" /><testcase classname="tests.admin_portal.transactions.test_transactions.TestTransactionsFilterPanel" name="test_filter_panel_structure" time="20.384" /><testcase classname="tests.admin_portal.transactions.test_transactions.TestTransactionsFilterPanel" name="test_filter_tab_present[TRN-FLT-003-Date &amp; Location]" time="28.865" /><testcase classname="tests.admin_portal.transactions.test_transactions.TestTransactionsFilterPanel" name="test_filter_tab_present[TRN-FLT-003-Transaction]" time="20.820" /><testcase classname="tests.admin_portal.transactions.test_transactions.TestTransactionsFilterPanel" name="test_filter_tab_present[TRN-FLT-003-Payment]" time="25.539" /><testcase classname="tests.admin_portal.transactions.test_transactions.TestTransactionsFilterPanel" name="test_filter_tab_present[TRN-FLT-003-Customer]" time="22.630" /><testcase classname="tests.admin_portal.transactions.test_transactions.TestTransactionsFilterPanel" name="test_filter_tab_present[TRN-FLT-003-Membership]" time="24.134" /><testcase classname="tests.admin_portal.transactions.test_transactions.TestTransactionsFilterPanel" name="test_filter_tab_present[TRN-FLT-003-Promotions]" time="20.483" /><testcase classname="tests.admin_portal.transactions.test_transactions.TestTransactionsFilterPanel" name="test_filter_tab_present[TRN-FLT-003-Gift cards]" time="21.131" /><testcase classname="tests.admin_portal.transactions.test_transactions.TestTransactionsFilterPanel" name="test_filter_tab_present[TRN-FLT-003-Washbook]" time="16.570" /><testcase classname="tests.admin_portal.transactions.test_transactions.TestTransactionsFilterPanel" name="test_filter_tab_present[TRN-FLT-003-Invoice]" time="21.788" /><testcase classname="tests.admin_portal.transactions.test_transactions.TestTransactionsFilterPanel" name="test_filter_tab_present[TRN-FLT-003-Staff]" time="30.781" /><testcase classname="tests.admin_portal.transactions.test_transactions.TestTransactionsFilterPanel" name="test_apply_filters_button_visible" time="28.208" /><testcase classname="tests.admin_portal.transactions.test_transactions.TestTransactionsFilterPanel" name="test_live_results_count_updates" time="30.557" /><testcase classname="tests.admin_portal.transactions.test_transactions.TestTransactionsFilterPanel" name="test_apply_filters_closes_panel_and_updates" time="27.123" /><testcase classname="tests.admin_portal.transactions.test_transactions.TestTransactionsFilterPanel" name="test_reset_filters_clears_selections" time="25.754" /><testcase classname="tests.admin_portal.transactions.test_transactions.TestTransactionsFilterPanel" name="test_x_button_closes_panel_without_applying" time="16.661" /><testcase classname="tests.admin_portal.transactions.test_transactions.TestTransactionsFilterPanel" name="test_filter_panel_can_be_reopened" time="13.953" /><testcase classname="tests.admin_portal.transactions.test_transactions.TestTransactionsQuickFilters" name="test_quick_filter_updates_state[TRN-QCK-001]" time="14.374" /><testcase classname="tests.admin_portal.transactions.test_transactions.TestTransactionsQuickFilters" name="test_quick_filter_updates_state[TRN-QCK-002]" time="24.794" /><testcase classname="tests.admin_portal.transactions.test_transactions.TestTransactionsQuickFilters" name="test_quick_filter_updates_state[TRN-QCK-003]" time="17.037" /><testcase classname="tests.admin_portal.transactions.test_transactions.TestTransactionsDateLocation" name="test_date_location_tab_opens" time="15.164" /><testcase classname="tests.admin_portal.transactions.test_transactions.TestTransactionsDateLocation" name="test_date_preset_option_present[TRN-DLC-002-Today]" time="21.113" /><testcase classname="tests.admin_portal.transactions.test_transactions.TestTransactionsDateLocation" name="test_date_preset_option_present[TRN-DLC-002-Yesterday]" time="15.204"><skipped type="pytest.xfail" message="Known product gap: quick date preset not present in filter panel (only Today, This week, This month are available)." /></testcase><testcase classname="tests.admin_portal.transactions.test_transactions.TestTransactionsDateLocation" name="test_date_preset_option_present[TRN-DLC-002-This week]" time="15.904" /><testcase classname="tests.admin_portal.transactions.test_transactions.TestTransactionsDateLocation" name="test_date_preset_option_present[TRN-DLC-002-Last week]" time="35.100"><skipped type="pytest.xfail" message="Known product gap: quick date preset not present in filter panel (only Today, This week, This month are available)." /></testcase><testcase classname="tests.admin_portal.transactions.test_transactions.TestTransactionsDateLocation" name="test_date_preset_option_present[TRN-DLC-002-This month]" time="29.780" /><testcase classname="tests.admin_portal.transactions.test_transactions.TestTransactionsDateLocation" name="test_date_preset_option_present[TRN-DLC-002-Last month]" time="22.048"><skipped type="pytest.xfail" message="Known product gap: quick date preset not present in filter panel (only Today, This week, This month are available)." /></testcase><testcase classname="tests.admin_portal.transactions.test_transactions.TestTransactionsDateLocation" name="test_date_preset_option_present[TRN-DLC-002-This year]" time="15.116"><skipped type="pytest.xfail" message="Known product gap: quick date preset not present in filter panel (only Today, This week, This month are available)." /></testcase><testcase classname="tests.admin_portal.transactions.test_transactions.TestTransactionsDateLocation" name="test_site_multiselect_present" time="18.947" /><testcase classname="tests.admin_portal.transactions.test_transactions.TestTransactionsDateLocation" name="test_custom_date_range_input_present" time="19.333" /><testcase classname="tests.admin_portal.transactions.test_transactions.TestTransactionsDateLocation" name="test_selecting_site_scopes_data" time="19.240" /><testcase classname="tests.admin_portal.transactions.test_transactions.TestTransactionsDateLocation" name="test_this_week_starts_on_monday" time="21.053" /><testcase classname="tests.admin_portal.transactions.test_transactions.TestTransactionsDateLocation" name="test_multi_site_shows_overflow_chip" time="17.682" /><testcase classname="tests.admin_portal.transactions.test_transactions.TestTransactionsDateLocation" name="test_lane_filter_state[TRN-DLC-008]" time="14.922" /><testcase classname="tests.admin_portal.transactions.test_transactions.TestTransactionsDateLocation" name="test_lane_filter_state[TRN-DLC-009]" time="27.525" /><testcase classname="tests.admin_portal.transactions.test_transactions.TestTransactionsTransactionFilter" name="test_transaction_tab_opens" time="20.879" /><testcase classname="tests.admin_portal.transactions.test_transactions.TestTransactionsTransactionFilter" name="test_category_dropdown_present" time="20.946" /><testcase classname="tests.admin_portal.transactions.test_transactions.TestTransactionsTransactionFilter" name="test_services_dropdown_present" time="16.505" /><testcase classname="tests.admin_portal.transactions.test_transactions.TestTransactionsTransactionFilter" name="test_sale_type_dropdown_present" time="19.806" /><testcase classname="tests.admin_portal.transactions.test_transactions.TestTransactionsTransactionFilter" name="test_sale_type_option_present[TRN-TXN-006-Gift Card Sale]" time="19.293" /><testcase classname="tests.admin_portal.transactions.test_transactions.TestTransactionsTransactionFilter" name="test_sale_type_option_present[TRN-TXN-006-Washbook Sale]" time="14.686" /><testcase classname="tests.admin_portal.transactions.test_transactions.TestTransactionsTransactionFilter" name="test_sale_type_option_present[TRN-TXN-006-Membership Sale]" time="15.847" /><testcase classname="tests.admin_portal.transactions.test_transactions.TestTransactionsTransactionFilter" name="test_sale_type_option_present[TRN-TXN-006-Retail / Single Wash]" time="14.849" /><testcase classname="tests.admin_portal.transactions.test_transactions.TestTransactionsTransactionFilter" name="test_transaction_source_dropdown_present" time="22.912" /><testcase classname="tests.admin_portal.transactions.test_transactions.TestTransactionsPaymentFilter" name="test_payment_tab_opens" time="24.039" /><testcase classname="tests.admin_portal.transactions.test_transactions.TestTransactionsPaymentFilter" name="test_payment_method_dropdown_present" time="17.608" /><testcase classname="tests.admin_portal.transactions.test_transactions.TestTransactionsPaymentFilter" name="test_cc_type_dropdown_present" time="17.528" /><testcase classname="tests.admin_portal.transactions.test_transactions.TestTransactionsPaymentFilter" name="test_payment_status_multiselect_present" time="21.993" /><testcase classname="tests.admin_portal.transactions.test_transactions.TestTransactionsDetailPage" name="test_detail_page_loads" time="24.043" /><testcase classname="tests.admin_portal.transactions.test_transactions.TestTransactionsDetailPage" name="test_transaction_details_panel_visible" time="23.550" /><testcase classname="tests.admin_portal.transactions.test_transactions.TestTransactionsDetailPage" name="test_car_details_panel_visible" time="29.345" /><testcase classname="tests.admin_portal.transactions.test_transactions.TestTransactionsDetailPage" name="test_customer_panel_visible" time="27.951" /><testcase classname="tests.admin_portal.transactions.test_transactions.TestTransactionsDetailPage" name="test_customer_name_matches" time="26.474"><failure message="AssertionError: Expected customer 'Test Customer 01' not found on detail page&#10;assert 'Test Customer 01' in 'Transaction details\n90288\nRefund invoice\nSend receipt to the customer\nGet receipt'">tests/admin_portal/transactions/test_transactions.py:751: in test_customer_name_matches
    assert TRN_DETAIL_CUSTOMER in body, (
E   AssertionError: Expected customer 'Test Customer 01' not found on detail page
E   assert 'Test Customer 01' in 'Transaction details\n90288\nRefund invoice\nSend receipt to the customer\nGet receipt'</failure></testcase><testcase classname="tests.admin_portal.transactions.test_transactions.TestTransactionsDetailPage" name="test_invoice_number_matches" time="20.337" /><testcase classname="tests.admin_portal.transactions.test_transactions.TestTransactionsDetailPage" name="test_service_table_visible" time="30.008" /><testcase classname="tests.admin_portal.transactions.test_transactions.TestTransactionsDetailPage" name="test_payment_type_not_null" time="19.016" /><testcase classname="tests.admin_portal.transactions.test_transactions.TestTransactionsDetailPage" name="test_action_buttons_present" time="25.438" /><testcase classname="tests.admin_portal.transactions.test_transactions.TestTransactionsDetailPage" name="test_back_navigation_from_detail" time="28.959" /><testcase classname="tests.admin_portal.customers.test_customers_cars" name="test_cars_settings_tab_accessible_on_existing_customer" time="83.182"><failure message="RuntimeError: Customer save did not return to list. Page message: none visible">tests/admin_portal/customers/test_customers_cars.py:45: in test_cars_settings_tab_accessible_on_existing_customer
    page = _open_managed_customer_edit(browser)
           ^^^^^^^^^^^^^^^^^^^^^^^^^^^^^^^^^^^^
tests/admin_portal/customers/test_customers_cars.py:31: in _open_managed_customer_edit
    page = create_customer_if_missing(browser)
           ^^^^^^^^^^^^^^^^^^^^^^^^^^^^^^^^^^^
tests/admin_portal/customers/conftest.py:181: in create_customer_if_missing
    page.create_full_customer(
pages/admin_portal/customers_page.py:1179: in create_full_customer
    raise RuntimeError(
E   RuntimeError: Customer save did not return to list. Page message: none visible</failure></testcase><testcase classname="tests.admin_portal.customers.test_customers_cars" name="test_cars_settings_tab_shows_add_car_button" time="140.731" /><testcase classname="tests.admin_portal.customers.test_customers_cars" name="test_add_car_form_shows_license_plate_field" time="89.527"><failure message="RuntimeError: Customer save did not return to list. Page message: none visible">tests/admin_portal/customers/test_customers_cars.py:66: in test_add_car_form_shows_license_plate_field
    page = _open_managed_customer_edit(browser)
           ^^^^^^^^^^^^^^^^^^^^^^^^^^^^^^^^^^^^
tests/admin_portal/customers/test_customers_cars.py:31: in _open_managed_customer_edit
    page = create_customer_if_missing(browser)
           ^^^^^^^^^^^^^^^^^^^^^^^^^^^^^^^^^^^
tests/admin_portal/customers/conftest.py:181: in create_customer_if_missing
    page.create_full_customer(
pages/admin_portal/customers_page.py:1179: in create_full_customer
    raise RuntimeError(
E   RuntimeError: Customer save did not return to list. Page message: none visible</failure></testcase><testcase classname="tests.admin_portal.customers.test_customers_cars" name="test_add_car_form_shows_rfid_field" time="92.433" /><testcase classname="tests.admin_portal.customers.test_customers_cars" name="test_add_car_form_shows_vehicle_detail_fields" time="32.693" /><testcase classname="tests.admin_portal.customers.test_customers_cars" name="test_add_car_form_shows_save_and_cancel_controls" time="37.002" /><testcase classname="tests.admin_portal.customers.test_customers_cars" name="test_license_plate_field_is_present_and_required" time="130.654" /><testcase classname="tests.admin_portal.customers.test_customers_cars" name="test_rfid_field_is_present_and_required" time="83.279"><skipped type="pytest.xfail" message="CUST-CAR-VAL-002: Depends on tab locator — xfail until CUST-CAR-001 passes." /></testcase><testcase classname="tests.admin_portal.customers.test_customers_cars" name="test_add_car_form_shows_assign_membership_button" time="0.000"><skipped type="pytest.skip" message="Manual check — Assign membership button visibility depends on membership module state.">/Users/vk/Documents/NxtWash Automation/nxtwash-automation/tests/admin_portal/customers/test_customers_cars.py:147: Manual check — Assign membership button visibility depends on membership module state.</skipped></testcase><testcase classname="tests.admin_portal.customers.test_customers_cars" name="test_cars_list_shows_membership_details" time="0.000"><skipped type="pytest.skip" message="Requires Memberships module fixtures with active member cars.">/Users/vk/Documents/NxtWash Automation/nxtwash-automation/tests/admin_portal/customers/test_customers_cars.py:163: Requires Memberships module fixtures with active member cars.</skipped></testcase><testcase classname="tests.admin_portal.customers.test_customers_cars" name="test_blacklist_a_car" time="0.000"><skipped type="pytest.skip" message="Cars CRUD deferred — verifying field presence only in this pass. Unblock after confirming DOM locators from a live run.">/Users/vk/Documents/NxtWash Automation/nxtwash-automation/tests/admin_portal/customers/test_customers_cars.py:170: Cars CRUD deferred — verifying field presence only in this pass. Unblock after confirming DOM locators from a live run.</skipped></testcase><testcase classname="tests.admin_portal.customers.test_customers_cars" name="test_deactivate_a_car" time="0.000"><skipped type="pytest.skip" message="Cars CRUD deferred — verifying field presence only in this pass. Unblock after confirming DOM locators from a live run.">/Users/vk/Documents/NxtWash Automation/nxtwash-automation/tests/admin_portal/customers/test_customers_cars.py:177: Cars CRUD deferred — verifying field presence only in this pass. Unblock after confirming DOM locators from a live run.</skipped></testcase><testcase classname="tests.admin_portal.customers.test_customers_cars" name="test_update_vehicle_token" time="0.000"><skipped type="pytest.skip" message="Deferred — requires POS token provisioning setup.">/Users/vk/Documents/NxtWash Automation/nxtwash-automation/tests/admin_portal/customers/test_customers_cars.py:184: Deferred — requires POS token provisioning setup.</skipped></testcase><testcase classname="tests.admin_portal.customers.test_customers_cars" name="test_duplicate_license_plate_documents_behaviour" time="0.000"><skipped type="pytest.skip" message="Cars CRUD deferred — verifying field presence only in this pass. Unblock after confirming DOM locators from a live run.">/Users/vk/Documents/NxtWash Automation/nxtwash-automation/tests/admin_portal/customers/test_customers_cars.py:191: Cars CRUD deferred — verifying field presence only in this pass. Unblock after confirming DOM locators from a live run.</skipped></testcase><testcase classname="tests.admin_portal.customers.test_customers_cars" name="test_duplicate_rfid_documents_behaviour" time="0.001"><skipped type="pytest.skip" message="Deferred — RFID uniqueness requires POS tunnel integration to verify.">/Users/vk/Documents/NxtWash Automation/nxtwash-automation/tests/admin_portal/customers/test_customers_cars.py:198: Deferred — RFID uniqueness requires POS tunnel integration to verify.</skipped></testcase><testcase classname="tests.admin_portal.customers.test_customers_cars" name="test_add_car_then_refresh_car_persists" time="0.000"><skipped type="pytest.skip" message="Cars CRUD deferred — verifying field presence only in this pass. Unblock after confirming DOM locators from a live run.">/Users/vk/Documents/NxtWash Automation/nxtwash-automation/tests/admin_portal/customers/test_customers_cars.py:205: Cars CRUD deferred — verifying field presence only in this pass. Unblock after confirming DOM locators from a live run.</skipped></testcase><testcase classname="tests.admin_portal.customers.test_customers_dependency" name="test_customer_appears_in_gift_cards_dropdown" time="0.000"><skipped type="pytest.skip" message="Requires Gift Cards module with a customer selector fixture. Deferred.">/Users/vk/Documents/NxtWash Automation/nxtwash-automation/tests/admin_portal/customers/test_customers_dependency.py:25: Requires Gift Cards module with a customer selector fixture. Deferred.</skipped></testcase><testcase classname="tests.admin_portal.customers.test_customers_dependency" name="test_customer_membership_status_reflects_memberships_module" time="0.000"><skipped type="pytest.skip" message="Requires Memberships module fixtures and cross-module setup. Deferred.">/Users/vk/Documents/NxtWash Automation/nxtwash-automation/tests/admin_portal/customers/test_customers_dependency.py:32: Requires Memberships module fixtures and cross-module setup. Deferred.</skipped></testcase><testcase classname="tests.admin_portal.customers.test_customers_dependency" name="test_customer_site_assignment_matches_sites_module" time="35.503" /><testcase classname="tests.admin_portal.customers.test_customers_dependency" name="test_car_rfid_links_to_pos_tunnel_entry" time="0.000"><skipped type="pytest.skip" message="Requires POS tunnel integration and RFID-linked car. Deferred.">/Users/vk/Documents/NxtWash Automation/nxtwash-automation/tests/admin_portal/customers/test_customers_dependency.py:57: Requires POS tunnel integration and RFID-linked car. Deferred.</skipped></testcase><testcase classname="tests.admin_portal.customers.test_customers_edit" name="test_edit_customer_name_persists" time="130.773" /><testcase classname="tests.admin_portal.customers.test_customers_edit" name="test_edit_assigned_site_persists" time="70.224" /><testcase classname="tests.admin_portal.customers.test_customers_edit" name="test_edit_form_prepopulates_existing_values" time="17.394"><error message="failed on setup with &quot;selenium.common.exceptions.StaleElementReferenceException: Message: stale element reference: stale element not found in the current frame&#10;  (Session info: chrome=150.0.7871.187); For documentation on this error, please visit: https://www.selenium.dev/documentation/webdriver/troubleshooting/errors#staleelementreferenceexception&#10;Stacktrace:&#10;0   chromedriver                        0x0000000104abda84 cxxbridge1$str$ptr + 3195292&#10;1   chromedriver                        0x0000000104ab5b4c cxxbridge1$str$ptr + 3162724&#10;2   chromedriver                        0x000000010455f2a4 _RNvCs9NA52FrZ4pF_7___rustc35___rust_no_alloc_shim_is_unstable_v2 + 73836&#10;3   chromedriver                        0x0000000104565464 _RNvCs9NA52FrZ4pF_7___rustc35___rust_no_alloc_shim_is_unstable_v2 + 98860&#10;4   chromedriver                        0x000000010456792c _RNvCs9NA52FrZ4pF_7___rustc35___rust_no_alloc_shim_is_unstable_v2 + 108276&#10;5   chromedriver                        0x00000001045e7d54 _RNvCs9NA52FrZ4pF_7___rustc35___rust_no_alloc_shim_is_unstable_v2 + 633628&#10;6   chromedriver                        0x00000001045e7030 _RNvCs9NA52FrZ4pF_7___rustc35___rust_no_alloc_shim_is_unstable_v2 + 630264&#10;7   chromedriver                        0x000000010459d434 _RNvCs9NA52FrZ4pF_7___rustc35___rust_no_alloc_shim_is_unstable_v2 + 328188&#10;8   chromedriver                        0x0000000104a7ac40 cxxbridge1$str$ptr + 2921304&#10;9   chromedriver                        0x0000000104a7e3b8 cxxbridge1$str$ptr + 2935504&#10;10  chromedriver                        0x0000000104a610f8 cxxbridge1$str$ptr + 2816016&#10;11  chromedriver                        0x0000000104a7ec4c cxxbridge1$str$ptr + 2937700&#10;12  chromedriver                        0x0000000104a523b0 cxxbridge1$str$ptr + 2755272&#10;13  chromedriver                        0x0000000104aa41f4 cxxbridge1$str$ptr + 3090700&#10;14  chromedriver                        0x0000000104aa4354 cxxbridge1$str$ptr + 3091052&#10;15  chromedriver                        0x0000000104ab57a4 cxxbridge1$str$ptr + 3161788&#10;16  libsystem_pthread.dylib             0x0000000199325c08 _pthread_start + 136&#10;17  libsystem_pthread.dylib             0x0000000199320ba8 thread_start + 8&quot;">tests/admin_portal/customers/conftest.py:221: in managed_customer
    page = create_customer_if_missing(browser)
           ^^^^^^^^^^^^^^^^^^^^^^^^^^^^^^^^^^^
tests/admin_portal/customers/conftest.py:145: in create_customer_if_missing
    rows_with_name = [
tests/admin_portal/customers/conftest.py:153: in &lt;listcomp&gt;
    if el.is_displayed()
       ^^^^^^^^^^^^^^^^^
venv/lib/python3.11/site-packages/selenium/webdriver/remote/webelement.py:308: in is_displayed
    return self.parent.execute_script(f"/* isDisplayed */return ({isDisplayed_js}).apply(null, arguments);", self)
           ^^^^^^^^^^^^^^^^^^^^^^^^^^^^^^^^^^^^^^^^^^^^^^^^^^^^^^^^^^^^^^^^^^^^^^^^^^^^^^^^^^^^^^^^^^^^^^^^^^^^^^^
venv/lib/python3.11/site-packages/selenium/webdriver/remote/webdriver.py:578: in execute_script
    return self.execute(command, {"script": script, "args": converted_args})["value"]
           ^^^^^^^^^^^^^^^^^^^^^^^^^^^^^^^^^^^^^^^^^^^^^^^^^^^^^^^^^^^^^^^^^
venv/lib/python3.11/site-packages/selenium/webdriver/remote/webdriver.py:468: in execute
    self.error_handler.check_response(response)
venv/lib/python3.11/site-packages/selenium/webdriver/remote/errorhandler.py:232: in check_response
    raise exception_class(message, screen, stacktrace)
E   selenium.common.exceptions.StaleElementReferenceException: Message: stale element reference: stale element not found in the current frame
E     (Session info: chrome=150.0.7871.187); For documentation on this error, please visit: https://www.selenium.dev/documentation/webdriver/troubleshooting/errors#staleelementreferenceexception
E   Stacktrace:
E   0   chromedriver                        0x0000000104abda84 cxxbridge1$str$ptr + 3195292
E   1   chromedriver                        0x0000000104ab5b4c cxxbridge1$str$ptr + 3162724
E   2   chromedriver                        0x000000010455f2a4 _RNvCs9NA52FrZ4pF_7___rustc35___rust_no_alloc_shim_is_unstable_v2 + 73836
E   3   chromedriver                        0x0000000104565464 _RNvCs9NA52FrZ4pF_7___rustc35___rust_no_alloc_shim_is_unstable_v2 + 98860
E   4   chromedriver                        0x000000010456792c _RNvCs9NA52FrZ4pF_7___rustc35___rust_no_alloc_shim_is_unstable_v2 + 108276
E   5   chromedriver                        0x00000001045e7d54 _RNvCs9NA52FrZ4pF_7___rustc35___rust_no_alloc_shim_is_unstable_v2 + 633628
E   6   chromedriver                        0x00000001045e7030 _RNvCs9NA52FrZ4pF_7___rustc35___rust_no_alloc_shim_is_unstable_v2 + 630264
E   7   chromedriver                        0x000000010459d434 _RNvCs9NA52FrZ4pF_7___rustc35___rust_no_alloc_shim_is_unstable_v2 + 328188
E   8   chromedriver                        0x0000000104a7ac40 cxxbridge1$str$ptr + 2921304
E   9   chromedriver                        0x0000000104a7e3b8 cxxbridge1$str$ptr + 2935504
E   10  chromedriver                        0x0000000104a610f8 cxxbridge1$str$ptr + 2816016
E   11  chromedriver                        0x0000000104a7ec4c cxxbridge1$str$ptr + 2937700
E   12  chromedriver                        0x0000000104a523b0 cxxbridge1$str$ptr + 2755272
E   13  chromedriver                        0x0000000104aa41f4 cxxbridge1$str$ptr + 3090700
E   14  chromedriver                        0x0000000104aa4354 cxxbridge1$str$ptr + 3091052
E   15  chromedriver                        0x0000000104ab57a4 cxxbridge1$str$ptr + 3161788
E   16  libsystem_pthread.dylib             0x0000000199325c08 _pthread_start + 136
E   17  libsystem_pthread.dylib             0x0000000199320ba8 thread_start + 8</error></testcase><testcase classname="tests.admin_portal.customers.test_customers_edit" name="test_activate_inactive_customer" time="314.827"><failure message="AssertionError: assert 'auto customer1' in 'Overview\nSites / Locations\nServices\nCustomers\nUsers / Employees\nKiosk Settings\nGas Pump Settings\nPOS Settings\nTunnel Settings\nSelf Serve\nReports\nVishal Kumar\nOwner\nCustomers\nFilter by (1)\n+ Add customer\nFirst Name\nLast Name\nPhone number\nCars (#)\nLast visit\nTotal amount spent\nMembership status\nPage 1 of 0\n|\nShow 100\nout of 0 records\nFilter by\nFirst Name\nLast Name\nEmail\nRFID\nSite/Location\nSelect site/location\nActive customers only\nMembership\nSelect membership\nSign up date from\nSign up date to\nNext payment date from\nNext payment date to\nRecurring\nAll\nPrepaid\nAll\nAllow invoicing\nAll\nCard on file\nAll\nCC number\nCC type\nCC type\nCanceled\nAll\nDeclined\nAll\nNumber of cars min\nNumber of cars max\nNumber of recurring min\nNumber of recurring max\nNumber of prepaid min\nNumber of prepaid max\nReset filters\nApply filters'&#10; +  where 'Overview\nSites / Locations\nServices\nCustomers\nUsers / Employees\nKiosk Settings\nGas Pump Settings\nPOS Settings\nTunnel Settings\nSelf Serve\nReports\nVishal Kumar\nOwner\nCustomers\nFilter by (1)\n+ Add customer\nFirst Name\nLast Name\nPhone number\nCars (#)\nLast visit\nTotal amount spent\nMembership status\nPage 1 of 0\n|\nShow 100\nout of 0 records\nFilter by\nFirst Name\nLast Name\nEmail\nRFID\nSite/Location\nSelect site/location\nActive customers only\nMembership\nSelect membership\nSign up date from\nSign up date to\nNext payment date from\nNext payment date to\nRecurring\nAll\nPrepaid\nAll\nAllow invoicing\nAll\nCard on file\nAll\nCC number\nCC type\nCC type\nCanceled\nAll\nDeclined\nAll\nNumber of cars min\nNumber of cars max\nNumber of recurring min\nNumber of recurring max\nNumber of prepaid min\nNumber of prepaid max\nReset filters\nApply filters' = get_body_text()&#10; +    where get_body_text = &lt;pages.admin_portal.customers_page.CustomersPage object at 0x103c8ec10&gt;.get_body_text">tests/admin_portal/customers/test_customers_edit.py:104: in test_activate_inactive_customer
    assert CUSTOMER_LAST in page.get_body_text()
E   AssertionError: assert 'auto customer1' in 'Overview\nSites / Locations\nServices\nCustomers\nUsers / Employees\nKiosk Settings\nGas Pump Settings\nPOS Settings\nTunnel Settings\nSelf Serve\nReports\nVishal Kumar\nOwner\nCustomers\nFilter by (1)\n+ Add customer\nFirst Name\nLast Name\nPhone number\nCars (#)\nLast visit\nTotal amount spent\nMembership status\nPage 1 of 0\n|\nShow 100\nout of 0 records\nFilter by\nFirst Name\nLast Name\nEmail\nRFID\nSite/Location\nSelect site/location\nActive customers only\nMembership\nSelect membership\nSign up date from\nSign up date to\nNext payment date from\nNext payment date to\nRecurring\nAll\nPrepaid\nAll\nAllow invoicing\nAll\nCard on file\nAll\nCC number\nCC type\nCC type\nCanceled\nAll\nDeclined\nAll\nNumber of cars min\nNumber of cars max\nNumber of recurring min\nNumber of recurring max\nNumber of prepaid min\nNumber of prepaid max\nReset filters\nApply filters'
E    +  where 'Overview\nSites / Locations\nServices\nCustomers\nUsers / Employees\nKiosk Settings\nGas Pump Settings\nPOS Settings\nTunnel Settings\nSelf Serve\nReports\nVishal Kumar\nOwner\nCustomers\nFilter by (1)\n+ Add customer\nFirst Name\nLast Name\nPhone number\nCars (#)\nLast visit\nTotal amount spent\nMembership status\nPage 1 of 0\n|\nShow 100\nout of 0 records\nFilter by\nFirst Name\nLast Name\nEmail\nRFID\nSite/Location\nSelect site/location\nActive customers only\nMembership\nSelect membership\nSign up date from\nSign up date to\nNext payment date from\nNext payment date to\nRecurring\nAll\nPrepaid\nAll\nAllow invoicing\nAll\nCard on file\nAll\nCC number\nCC type\nCC type\nCanceled\nAll\nDeclined\nAll\nNumber of cars min\nNumber of cars max\nNumber of recurring min\nNumber of recurring max\nNumber of prepaid min\nNumber of prepaid max\nReset filters\nApply filters' = get_body_text()
E    +    where get_body_text = &lt;pages.admin_portal.customers_page.CustomersPage object at 0x103c8ec10&gt;.get_body_text</failure></testcase><testcase classname="tests.admin_portal.customers.test_customers_edit" name="test_deactivate_active_customer" time="231.382" /><testcase classname="tests.admin_portal.customers.test_customers_edit" name="test_toggle_allow_invoicing_persists" time="142.335"><failure message="selenium.common.exceptions.TimeoutException: Message: &#10;Stacktrace:&#10;0   chromedriver                        0x0000000103481a84 cxxbridge1$str$ptr + 3195292&#10;1   chromedriver                        0x0000000103479b4c cxxbridge1$str$ptr + 3162724&#10;2   chromedriver                        0x0000000102f232a4 _RNvCs9NA52FrZ4pF_7___rustc35___rust_no_alloc_shim_is_unstable_v2 + 73836&#10;3   chromedriver                        0x0000000102f6ba44 _RNvCs9NA52FrZ4pF_7___rustc35___rust_no_alloc_shim_is_unstable_v2 + 370700&#10;4   chromedriver                        0x0000000102fab030 _RNvCs9NA52FrZ4pF_7___rustc35___rust_no_alloc_shim_is_unstable_v2 + 630264&#10;5   chromedriver                        0x0000000102f61434 _RNvCs9NA52FrZ4pF_7___rustc35___rust_no_alloc_shim_is_unstable_v2 + 328188&#10;6   chromedriver                        0x000000010343ec40 cxxbridge1$str$ptr + 2921304&#10;7   chromedriver                        0x00000001034423b8 cxxbridge1$str$ptr + 2935504&#10;8   chromedriver                        0x00000001034250f8 cxxbridge1$str$ptr + 2816016&#10;9   chromedriver                        0x0000000103442c4c cxxbridge1$str$ptr + 2937700&#10;10  chromedriver                        0x00000001034163b0 cxxbridge1$str$ptr + 2755272&#10;11  chromedriver                        0x00000001034681f4 cxxbridge1$str$ptr + 3090700&#10;12  chromedriver                        0x0000000103468354 cxxbridge1$str$ptr + 3091052&#10;13  chromedriver                        0x00000001034797a4 cxxbridge1$str$ptr + 3161788&#10;14  libsystem_pthread.dylib             0x0000000199325c08 _pthread_start + 136&#10;15  libsystem_pthread.dylib             0x0000000199320ba8 thread_start + 8">tests/admin_portal/customers/test_customers_edit.py:137: in test_toggle_allow_invoicing_persists
    page.wait_for_list_loaded()
pages/admin_portal/customers_page.py:288: in wait_for_list_loaded
    self.wait.until(EC.element_to_be_clickable(self.ADD_CUSTOMER_BUTTON))
venv/lib/python3.11/site-packages/selenium/webdriver/support/wait.py:121: in until
    raise TimeoutException(message, screen, stacktrace)
E   selenium.common.exceptions.TimeoutException: Message: 
E   Stacktrace:
E   0   chromedriver                        0x0000000103481a84 cxxbridge1$str$ptr + 3195292
E   1   chromedriver                        0x0000000103479b4c cxxbridge1$str$ptr + 3162724
E   2   chromedriver                        0x0000000102f232a4 _RNvCs9NA52FrZ4pF_7___rustc35___rust_no_alloc_shim_is_unstable_v2 + 73836
E   3   chromedriver                        0x0000000102f6ba44 _RNvCs9NA52FrZ4pF_7___rustc35___rust_no_alloc_shim_is_unstable_v2 + 370700
E   4   chromedriver                        0x0000000102fab030 _RNvCs9NA52FrZ4pF_7___rustc35___rust_no_alloc_shim_is_unstable_v2 + 630264
E   5   chromedriver                        0x0000000102f61434 _RNvCs9NA52FrZ4pF_7___rustc35___rust_no_alloc_shim_is_unstable_v2 + 328188
E   6   chromedriver                        0x000000010343ec40 cxxbridge1$str$ptr + 2921304
E   7   chromedriver                        0x00000001034423b8 cxxbridge1$str$ptr + 2935504
E   8   chromedriver                        0x00000001034250f8 cxxbridge1$str$ptr + 2816016
E   9   chromedriver                        0x0000000103442c4c cxxbridge1$str$ptr + 2937700
E   10  chromedriver                        0x00000001034163b0 cxxbridge1$str$ptr + 2755272
E   11  chromedriver                        0x00000001034681f4 cxxbridge1$str$ptr + 3090700
E   12  chromedriver                        0x0000000103468354 cxxbridge1$str$ptr + 3091052
E   13  chromedriver                        0x00000001034797a4 cxxbridge1$str$ptr + 3161788
E   14  libsystem_pthread.dylib             0x0000000199325c08 _pthread_start + 136
E   15  libsystem_pthread.dylib             0x0000000199320ba8 thread_start + 8</failure></testcase><testcase classname="tests.admin_portal.customers.test_customers_edit" name="test_toggle_send_text_and_email_persists" time="0.001"><skipped type="pytest.skip" message="Requires Notifications module configuration to verify downstream effect.">/Users/vk/Documents/NxtWash Automation/nxtwash-automation/tests/admin_portal/customers/test_customers_edit.py:144: Requires Notifications module configuration to verify downstream effect.</skipped></testcase><testcase classname="tests.admin_portal.customers.test_customers_edit" name="test_cancel_edit_customer_discards_changes" time="133.421" /><testcase classname="tests.admin_portal.customers.test_customers_edit" name="test_edit_then_refresh_changes_persist" time="198.409" /><testcase classname="tests.admin_portal.customers.test_customers_export" name="test_export_button_triggers_customer_list_download" time="0.001"><skipped type="pytest.skip" message="Deferred — export verification requires download interception or a file-system check which is not yet set up in the test harness.">/Users/vk/Documents/NxtWash Automation/nxtwash-automation/tests/admin_portal/customers/test_customers_export.py:20: Deferred — export verification requires download interception or a file-system check which is not yet set up in the test harness.</skipped></testcase><testcase classname="tests.admin_portal.customers.test_customers_payment" name="test_payment_settings_tab_accessible_on_existing_customer" time="133.712" /><testcase classname="tests.admin_portal.customers.test_customers_payment" name="test_credit_card_section_is_visible" time="73.063" /><testcase classname="tests.admin_portal.customers.test_customers_payment" name="test_save_card_button_is_present" time="31.947" /><testcase classname="tests.admin_portal.customers.test_customers_payment" name="test_transaction_history_section_is_present" time="106.599"><failure message="RuntimeError: Customer save did not return to list. Page message: none visible">tests/admin_portal/customers/test_customers_payment.py:74: in test_transaction_history_section_is_present
    page = _open_managed_customer_edit(browser)
           ^^^^^^^^^^^^^^^^^^^^^^^^^^^^^^^^^^^^
tests/admin_portal/customers/test_customers_payment.py:29: in _open_managed_customer_edit
    page = create_customer_if_missing(browser)
           ^^^^^^^^^^^^^^^^^^^^^^^^^^^^^^^^^^^
tests/admin_portal/customers/conftest.py:181: in create_customer_if_missing
    page.create_full_customer(
pages/admin_portal/customers_page.py:1179: in create_full_customer
    raise RuntimeError(
E   RuntimeError: Customer save did not return to list. Page message: none visible</failure></testcase><testcase classname="tests.admin_portal.customers.test_customers_payment" name="test_transaction_history_filter_controls_are_present" time="107.629" /><testcase classname="tests.admin_portal.customers.test_customers_payment" name="test_transaction_history_loads_all_time" time="0.001"><skipped type="pytest.skip" message="Requires POS test environment with at least one transaction for this customer.">/Users/vk/Documents/NxtWash Automation/nxtwash-automation/tests/admin_portal/customers/test_customers_payment.py:99: Requires POS test environment with at least one transaction for this customer.</skipped></testcase><testcase classname="tests.admin_portal.customers.test_customers_payment" name="test_transaction_history_today_filter" time="0.000"><skipped type="pytest.skip" message="Requires POS test environment with at least one transaction for this customer.">/Users/vk/Documents/NxtWash Automation/nxtwash-automation/tests/admin_portal/customers/test_customers_payment.py:106: Requires POS test environment with at least one transaction for this customer.</skipped></testcase><testcase classname="tests.admin_portal.customers.test_customers_payment" name="test_transaction_history_select_range_filter" time="0.000"><skipped type="pytest.skip" message="Requires POS test environment with at least one transaction for this customer.">/Users/vk/Documents/NxtWash Automation/nxtwash-automation/tests/admin_portal/customers/test_customers_payment.py:113: Requires POS test environment with at least one transaction for this customer.</skipped></testcase><testcase classname="tests.admin_portal.customers.test_customers_payment" name="test_transaction_history_export" time="0.000"><skipped type="pytest.skip" message="Deferred — requires POS transactions and export verification setup.">/Users/vk/Documents/NxtWash Automation/nxtwash-automation/tests/admin_portal/customers/test_customers_payment.py:120: Deferred — requires POS transactions and export verification setup.</skipped></testcase><testcase classname="tests.admin_portal.customers.test_customers_payment" name="test_transaction_details_link_navigates_to_invoice" time="0.000"><skipped type="pytest.skip" message="Deferred — requires POS transactions and cross-module invoice navigation.">/Users/vk/Documents/NxtWash Automation/nxtwash-automation/tests/admin_portal/customers/test_customers_payment.py:127: Deferred — requires POS transactions and cross-module invoice navigation.</skipped></testcase><testcase classname="tests.admin_portal.customers.test_customers_payment" name="test_transaction_history_pagination_defaults_to_ten" time="0.000"><skipped type="pytest.skip" message="Requires POS test environment with at least one transaction for this customer.">/Users/vk/Documents/NxtWash Automation/nxtwash-automation/tests/admin_portal/customers/test_customers_payment.py:134: Requires POS test environment with at least one transaction for this customer.</skipped></testcase><testcase classname="tests.admin_portal.customers.test_customers_positive" name="test_create_customer_with_required_fields_only" time="31.199" /><testcase classname="tests.admin_portal.customers.test_customers_positive" name="test_create_customer_with_all_optional_fields" time="45.192" /><testcase classname="tests.admin_portal.customers.test_customers_positive" name="test_date_of_birth_calendar_picker_selects_past_date" time="16.357" /><testcase classname="tests.admin_portal.customers.test_customers_positive" name="test_assign_to_site_dropdown_lists_available_sites" time="14.225" /><testcase classname="tests.admin_portal.customers.test_customers_positive" name="test_state_dropdown_populates_cities_on_selection" time="17.921" /><testcase classname="tests.admin_portal.customers.test_customers_positive" name="test_city_dropdown_empty_without_state" time="16.233" /><testcase classname="tests.admin_portal.customers.test_customers_positive" name="test_create_inactive_customer" time="47.297" /><testcase classname="tests.admin_portal.customers.test_customers_positive" name="test_cars_and_payment_tabs_disabled_for_new_customer" time="24.175" /><testcase classname="tests.admin_portal.customers.test_customers_positive" name="test_cancel_add_customer_returns_to_list" time="17.403" /><testcase classname="tests.admin_portal.customers.test_customers_positive" name="test_create_then_refresh_data_persists" time="69.637"><failure message="AssertionError: assert 'TPer1-a49f6c' in 'Overview\nSites / Locations\nServices\nCustomers\nUsers / Employees\nKiosk Settings\nGas Pump Settings\nPOS Settings\nTunnel Settings\nSelf Serve\nReports\nVishal Kumar\nOwner\nCustomers\nFilter by (1)\n+ Add customer\nFirst Name\nLast Name\nPhone number\nCars (#)\nLast visit\nTotal amount spent\nMembership status\nPage 1 of 0\n|\nShow 100\nout of 0 records\nFilter by\nFirst Name\nLast Name\nEmail\nRFID\nSite/Location\nSelect site/location\nActive customers only\nMembership\nSelect membership\nSign up date from\nSign up date to\nNext payment date from\nNext payment date to\nRecurring\nAll\nPrepaid\nAll\nAllow invoicing\nAll\nCard on file\nAll\nCC number\nCC type\nCC type\nCanceled\nAll\nDeclined\nAll\nNumber of cars min\nNumber of cars max\nNumber of recurring min\nNumber of recurring max\nNumber of prepaid min\nNumber of prepaid max\nReset filters\nApply filters'&#10; +  where 'Overview\nSites / Locations\nServices\nCustomers\nUsers / Employees\nKiosk Settings\nGas Pump Settings\nPOS Settings\nTunnel Settings\nSelf Serve\nReports\nVishal Kumar\nOwner\nCustomers\nFilter by (1)\n+ Add customer\nFirst Name\nLast Name\nPhone number\nCars (#)\nLast visit\nTotal amount spent\nMembership status\nPage 1 of 0\n|\nShow 100\nout of 0 records\nFilter by\nFirst Name\nLast Name\nEmail\nRFID\nSite/Location\nSelect site/location\nActive customers only\nMembership\nSelect membership\nSign up date from\nSign up date to\nNext payment date from\nNext payment date to\nRecurring\nAll\nPrepaid\nAll\nAllow invoicing\nAll\nCard on file\nAll\nCC number\nCC type\nCC type\nCanceled\nAll\nDeclined\nAll\nNumber of cars min\nNumber of cars max\nNumber of recurring min\nNumber of recurring max\nNumber of prepaid min\nNumber of prepaid max\nReset filters\nApply filters' = get_body_text()&#10; +    where get_body_text = &lt;pages.admin_portal.customers_page.CustomersPage object at 0x103784810&gt;.get_body_text">tests/admin_portal/customers/test_customers_positive.py:191: in test_create_then_refresh_data_persists
    assert last in page.get_body_text()
E   AssertionError: assert 'TPer1-a49f6c' in 'Overview\nSites / Locations\nServices\nCustomers\nUsers / Employees\nKiosk Settings\nGas Pump Settings\nPOS Settings\nTunnel Settings\nSelf Serve\nReports\nVishal Kumar\nOwner\nCustomers\nFilter by (1)\n+ Add customer\nFirst Name\nLast Name\nPhone number\nCars (#)\nLast visit\nTotal amount spent\nMembership status\nPage 1 of 0\n|\nShow 100\nout of 0 records\nFilter by\nFirst Name\nLast Name\nEmail\nRFID\nSite/Location\nSelect site/location\nActive customers only\nMembership\nSelect membership\nSign up date from\nSign up date to\nNext payment date from\nNext payment date to\nRecurring\nAll\nPrepaid\nAll\nAllow invoicing\nAll\nCard on file\nAll\nCC number\nCC type\nCC type\nCanceled\nAll\nDeclined\nAll\nNumber of cars min\nNumber of cars max\nNumber of recurring min\nNumber of recurring max\nNumber of prepaid min\nNumber of prepaid max\nReset filters\nApply filters'
E    +  where 'Overview\nSites / Locations\nServices\nCustomers\nUsers / Employees\nKiosk Settings\nGas Pump Settings\nPOS Settings\nTunnel Settings\nSelf Serve\nReports\nVishal Kumar\nOwner\nCustomers\nFilter by (1)\n+ Add customer\nFirst Name\nLast Name\nPhone number\nCars (#)\nLast visit\nTotal amount spent\nMembership status\nPage 1 of 0\n|\nShow 100\nout of 0 records\nFilter by\nFirst Name\nLast Name\nEmail\nRFID\nSite/Location\nSelect site/location\nActive customers only\nMembership\nSelect membership\nSign up date from\nSign up date to\nNext payment date from\nNext payment date to\nRecurring\nAll\nPrepaid\nAll\nAllow invoicing\nAll\nCard on file\nAll\nCC number\nCC type\nCC type\nCanceled\nAll\nDeclined\nAll\nNumber of cars min\nNumber of cars max\nNumber of recurring min\nNumber of recurring max\nNumber of prepaid min\nNumber of prepaid max\nReset filters\nApply filters' = get_body_text()
E    +    where get_body_text = &lt;pages.admin_portal.customers_page.CustomersPage object at 0x103784810&gt;.get_body_text</failure></testcase><testcase classname="tests.admin_portal.customers.test_customers_search_filter" name="test_search_by_exact_license_plate" time="14.819" /><testcase classname="tests.admin_portal.customers.test_customers_search_filter" name="test_search_by_partial_license_plate" time="135.583" /><testcase classname="tests.admin_portal.customers.test_customers_search_filter" name="test_search_by_exact_phone_number" time="143.510" /><testcase classname="tests.admin_portal.customers.test_customers_search_filter" name="test_search_by_partial_phone_number" time="90.790"><failure message="RuntimeError: Customer save did not return to list. Page message: none visible">tests/admin_portal/customers/test_customers_search_filter.py:62: in test_search_by_partial_phone_number
    create_customer_if_missing(browser)
tests/admin_portal/customers/conftest.py:181: in create_customer_if_missing
    page.create_full_customer(
pages/admin_portal/customers_page.py:1179: in create_full_customer
    raise RuntimeError(
E   RuntimeError: Customer save did not return to list. Page message: none visible</failure></testcase><testcase classname="tests.admin_portal.customers.test_customers_search_filter" name="test_license_plate_and_phone_searches_are_independent" time="18.955" /><testcase classname="tests.admin_portal.customers.test_customers_search_filter" name="test_nonmatching_search_returns_empty_state" time="16.082" /><testcase classname="tests.admin_portal.customers.test_customers_search_filter" name="test_filter_panel_opens_with_all_fields_visible" time="13.966" /><testcase classname="tests.admin_portal.customers.test_customers_search_filter" name="test_active_accounts_toggle_is_on_by_default" time="17.240" /><testcase classname="tests.admin_portal.customers.test_customers_search_filter" name="test_filter_result_count_updates_before_applying" time="0.001"><skipped type="pytest.skip" message="Manual check — live-count behaviour verified manually against staging.">/Users/vk/Documents/NxtWash Automation/nxtwash-automation/tests/admin_portal/customers/test_customers_search_filter.py:115: Manual check — live-count behaviour verified manually against staging.</skipped></testcase><testcase classname="tests.admin_portal.customers.test_customers_search_filter" name="test_filter_by_first_name" time="0.001"><skipped type="pytest.skip" message="Manual check — first-name filter behaviour verified manually against staging.">/Users/vk/Documents/NxtWash Automation/nxtwash-automation/tests/admin_portal/customers/test_customers_search_filter.py:128: Manual check — first-name filter behaviour verified manually against staging.</skipped></testcase><testcase classname="tests.admin_portal.customers.test_customers_search_filter" name="test_filter_by_last_name" time="0.000"><skipped type="pytest.skip" message="Manual check — last-name filter behaviour verified manually against staging.">/Users/vk/Documents/NxtWash Automation/nxtwash-automation/tests/admin_portal/customers/test_customers_search_filter.py:140: Manual check — last-name filter behaviour verified manually against staging.</skipped></testcase><testcase classname="tests.admin_portal.customers.test_customers_search_filter" name="test_filter_by_email" time="0.001"><skipped type="pytest.skip" message="Manual check — email filter behaviour verified manually against staging.">/Users/vk/Documents/NxtWash Automation/nxtwash-automation/tests/admin_portal/customers/test_customers_search_filter.py:153: Manual check — email filter behaviour verified manually against staging.</skipped></testcase><testcase classname="tests.admin_portal.customers.test_customers_search_filter" name="test_filter_by_rfid" time="0.000"><skipped type="pytest.skip" message="Manual check — RFID filter behaviour verified manually against staging.">/Users/vk/Documents/NxtWash Automation/nxtwash-automation/tests/admin_portal/customers/test_customers_search_filter.py:166: Manual check — RFID filter behaviour verified manually against staging.</skipped></testcase><testcase classname="tests.admin_portal.customers.test_customers_search_filter" name="test_filter_by_site" time="64.430"><skipped type="pytest.xfail" message="Site filter uses a hidden React-Select combobox; needs trigger-click automation." /></testcase><testcase classname="tests.admin_portal.customers.test_customers_search_filter" name="test_filter_by_membership" time="0.000"><skipped type="pytest.skip" message="Requires Memberships module fixtures and active member records.">/Users/vk/Documents/NxtWash Automation/nxtwash-automation/tests/admin_portal/customers/test_customers_search_filter.py:190: Requires Memberships module fixtures and active member records.</skipped></testcase><testcase classname="tests.admin_portal.customers.test_customers_search_filter" name="test_filter_by_signup_date_range" time="31.926" /><testcase classname="tests.admin_portal.customers.test_customers_search_filter" name="test_filter_by_next_payment_date_range" time="0.000"><skipped type="pytest.skip" message="Requires Memberships module fixtures with active recurring members.">/Users/vk/Documents/NxtWash Automation/nxtwash-automation/tests/admin_portal/customers/test_customers_search_filter.py:208: Requires Memberships module fixtures with active recurring members.</skipped></testcase><testcase classname="tests.admin_portal.customers.test_customers_search_filter" name="test_filter_by_cc_number" time="0.000"><skipped type="pytest.skip" message="Extended — CC number filter requires customers with saved payment methods.">/Users/vk/Documents/NxtWash Automation/nxtwash-automation/tests/admin_portal/customers/test_customers_search_filter.py:215: Extended — CC number filter requires customers with saved payment methods.</skipped></testcase><testcase classname="tests.admin_portal.customers.test_customers_search_filter" name="test_filter_by_cc_type" time="0.000"><skipped type="pytest.skip" message="Extended — CC type filter requires customers with saved payment methods.">/Users/vk/Documents/NxtWash Automation/nxtwash-automation/tests/admin_portal/customers/test_customers_search_filter.py:222: Extended — CC type filter requires customers with saved payment methods.</skipped></testcase><testcase classname="tests.admin_portal.customers.test_customers_search_filter" name="test_filter_by_number_of_cars_range" time="0.000"><skipped type="pytest.skip" message="Extended — requires customers with multiple cars in the test environment.">/Users/vk/Documents/NxtWash Automation/nxtwash-automation/tests/admin_portal/customers/test_customers_search_filter.py:229: Extended — requires customers with multiple cars in the test environment.</skipped></testcase><testcase classname="tests.admin_portal.customers.test_customers_search_filter" name="test_filter_by_allow_invoicing_yes" time="13.701" /><testcase classname="tests.admin_portal.customers.test_customers_search_filter" name="test_filter_by_card_on_file" time="14.240" /><testcase classname="tests.admin_portal.customers.test_customers_search_filter" name="test_filter_by_recurring_yes" time="0.001"><skipped type="pytest.skip" message="Requires Memberships module fixtures with recurring members.">/Users/vk/Documents/NxtWash Automation/nxtwash-automation/tests/admin_portal/customers/test_customers_search_filter.py:256: Requires Memberships module fixtures with recurring members.</skipped></testcase><testcase classname="tests.admin_portal.customers.test_customers_search_filter" name="test_filter_by_prepaid_yes" time="0.000"><skipped type="pytest.skip" message="Requires Memberships module fixtures with prepaid members.">/Users/vk/Documents/NxtWash Automation/nxtwash-automation/tests/admin_portal/customers/test_customers_search_filter.py:263: Requires Memberships module fixtures with prepaid members.</skipped></testcase><testcase classname="tests.admin_portal.customers.test_customers_search_filter" name="test_filter_by_canceled_yes" time="0.001"><skipped type="pytest.skip" message="Requires Memberships module fixtures with cancelled members.">/Users/vk/Documents/NxtWash Automation/nxtwash-automation/tests/admin_portal/
[...]
e the Lanes settings DOM is inspected.">/Users/vk/Documents/NxtWash Automation/nxtwash-automation/tests/admin_portal/sites/test_sites_edit.py:227: Requires a lane-row delete locator (e.g. a remove/trash button per lane row). Implement once the Lanes settings DOM is inspected.</skipped></testcase><testcase classname="tests.admin_portal.sites.test_sites_edit" name="test_edit_site_contact_email_persists_after_refresh" time="63.290" /><testcase classname="tests.admin_portal.sites.test_sites_edit" name="test_add_lane_creates_visible_row" time="41.054" /><testcase classname="tests.admin_portal.sites.test_sites_edit" name="test_add_multiple_lanes_succeeds" time="52.131"><skipped type="pytest.xfail" message="Lane row locator needs DOM verification. Remove xfail once get_lane_count() is confirmed stable." /></testcase><testcase classname="tests.admin_portal.sites.test_sites_edit" name="test_edit_site_cc_input_fields_are_displayed" time="25.881" /><testcase classname="tests.admin_portal.sites.test_sites_edit" name="test_edit_site_cc_processor_labels_visible" time="42.143" /><testcase classname="tests.admin_portal.sites.test_sites_edit" name="test_edit_site_customer_portal_memberships_toggle" time="31.997" /><testcase classname="tests.admin_portal.sites.test_sites_edit" name="test_edit_site_customer_portal_washbooks_toggle" time="41.232" /><testcase classname="tests.admin_portal.sites.test_sites_edit" name="test_edit_site_customer_portal_gift_cards_toggle" time="36.520" /><testcase classname="tests.admin_portal.sites.test_sites_edit" name="test_edit_site_customer_portal_show_toggle" time="29.459" /><testcase classname="tests.admin_portal.sites.test_sites_edit" name="test_edit_site_customer_portal_settings_persist" time="54.751" /><testcase classname="tests.admin_portal.sites.test_sites_export" name="test_sites_export_button_clickable" time="14.534" /><testcase classname="tests.admin_portal.sites.test_sites_export" name="test_sites_export_file_content" time="17.016"><skipped type="pytest.xfail" message="File/content validation needs browser download-directory configuration and a CSV/XLS parser. Button clickability is verified above; full export assertion is deferred." /></testcase><testcase classname="tests.admin_portal.sites.test_sites_negative" name="test_create_site_duplicate_site_name_or_code_is_rejected" time="31.044" /><testcase classname="tests.admin_portal.sites.test_sites_negative" name="test_create_site_cancel_does_not_save_record" time="24.548" /><testcase classname="tests.admin_portal.sites.test_sites_positive" name="test_create_new_site_with_required_general_settings" time="69.501" /><testcase classname="tests.admin_portal.sites.test_sites_positive" name="test_created_site_persists_after_refresh" time="43.356" /><testcase classname="tests.admin_portal.sites.test_sites_positive" name="test_create_inactive_site_hidden_from_list" time="30.673" /><testcase classname="tests.admin_portal.sites.test_sites_positive" name="test_created_site_shows_state_and_city_in_list" time="28.123"><skipped type="pytest.xfail" message="Managed site created via API lacks UI-sourced state/city; filter also returns 0 on staging. Verify manually." /></testcase><testcase classname="tests.admin_portal.sites.test_sites_positive" name="test_create_site_with_zero_tax_rates" time="43.480" /><testcase classname="tests.admin_portal.sites.test_sites_positive" name="test_site_count_increments_after_create" time="98.960" /><testcase classname="tests.admin_portal.sites.test_sites_search_filter" name="test_sites_filter_by_existing_site_name" time="20.314" /><testcase classname="tests.admin_portal.sites.test_sites_search_filter" name="test_sites_filter_by_partial_site_name" time="25.647"><skipped type="pytest.xfail" message="Partial name filter returns 0 results on staging; verify manually." /></testcase><testcase classname="tests.admin_portal.sites.test_sites_search_filter" name="test_sites_filter_by_missing_site_name_shows_no_match" time="15.534" /><testcase classname="tests.admin_portal.sites.test_sites_search_filter" name="test_sites_reset_filter_restores_list" time="19.141" /><testcase classname="tests.admin_portal.sites.test_sites_search_filter" name="test_sites_filter_active_toggle_on_shows_active_only" time="23.671" /><testcase classname="tests.admin_portal.sites.test_sites_search_filter" name="test_sites_filter_active_toggle_off_shows_all" time="19.117" /><testcase classname="tests.admin_portal.sites.test_sites_search_filter" name="test_sites_filter_by_name_and_active_combined" time="29.569" /><testcase classname="tests.admin_portal.sites.test_sites_ui" name="test_sites_locations_page_ui_elements" time="22.599" /><testcase classname="tests.admin_portal.sites.test_sites_ui" name="test_sites_filter_panel_ui_elements" time="18.634" /><testcase classname="tests.admin_portal.sites.test_sites_ui" name="test_create_site_general_settings_ui_elements" time="20.117" /><testcase classname="tests.admin_portal.sites.test_sites_ui" name="test_create_site_cancel_returns_to_list" time="16.896" /><testcase classname="tests.admin_portal.sites.test_sites_validation" name="test_create_site_validation_blocks_empty_required_fields" time="30.532" /><testcase classname="tests.admin_portal.sites.test_sites_validation" name="test_create_site_validation_invalid_email_formats[abc]" time="89.800" /><testcase classname="tests.admin_portal.sites.test_sites_validation" name="test_create_site_validation_invalid_email_formats[abc@]" time="19.557" /><testcase classname="tests.admin_portal.sites.test_sites_validation" name="test_create_site_validation_invalid_email_formats[abc@yopmail]" time="50.690" /><testcase classname="tests.admin_portal.sites.test_sites_validation" name="test_create_site_validation_invalid_tax_values[state_sales_tax--1]" time="19.210" /><testcase classname="tests.admin_portal.sites.test_sites_validation" name="test_create_site_validation_invalid_tax_values[city_sales_tax--1]" time="21.323" /><testcase classname="tests.admin_portal.sites.test_sites_validation" name="test_create_site_validation_invalid_tax_values[state_sales_tax-abc]" time="20.482" /><testcase classname="tests.admin_portal.sites.test_sites_validation" name="test_create_site_validation_invalid_tax_values[city_sales_tax-abc]" time="24.176" /><testcase classname="tests.admin_portal.sites.test_sites_validation" name="test_create_site_validation_invalid_tax_values[state_sales_tax-101]" time="22.638" /><testcase classname="tests.admin_portal.sites.test_sites_validation" name="test_create_site_validation_invalid_tax_values[city_sales_tax-101]" time="29.963" /><testcase classname="tests.admin_portal.sites.test_sites_validation" name="test_create_site_missing_address_blocks_save" time="20.271" /><testcase classname="tests.admin_portal.sites.test_sites_validation" name="test_create_site_blank_name_with_complete_form_blocks_save" time="35.789" /><testcase classname="tests.admin_portal.sites.test_sites_validation" name="test_create_site_special_chars_in_name_do_not_break_form" time="20.911" /><testcase classname="tests.admin_portal.sites.test_sites_validation" name="test_create_site_very_long_name_does_not_crash_form" time="15.153" /><testcase classname="tests.admin_portal.login.test_login" name="test_admin_login" time="13.848" /><testcase classname="tests.admin_portal.login.test_login_negative" name="test_login_invalid_email_valid_password_does_not_authenticate" time="5.983" /><testcase classname="tests.admin_portal.login.test_login_negative" name="test_login_valid_email_invalid_password_does_not_authenticate" time="5.056" /><testcase classname="tests.admin_portal.login.test_login_negative" name="test_login_invalid_email_invalid_password_does_not_authenticate" time="5.357" /><testcase classname="tests.admin_portal.login.test_login_password" name="test_password_is_masked_by_default" time="4.514" /><testcase classname="tests.admin_portal.login.test_login_password" name="test_password_visibility_toggle_shows_password" time="4.376"><skipped type="pytest.xfail" message="Known product gap: password visibility icon disappears after typing." /></testcase><testcase classname="tests.admin_portal.login.test_login_password" name="test_password_visibility_toggle_hides_password_again" time="5.124" /><testcase classname="tests.admin_portal.login.test_login_password" name="test_very_long_password_does_not_break_login_ui" time="5.605" /><testcase classname="tests.admin_portal.login.test_login_positive" name="test_login_with_valid_credentials" time="9.049" /><testcase classname="tests.admin_portal.login.test_login_positive" name="test_login_using_enter_key" time="10.067" /><testcase classname="tests.admin_portal.login.test_login_positive" name="test_session_persists_after_refresh" time="11.356" /><testcase classname="tests.admin_portal.login.test_login_positive" name="test_authenticated_user_cannot_access_login_page" time="12.632" /><testcase classname="tests.admin_portal.login.test_login_positive" name="test_login_with_email_leading_space" time="66.949"><skipped type="pytest.xfail" message="Known product gap: valid email with a leading space is not trimmed." /></testcase><testcase classname="tests.admin_portal.login.test_login_positive" name="test_login_with_email_trailing_space" time="8.247" /><testcase classname="tests.admin_portal.login.test_login_positive" name="test_login_with_email_case_variation" time="7.066" /><testcase classname="tests.admin_portal.login.test_login_positive" name="test_session_remains_active_in_new_tab" time="9.235" /><testcase classname="tests.admin_portal.login.test_login_security_smoke" name="test_login_security_payloads_do_not_authenticate[' OR 1=1 ---password]" time="4.503" /><testcase classname="tests.admin_portal.login.test_login_security_smoke" name="test_login_security_payloads_do_not_authenticate[admin@example.com-' OR 1=1 --]" time="4.821" /><testcase classname="tests.admin_portal.login.test_login_security_smoke" name="test_login_security_payloads_do_not_authenticate[&lt;script&gt;alert(1)&lt;/script&gt;-password]" time="6.292" /><testcase classname="tests.admin_portal.login.test_login_security_smoke" name="test_login_security_payloads_do_not_authenticate[admin@example.com-&lt;script&gt;alert(1)&lt;/script&gt;]" time="5.413" /><testcase classname="tests.admin_portal.login.test_login_session" name="test_direct_protected_url_without_login_redirects_to_login" time="6.495" /><testcase classname="tests.admin_portal.login.test_login_ui" name="test_login_page_loads" time="10.207" /><testcase classname="tests.admin_portal.login.test_login_ui" name="test_login_page_url_is_correct" time="7.311" /><testcase classname="tests.admin_portal.login.test_login_ui" name="test_login_logo_is_available" time="0.005"><skipped type="pytest.skip" message="needs_inspection: logo img alt attribute changed on staging — update LOGO_IMAGE locator in login_page.py after checking /login HTML">/Users/vk/Documents/NxtWash Automation/nxtwash-automation/tests/admin_portal/login/test_login_ui.py:25: needs_inspection: logo img alt attribute changed on staging — update LOGO_IMAGE locator in login_page.py after checking /login HTML</skipped></testcase><testcase classname="tests.admin_portal.login.test_login_ui" name="test_login_fields_and_button_are_visible" time="7.661" /><testcase classname="tests.admin_portal.login.test_login_ui" name="test_password_visibility_icon_is_displayed" time="34.376"><error message="failed on setup with &quot;selenium.common.exceptions.TimeoutException: Message:&quot;">tests/admin_portal/login/conftest.py:10: in login_page
    page.wait_for_loaded()
pages/admin_portal/login_page.py:53: in wait_for_loaded
    long_wait.until(lambda driver: "/login" in driver.current_url)
venv/lib/python3.11/site-packages/selenium/webdriver/support/wait.py:121: in until
    raise TimeoutException(message, screen, stacktrace)
E   selenium.common.exceptions.TimeoutException: Message:</error></testcase><testcase classname="tests.admin_portal.login.test_login_ui" name="test_login_field_labels_are_displayed" time="8.114" /><testcase classname="tests.admin_portal.login.test_login_ui" name="test_login_footer_is_displayed" time="11.538" /><testcase classname="tests.admin_portal.login.test_login_ui" name="test_login_browser_title" time="7.782" /><testcase classname="tests.admin_portal.login.test_login_ui" name="test_login_layout_renders_after_refresh" time="0.001"><skipped type="pytest.skip" message="needs_inspection: depends on LOGO_IMAGE locator — fix test_login_logo_is_available first">/Users/vk/Documents/NxtWash Automation/nxtwash-automation/tests/admin_portal/login/test_login_ui.py:65: needs_inspection: depends on LOGO_IMAGE locator — fix test_login_logo_is_available first</skipped></testcase><testcase classname="tests.admin_portal.login.test_login_ui" name="test_login_tab_order_email_password_login_button" time="6.767" /><testcase classname="tests.admin_portal.login.test_login_validation" name="test_login_validation_both_fields_empty" time="10.918" /><testcase classname="tests.admin_portal.login.test_login_validation" name="test_login_validation_email_empty" time="7.857" /><testcase classname="tests.admin_portal.login.test_login_validation" name="test_login_validation_password_empty" time="5.635" /><testcase classname="tests.admin_portal.login.test_login_validation" name="test_login_validation_email_spaces_only" time="6.119" /><testcase classname="tests.admin_portal.login.test_login_validation" name="test_login_validation_password_spaces_only" time="5.736" /><testcase classname="tests.admin_portal.login.test_login_validation" name="test_login_validation_invalid_email_formats[abc]" time="6.440" /><testcase classname="tests.admin_portal.login.test_login_validation" name="test_login_validation_invalid_email_formats[abc@]" time="5.050" /><testcase classname="tests.admin_portal.login.test_login_validation" name="test_login_validation_invalid_email_formats[@gmail.com]" time="4.264" /><testcase classname="tests.admin_portal.login.test_login_validation" name="test_login_validation_invalid_email_formats[abc@gmail]" time="7.109" /><testcase classname="tests.admin_portal.login.test_login_validation" name="test_login_validation_invalid_email_formats[abc.gmail.com]" time="8.366" /><testcase classname="tests.admin_portal.login.test_login_validation" name="test_login_validation_invalid_email_formats[abc@@gmail.com]" time="5.843" /><testcase classname="tests.admin_portal.login.test_login_validation" name="test_login_validation_invalid_email_formats[abc @gmail.com]" time="6.518" /><testcase classname="tests.admin_portal.login.test_login_validation" name="test_login_validation_maximum_email_length_does_not_break_ui" time="6.264" /><testcase classname="tests.admin_portal.bank_drop.test_bank_drop_edge_cases" name="test_negative_order_documents_behavior" time="15.475" /><testcase classname="tests.admin_portal.bank_drop.test_bank_drop_edge_cases" name="test_zero_order_documents_behavior" time="15.670" /><testcase classname="tests.admin_portal.bank_drop.test_bank_drop_edge_cases" name="test_duplicate_name_documents_behavior" time="28.611" /><testcase classname="tests.admin_portal.bank_drop.test_bank_drop_edge_cases" name="test_duplicate_order_documents_behavior" time="17.893" /><testcase classname="tests.admin_portal.bank_drop.test_bank_drop_edge_cases" name="test_changing_order_resequences_list" time="0.005"><skipped type="pytest.skip" message="Manual: the admin list sorts by creation time, not order value; order sequencing on the customer portal must be verified manually.">/Users/vk/Documents/NxtWash Automation/nxtwash-automation/tests/admin_portal/bank_drop/test_bank_drop_edge_cases.py:76: Manual: the admin list sorts by creation time, not order value; order sequencing on the customer portal must be verified manually.</skipped></testcase><testcase classname="tests.admin_portal.bank_drop.test_bank_drop_edge_cases" name="test_download_button_is_visible" time="13.978" /><testcase classname="tests.admin_portal.bank_drop.test_bank_drop_edge_cases" name="test_save_button_has_human_readable_label" time="20.726"><skipped type="pytest.xfail" message="BD-UI-001: Save button text is the raw i18n key 'saveNewBankDrop' instead of 'Save bank drop'. Remove xfail once the translation is wired up." /></testcase><testcase classname="tests.admin_portal.bank_drop.test_bank_drop_edge_cases" name="test_pagination_footer_shows_record_count" time="15.241"><skipped type="pytest.xfail" message="BD-UI-002: Pagination footer displays '0 of 0' even when records are present. Remove xfail once the count is rendered correctly." /></testcase><testcase classname="tests.admin_portal.bank_drop.test_bank_drop_edit" name="test_edit_bank_drop_name_persists" time="34.530" /><testcase classname="tests.admin_portal.bank_drop.test_bank_drop_edit" name="test_edit_bank_drop_order_persists" time="28.089" /><testcase classname="tests.admin_portal.bank_drop.test_bank_drop_edit" name="test_activate_inactive_bank_drop" time="31.493" /><testcase classname="tests.admin_portal.bank_drop.test_bank_drop_edit" name="test_deactivate_active_bank_drop" time="21.318" /><testcase classname="tests.admin_portal.bank_drop.test_bank_drop_edit" name="test_edit_form_prepopulates_existing_values" time="19.060" /><testcase classname="tests.admin_portal.bank_drop.test_bank_drop_edit" name="test_cancel_out_of_edit_form" time="16.907" /><testcase classname="tests.admin_portal.bank_drop.test_bank_drop_edit" name="test_edited_bank_drop_persists_after_reload" time="43.331" /><testcase classname="tests.admin_portal.bank_drop.test_bank_drop_edit" name="test_bank_drop_list_sorted_by_order" time="0.004"><skipped type="pytest.skip" message="Manual: the admin list sorts by creation time, not order value; the order field controls display sequence on the customer portal, not admin list order.">/Users/vk/Documents/NxtWash Automation/nxtwash-automation/tests/admin_portal/bank_drop/test_bank_drop_edit.py:154: Manual: the admin list sorts by creation time, not order value; the order field controls display sequence on the customer portal, not admin list order.</skipped></testcase><testcase classname="tests.admin_portal.bank_drop.test_bank_drop_positive" name="test_create_active_bank_drop" time="12.166" /><testcase classname="tests.admin_portal.bank_drop.test_bank_drop_positive" name="test_create_inactive_bank_drop" time="0.002"><skipped type="pytest.skip" message="Manual: create-form active toggle saves as Active regardless of state; deactivation behaviour is covered by BD-EDT-004.">/Users/vk/Documents/NxtWash Automation/nxtwash-automation/tests/admin_portal/bank_drop/test_bank_drop_positive.py:35: Manual: create-form active toggle saves as Active regardless of state; deactivation behaviour is covered by BD-EDT-004.</skipped></testcase><testcase classname="tests.admin_portal.bank_drop.test_bank_drop_positive" name="test_cancel_out_of_add_form" time="16.358" /><testcase classname="tests.admin_portal.bank_drop.test_bank_drop_positive" name="test_created_bank_drop_persists_after_reload" time="13.630" /><testcase classname="tests.admin_portal.bank_drop.test_bank_drop_ui" name="test_bank_drop_page_loads_with_primary_controls" time="17.173" /><testcase classname="tests.admin_portal.bank_drop.test_bank_drop_ui" name="test_bank_drop_grid_columns_are_visible" time="13.191" /><testcase classname="tests.admin_portal.bank_drop.test_bank_drop_ui" name="test_bank_drop_pagination_controls_visible" time="14.904" /><testcase classname="tests.admin_portal.bank_drop.test_bank_drop_ui" name="test_add_bank_drop_form_loads" time="18.937" /><testcase classname="tests.admin_portal.bank_drop.test_bank_drop_validation" name="test_blank_name_is_blocked" time="20.782" /><testcase classname="tests.admin_portal.bank_drop.test_bank_drop_validation" name="test_blank_order_is_blocked" time="14.274" /><testcase classname="tests.admin_portal.bank_drop.test_bank_drop_validation" name="test_non_numeric_order_rejected" time="21.925" /></testsuite></testsuites>