<?xml version="1.0" encoding="utf-8"?><testsuites name="pytest tests"><testsuite name="pytest" errors="18" failures="28" skipped="154" tests="487" time="29921.811" timestamp="2026-07-28T14:40:50.011311+05:30" hostname="VKs-MacBook-Pro.local"><testcase classname="tests.admin_portal.employees.test_employees_create" name="test_add_employee_form_opens" time="17.391" /><testcase classname="tests.admin_portal.employees.test_employees_create" name="test_create_active_employee" time="66.945"><skipped type="pytest.xfail" message="Location multi-select combobox locator uses label heuristics. Verify exact React Select element in DevTools before removing xfail." /></testcase><testcase classname="tests.admin_portal.employees.test_employees_create" name="test_create_inactive_employee" time="30.986"><skipped type="pytest.xfail" message="Location multi-select combobox locator uses label heuristics. Verify exact React Select element in DevTools before removing xfail." /></testcase><testcase classname="tests.admin_portal.employees.test_employees_create" name="test_create_employee_first_name_required" time="31.276" /><testcase classname="tests.admin_portal.employees.test_employees_create" name="test_create_employee_last_name_required" time="28.784" /><testcase classname="tests.admin_portal.employees.test_employees_create" name="test_create_employee_locations_required" time="46.119" /><testcase classname="tests.admin_portal.employees.test_employees_create" name="test_create_employee_email_required" time="35.122" /><testcase classname="tests.admin_portal.employees.test_employees_create" name="test_create_employee_phone_required" time="35.487" /><testcase classname="tests.admin_portal.employees.test_employees_create" name="test_create_employee_invalid_email_rejected" time="32.112" /><testcase classname="tests.admin_portal.employees.test_employees_create" name="test_create_employee_duplicate_email_rejected" time="396.991"><skipped type="pytest.xfail" message="Location multi-select combobox locator uses label heuristics. Verify exact React Select element in DevTools before removing xfail." /></testcase><testcase classname="tests.admin_portal.employees.test_employees_create" name="test_create_employee_single_location_persists" time="54.077" /><testcase classname="tests.admin_portal.employees.test_employees_create" name="test_create_employee_multiple_locations" time="33.947" /><testcase classname="tests.admin_portal.employees.test_employees_create" name="test_create_employee_hire_date_persists" time="42.165"><skipped type="pytest.xfail" message="EMP-CRT-013: Hire date calendar picker interaction not yet modelled. Verify date input name/type in DevTools and implement picker interaction." /></testcase><testcase classname="tests.admin_portal.employees.test_employees_create" name="test_create_employee_hire_date_optional" time="32.077" /><testcase classname="tests.admin_portal.employees.test_employees_create" name="test_create_employee_future_hire_date" time="30.214"><skipped type="pytest.xfail" message="EMP-CRT-015: Hire date calendar picker interaction not yet modelled. Verify date input name/type in DevTools and implement picker interaction." /></testcase><testcase classname="tests.admin_portal.employees.test_employees_create" name="test_create_employee_code_optional" time="43.407" /><testcase classname="tests.admin_portal.employees.test_employees_create" name="test_create_employee_duplicate_code_behavior" time="0.002"><skipped type="pytest.skip" message="EMP-CRT-017: Whether duplicate employee codes are blocked is a product decision. Confirm expected behaviour with the team before implementing the assertion.">/Users/vk/Documents/NxtWash Automation/nxtwash-automation/tests/admin_portal/employees/test_employees_create.py:360: EMP-CRT-017: Whether duplicate employee codes are blocked is a product decision. Confirm expected behaviour with the team before implementing the assertion.</skipped></testcase><testcase classname="tests.admin_portal.employees.test_employees_create" name="test_create_employee_hourly_wage_decimal" time="38.078" /><testcase classname="tests.admin_portal.employees.test_employees_create" name="test_create_employee_hourly_wage_optional" time="40.317" /><testcase classname="tests.admin_portal.employees.test_employees_create" name="test_create_employee_negative_wage_rejected" time="27.994" /><testcase classname="tests.admin_portal.employees.test_employees_create" name="test_create_employee_state_dropdown_has_options" time="11.174"><skipped type="pytest.xfail" message="EMP-CRT-021: State combobox locator uses label heuristics. Verify exact React Select element in DevTools before removing xfail." /></testcase><testcase classname="tests.admin_portal.employees.test_employees_create" name="test_create_employee_city_populates_after_state" time="37.508"><skipped type="pytest.xfail" message="EMP-CRT-022: State + City combobox cascade locators use label heuristics. Verify both dropdowns in DevTools before removing xfail." /></testcase><testcase classname="tests.admin_portal.employees.test_employees_create" name="test_create_employee_state_change_clears_city" time="32.819"><skipped type="pytest.xfail" message="EMP-CRT-023: State + City combobox cascade locators use label heuristics. Verify both dropdowns in DevTools before removing xfail." /></testcase><testcase classname="tests.admin_portal.employees.test_employees_create" name="test_create_employee_address_fields_optional" time="51.084" /><testcase classname="tests.admin_portal.employees.test_employees_create" name="test_create_employee_cancel_discards_form" time="156.158" /><testcase classname="tests.admin_portal.employees.test_employees_create" name="test_newly_created_employee_appears_immediately" time="0.002"><skipped type="pytest.skip" message="Manual — EMP-CRT-026: Grid refresh timing is inconsistent in staging; verify manually after creating an employee.">/Users/vk/Documents/NxtWash Automation/nxtwash-automation/tests/admin_portal/employees/test_employees_create.py:537: Manual — EMP-CRT-026: Grid refresh timing is inconsistent in staging; verify manually after creating an employee.</skipped></testcase><testcase classname="tests.admin_portal.employees.test_employees_edge_cases" name="test_employee_name_with_special_characters" time="162.579" /><testcase classname="tests.admin_portal.employees.test_employees_edge_cases" name="test_employee_data_persists_after_relogin" time="388.565"><error message="failed on setup with &quot;selenium.common.exceptions.TimeoutException: Message: &#10;Stacktrace:&#10;0   chromedriver                        0x0000000100f69a84 cxxbridge1$str$ptr + 3195292&#10;1   chromedriver                        0x0000000100f61b4c cxxbridge1$str$ptr + 3162724&#10;2   chromedriver                        0x0000000100a0b2a4 _RNvCs9NA52FrZ4pF_7___rustc35___rust_no_alloc_shim_is_unstable_v2 + 73836&#10;3   chromedriver                        0x0000000100a53a44 _RNvCs9NA52FrZ4pF_7___rustc35___rust_no_alloc_shim_is_unstable_v2 + 370700&#10;4   chromedriver                        0x0000000100a93030 _RNvCs9NA52FrZ4pF_7___rustc35___rust_no_alloc_shim_is_unstable_v2 + 630264&#10;5   chromedriver                        0x0000000100a49434 _RNvCs9NA52FrZ4pF_7___rustc35___rust_no_alloc_shim_is_unstable_v2 + 328188&#10;6   chromedriver                        0x0000000100f26c40 cxxbridge1$str$ptr + 2921304&#10;7   chromedriver                        0x0000000100f2a3b8 cxxbridge1$str$ptr + 2935504&#10;8   chromedriver                        0x0000000100f0d0f8 cxxbridge1$str$ptr + 2816016&#10;9   chromedriver                        0x0000000100f2ac4c cxxbridge1$str$ptr + 2937700&#10;10  chromedriver                        0x0000000100efe3b0 cxxbridge1$str$ptr + 2755272&#10;11  chromedriver                        0x0000000100f501f4 cxxbridge1$str$ptr + 3090700&#10;12  chromedriver                        0x0000000100f50354 cxxbridge1$str$ptr + 3091052&#10;13  chromedriver                        0x0000000100f617a4 cxxbridge1$str$ptr + 3161788&#10;14  libsystem_pthread.dylib             0x0000000199325c08 _pthread_start + 136&#10;15  libsystem_pthread.dylib             0x0000000199320ba8 thread_start + 8&quot;">tests/admin_portal/employees/conftest.py:199: in managed_employee
    page = create_employee_if_missing(browser)
           ^^^^^^^^^^^^^^^^^^^^^^^^^^^^^^^^^^^
tests/admin_portal/employees/conftest.py:181: in create_employee_if_missing
    page.wait_for_employee_row(last_name, timeout=180)
pages/admin_portal/employees_page.py:127: in wait_for_employee_row
    return WebDriverWait(self.driver, timeout).until(
venv/lib/python3.11/site-packages/selenium/webdriver/support/wait.py:121: in until
    raise TimeoutException(message, screen, stacktrace)
E   selenium.common.exceptions.TimeoutException: Message: 
E   Stacktrace:
E   0   chromedriver                        0x0000000100f69a84 cxxbridge1$str$ptr + 3195292
E   1   chromedriver                        0x0000000100f61b4c cxxbridge1$str$ptr + 3162724
E   2   chromedriver                        0x0000000100a0b2a4 _RNvCs9NA52FrZ4pF_7___rustc35___rust_no_alloc_shim_is_unstable_v2 + 73836
E   3   chromedriver                        0x0000000100a53a44 _RNvCs9NA52FrZ4pF_7___rustc35___rust_no_alloc_shim_is_unstable_v2 + 370700
E   4   chromedriver                        0x0000000100a93030 _RNvCs9NA52FrZ4pF_7___rustc35___rust_no_alloc_shim_is_unstable_v2 + 630264
E   5   chromedriver                        0x0000000100a49434 _RNvCs9NA52FrZ4pF_7___rustc35___rust_no_alloc_shim_is_unstable_v2 + 328188
E   6   chromedriver                        0x0000000100f26c40 cxxbridge1$str$ptr + 2921304
E   7   chromedriver                        0x0000000100f2a3b8 cxxbridge1$str$ptr + 2935504
E   8   chromedriver                        0x0000000100f0d0f8 cxxbridge1$str$ptr + 2816016
E   9   chromedriver                        0x0000000100f2ac4c cxxbridge1$str$ptr + 2937700
E   10  chromedriver                        0x0000000100efe3b0 cxxbridge1$str$ptr + 2755272
E   11  chromedriver                        0x0000000100f501f4 cxxbridge1$str$ptr + 3090700
E   12  chromedriver                        0x0000000100f50354 cxxbridge1$str$ptr + 3091052
E   13  chromedriver                        0x0000000100f617a4 cxxbridge1$str$ptr + 3161788
E   14  libsystem_pthread.dylib             0x0000000199325c08 _pthread_start + 136
E   15  libsystem_pthread.dylib             0x0000000199320ba8 thread_start + 8</error></testcase><testcase classname="tests.admin_portal.employees.test_employees_edge_cases" name="test_deactivated_employee_in_inactive_filter" time="394.625"><skipped type="pytest.xfail" message="EMP-EC-004: Inactive filter combo locator uses label heuristics. Verify status filter combobox DOM in DevTools before removing xfail." /></testcase><testcase classname="tests.admin_portal.employees.test_employees_edge_cases" name="test_edit_locations_required" time="385.313"><skipped type="pytest.xfail" message="EMP-EC-005: Location chip remove button uses class heuristics (multi-value__remove / chip-remove). Verify exact class names in DevTools." /></testcase><testcase classname="tests.admin_portal.employees.test_employees_edit" name="test_edit_form_opens_prepopulated" time="389.961"><error message="failed on setup with &quot;selenium.common.exceptions.TimeoutException: Message: &#10;Stacktrace:&#10;0   chromedriver                        0x0000000104671a84 cxxbridge1$str$ptr + 3195292&#10;1   chromedriver                        0x0000000104669b4c cxxbridge1$str$ptr + 3162724&#10;2   chromedriver                        0x00000001041132a4 _RNvCs9NA52FrZ4pF_7___rustc35___rust_no_alloc_shim_is_unstable_v2 + 73836&#10;3   chromedriver                        0x000000010415ba44 _RNvCs9NA52FrZ4pF_7___rustc35___rust_no_alloc_shim_is_unstable_v2 + 370700&#10;4   chromedriver                        0x000000010419b030 _RNvCs9NA52FrZ4pF_7___rustc35___rust_no_alloc_shim_is_unstable_v2 + 630264&#10;5   chromedriver                        0x0000000104151434 _RNvCs9NA52FrZ4pF_7___rustc35___rust_no_alloc_shim_is_unstable_v2 + 328188&#10;6   chromedriver                        0x000000010462ec40 cxxbridge1$str$ptr + 2921304&#10;7   chromedriver                        0x00000001046323b8 cxxbridge1$str$ptr + 2935504&#10;8   chromedriver                        0x00000001046150f8 cxxbridge1$str$ptr + 2816016&#10;9   chromedriver                        0x0000000104632c4c cxxbridge1$str$ptr + 2937700&#10;10  chromedriver                        0x00000001046063b0 cxxbridge1$str$ptr + 2755272&#10;11  chromedriver                        0x00000001046581f4 cxxbridge1$str$ptr + 3090700&#10;12  chromedriver                        0x0000000104658354 cxxbridge1$str$ptr + 3091052&#10;13  chromedriver                        0x00000001046697a4 cxxbridge1$str$ptr + 3161788&#10;14  libsystem_pthread.dylib             0x0000000199325c08 _pthread_start + 136&#10;15  libsystem_pthread.dylib             0x0000000199320ba8 thread_start + 8&quot;">tests/admin_portal/employees/conftest.py:199: in managed_employee
    page = create_employee_if_missing(browser)
           ^^^^^^^^^^^^^^^^^^^^^^^^^^^^^^^^^^^
tests/admin_portal/employees/conftest.py:181: in create_employee_if_missing
    page.wait_for_employee_row(last_name, timeout=180)
pages/admin_portal/employees_page.py:127: in wait_for_employee_row
    return WebDriverWait(self.driver, timeout).until(
venv/lib/python3.11/site-packages/selenium/webdriver/support/wait.py:121: in until
    raise TimeoutException(message, screen, stacktrace)
E   selenium.common.exceptions.TimeoutException: Message: 
E   Stacktrace:
E   0   chromedriver                        0x0000000104671a84 cxxbridge1$str$ptr + 3195292
E   1   chromedriver                        0x0000000104669b4c cxxbridge1$str$ptr + 3162724
E   2   chromedriver                        0x00000001041132a4 _RNvCs9NA52FrZ4pF_7___rustc35___rust_no_alloc_shim_is_unstable_v2 + 73836
E   3   chromedriver                        0x000000010415ba44 _RNvCs9NA52FrZ4pF_7___rustc35___rust_no_alloc_shim_is_unstable_v2 + 370700
E   4   chromedriver                        0x000000010419b030 _RNvCs9NA52FrZ4pF_7___rustc35___rust_no_alloc_shim_is_unstable_v2 + 630264
E   5   chromedriver                        0x0000000104151434 _RNvCs9NA52FrZ4pF_7___rustc35___rust_no_alloc_shim_is_unstable_v2 + 328188
E   6   chromedriver                        0x000000010462ec40 cxxbridge1$str$ptr + 2921304
E   7   chromedriver                        0x00000001046323b8 cxxbridge1$str$ptr + 2935504
E   8   chromedriver                        0x00000001046150f8 cxxbridge1$str$ptr + 2816016
E   9   chromedriver                        0x0000000104632c4c cxxbridge1$str$ptr + 2937700
E   10  chromedriver                        0x00000001046063b0 cxxbridge1$str$ptr + 2755272
E   11  chromedriver                        0x00000001046581f4 cxxbridge1$str$ptr + 3090700
E   12  chromedriver                        0x0000000104658354 cxxbridge1$str$ptr + 3091052
E   13  chromedriver                        0x00000001046697a4 cxxbridge1$str$ptr + 3161788
E   14  libsystem_pthread.dylib             0x0000000199325c08 _pthread_start + 136
E   15  libsystem_pthread.dylib             0x0000000199320ba8 thread_start + 8</error></testcase><testcase classname="tests.admin_portal.employees.test_employees_edit" name="test_edit_first_name_persists" time="372.360"><error message="failed on setup with &quot;selenium.common.exceptions.TimeoutException: Message: &#10;Stacktrace:&#10;0   chromedriver                        0x0000000102ec9a84 cxxbridge1$str$ptr + 3195292&#10;1   chromedriver                        0x0000000102ec1b4c cxxbridge1$str$ptr + 3162724&#10;2   chromedriver                        0x000000010296b2a4 _RNvCs9NA52FrZ4pF_7___rustc35___rust_no_alloc_shim_is_unstable_v2 + 73836&#10;3   chromedriver                        0x00000001029b3a44 _RNvCs9NA52FrZ4pF_7___rustc35___rust_no_alloc_shim_is_unstable_v2 + 370700&#10;4   chromedriver                        0x00000001029f3030 _RNvCs9NA52FrZ4pF_7___rustc35___rust_no_alloc_shim_is_unstable_v2 + 630264&#10;5   chromedriver                        0x00000001029a9434 _RNvCs9NA52FrZ4pF_7___rustc35___rust_no_alloc_shim_is_unstable_v2 + 328188&#10;6   chromedriver                        0x0000000102e86c40 cxxbridge1$str$ptr + 2921304&#10;7   chromedriver                        0x0000000102e8a3b8 cxxbridge1$str$ptr + 2935504&#10;8   chromedriver                        0x0000000102e6d0f8 cxxbridge1$str$ptr + 2816016&#10;9   chromedriver                        0x0000000102e8ac4c cxxbridge1$str$ptr + 2937700&#10;10  chromedriver                        0x0000000102e5e3b0 cxxbridge1$str$ptr + 2755272&#10;11  chromedriver                        0x0000000102eb01f4 cxxbridge1$str$ptr + 3090700&#10;12  chromedriver                        0x0000000102eb0354 cxxbridge1$str$ptr + 3091052&#10;13  chromedriver                        0x0000000102ec17a4 cxxbridge1$str$ptr + 3161788&#10;14  libsystem_pthread.dylib             0x0000000199325c08 _pthread_start + 136&#10;15  libsystem_pthread.dylib             0x0000000199320ba8 thread_start + 8&quot;">tests/admin_portal/employees/conftest.py:199: in managed_employee
    page = create_employee_if_missing(browser)
           ^^^^^^^^^^^^^^^^^^^^^^^^^^^^^^^^^^^
tests/admin_portal/employees/conftest.py:181: in create_employee_if_missing
    page.wait_for_employee_row(last_name, timeout=180)
pages/admin_portal/employees_page.py:127: in wait_for_employee_row
    return WebDriverWait(self.driver, timeout).until(
venv/lib/python3.11/site-packages/selenium/webdriver/support/wait.py:121: in until
    raise TimeoutException(message, screen, stacktrace)
E   selenium.common.exceptions.TimeoutException: Message: 
E   Stacktrace:
E   0   chromedriver                        0x0000000102ec9a84 cxxbridge1$str$ptr + 3195292
E   1   chromedriver                        0x0000000102ec1b4c cxxbridge1$str$ptr + 3162724
E   2   chromedriver                        0x000000010296b2a4 _RNvCs9NA52FrZ4pF_7___rustc35___rust_no_alloc_shim_is_unstable_v2 + 73836
E   3   chromedriver                        0x00000001029b3a44 _RNvCs9NA52FrZ4pF_7___rustc35___rust_no_alloc_shim_is_unstable_v2 + 370700
E   4   chromedriver                        0x00000001029f3030 _RNvCs9NA52FrZ4pF_7___rustc35___rust_no_alloc_shim_is_unstable_v2 + 630264
E   5   chromedriver                        0x00000001029a9434 _RNvCs9NA52FrZ4pF_7___rustc35___rust_no_alloc_shim_is_unstable_v2 + 328188
E   6   chromedriver                        0x0000000102e86c40 cxxbridge1$str$ptr + 2921304
E   7   chromedriver                        0x0000000102e8a3b8 cxxbridge1$str$ptr + 2935504
E   8   chromedriver                        0x0000000102e6d0f8 cxxbridge1$str$ptr + 2816016
E   9   chromedriver                        0x0000000102e8ac4c cxxbridge1$str$ptr + 2937700
E   10  chromedriver                        0x0000000102e5e3b0 cxxbridge1$str$ptr + 2755272
E   11  chromedriver                        0x0000000102eb01f4 cxxbridge1$str$ptr + 3090700
E   12  chromedriver                        0x0000000102eb0354 cxxbridge1$str$ptr + 3091052
E   13  chromedriver                        0x0000000102ec17a4 cxxbridge1$str$ptr + 3161788
E   14  libsystem_pthread.dylib             0x0000000199325c08 _pthread_start + 136
E   15  libsystem_pthread.dylib             0x0000000199320ba8 thread_start + 8</error></testcase><testcase classname="tests.admin_portal.employees.test_employees_edit" name="test_edit_last_name_persists" time="383.147"><error message="failed on setup with &quot;selenium.common.exceptions.TimeoutException: Message: &#10;Stacktrace:&#10;0   chromedriver                        0x00000001011e5a84 cxxbridge1$str$ptr + 3195292&#10;1   chromedriver                        0x00000001011ddb4c cxxbridge1$str$ptr + 3162724&#10;2   chromedriver                        0x0000000100c872a4 _RNvCs9NA52FrZ4pF_7___rustc35___rust_no_alloc_shim_is_unstable_v2 + 73836&#10;3   chromedriver                        0x0000000100ccfa44 _RNvCs9NA52FrZ4pF_7___rustc35___rust_no_alloc_shim_is_unstable_v2 + 370700&#10;4   chromedriver                        0x0000000100d0f030 _RNvCs9NA52FrZ4pF_7___rustc35___rust_no_alloc_shim_is_unstable_v2 + 630264&#10;5   chromedriver                        0x0000000100cc5434 _RNvCs9NA52FrZ4pF_7___rustc35___rust_no_alloc_shim_is_unstable_v2 + 328188&#10;6   chromedriver                        0x00000001011a2c40 cxxbridge1$str$ptr + 2921304&#10;7   chromedriver                        0x00000001011a63b8 cxxbridge1$str$ptr + 2935504&#10;8   chromedriver                        0x00000001011890f8 cxxbridge1$str$ptr + 2816016&#10;9   chromedriver                        0x00000001011a6c4c cxxbridge1$str$ptr + 2937700&#10;10  chromedriver                        0x000000010117a3b0 cxxbridge1$str$ptr + 2755272&#10;11  chromedriver                        0x00000001011cc1f4 cxxbridge1$str$ptr + 3090700&#10;12  chromedriver                        0x00000001011cc354 cxxbridge1$str$ptr + 3091052&#10;13  chromedriver                        0x00000001011dd7a4 cxxbridge1$str$ptr + 3161788&#10;14  libsystem_pthread.dylib             0x0000000199325c08 _pthread_start + 136&#10;15  libsystem_pthread.dylib             0x0000000199320ba8 thread_start + 8&quot;">tests/admin_portal/employees/conftest.py:199: in managed_employee
    page = create_employee_if_missing(browser)
           ^^^^^^^^^^^^^^^^^^^^^^^^^^^^^^^^^^^
tests/admin_portal/employees/conftest.py:181: in create_employee_if_missing
    page.wait_for_employee_row(last_name, timeout=180)
pages/admin_portal/employees_page.py:127: in wait_for_employee_row
    return WebDriverWait(self.driver, timeout).until(
venv/lib/python3.11/site-packages/selenium/webdriver/support/wait.py:121: in until
    raise TimeoutException(message, screen, stacktrace)
E   selenium.common.exceptions.TimeoutException: Message: 
E   Stacktrace:
E   0   chromedriver                        0x00000001011e5a84 cxxbridge1$str$ptr + 3195292
E   1   chromedriver                        0x00000001011ddb4c cxxbridge1$str$ptr + 3162724
E   2   chromedriver                        0x0000000100c872a4 _RNvCs9NA52FrZ4pF_7___rustc35___rust_no_alloc_shim_is_unstable_v2 + 73836
E   3   chromedriver                        0x0000000100ccfa44 _RNvCs9NA52FrZ4pF_7___rustc35___rust_no_alloc_shim_is_unstable_v2 + 370700
E   4   chromedriver                        0x0000000100d0f030 _RNvCs9NA52FrZ4pF_7___rustc35___rust_no_alloc_shim_is_unstable_v2 + 630264
E   5   chromedriver                        0x0000000100cc5434 _RNvCs9NA52FrZ4pF_7___rustc35___rust_no_alloc_shim_is_unstable_v2 + 328188
E   6   chromedriver                        0x00000001011a2c40 cxxbridge1$str$ptr + 2921304
E   7   chromedriver                        0x00000001011a63b8 cxxbridge1$str$ptr + 2935504
E   8   chromedriver                        0x00000001011890f8 cxxbridge1$str$ptr + 2816016
E   9   chromedriver                        0x00000001011a6c4c cxxbridge1$str$ptr + 2937700
E   10  chromedriver                        0x000000010117a3b0 cxxbridge1$str$ptr + 2755272
E   11  chromedriver                        0x00000001011cc1f4 cxxbridge1$str$ptr + 3090700
E   12  chromedriver                        0x00000001011cc354 cxxbridge1$str$ptr + 3091052
E   13  chromedriver                        0x00000001011dd7a4 cxxbridge1$str$ptr + 3161788
E   14  libsystem_pthread.dylib             0x0000000199325c08 _pthread_start + 136
E   15  libsystem_pthread.dylib             0x0000000199320ba8 thread_start + 8</error></testcase><testcase classname="tests.admin_portal.employees.test_employees_edit" name="test_edit_locations_persists" time="381.603"><skipped type="pytest.xfail" message="EMP-EDT-004: Location multi-select combobox locator uses label heuristics. Verify React Select DOM in DevTools before removing xfail." /></testcase><testcase classname="tests.admin_portal.employees.test_employees_edit" name="test_edit_email_persists" time="398.303"><error message="failed on setup with &quot;selenium.common.exceptions.TimeoutException: Message: &#10;Stacktrace:&#10;0   chromedriver                        0x0000000101059a84 cxxbridge1$str$ptr + 3195292&#10;1   chromedriver                        0x0000000101051b4c cxxbridge1$str$ptr + 3162724&#10;2   chromedriver                        0x0000000100afb2a4 _RNvCs9NA52FrZ4pF_7___rustc35___rust_no_alloc_shim_is_unstable_v2 + 73836&#10;3   chromedriver                        0x0000000100b43a44 _RNvCs9NA52FrZ4pF_7___rustc35___rust_no_alloc_shim_is_unstable_v2 + 370700&#10;4   chromedriver                        0x0000000100b83030 _RNvCs9NA52FrZ4pF_7___rustc35___rust_no_alloc_shim_is_unstable_v2 + 630264&#10;5   chromedriver                        0x0000000100b39434 _RNvCs9NA52FrZ4pF_7___rustc35___rust_no_alloc_shim_is_unstable_v2 + 328188&#10;6   chromedriver                        0x0000000101016c40 cxxbridge1$str$ptr + 2921304&#10;7   chromedriver                        0x000000010101a3b8 cxxbridge1$str$ptr + 2935504&#10;8   chromedriver                        0x0000000100ffd0f8 cxxbridge1$str$ptr + 2816016&#10;9   chromedriver                        0x000000010101ac4c cxxbridge1$str$ptr + 2937700&#10;10  chromedriver                        0x0000000100fee3b0 cxxbridge1$str$ptr + 2755272&#10;11  chromedriver                        0x00000001010401f4 cxxbridge1$str$ptr + 3090700&#10;12  chromedriver                        0x0000000101040354 cxxbridge1$str$ptr + 3091052&#10;13  chromedriver                        0x00000001010517a4 cxxbridge1$str$ptr + 3161788&#10;14  libsystem_pthread.dylib             0x0000000199325c08 _pthread_start + 136&#10;15  libsystem_pthread.dylib             0x0000000199320ba8 thread_start + 8&quot;">tests/admin_portal/employees/conftest.py:199: in managed_employee
    page = create_employee_if_missing(browser)
           ^^^^^^^^^^^^^^^^^^^^^^^^^^^^^^^^^^^
tests/admin_portal/employees/conftest.py:181: in create_employee_if_missing
    page.wait_for_employee_row(last_name, timeout=180)
pages/admin_portal/employees_page.py:127: in wait_for_employee_row
    return WebDriverWait(self.driver, timeout).until(
venv/lib/python3.11/site-packages/selenium/webdriver/support/wait.py:121: in until
    raise TimeoutException(message, screen, stacktrace)
E   selenium.common.exceptions.TimeoutException: Message: 
E   Stacktrace:
E   0   chromedriver                        0x0000000101059a84 cxxbridge1$str$ptr + 3195292
E   1   chromedriver                        0x0000000101051b4c cxxbridge1$str$ptr + 3162724
E   2   chromedriver                        0x0000000100afb2a4 _RNvCs9NA52FrZ4pF_7___rustc35___rust_no_alloc_shim_is_unstable_v2 + 73836
E   3   chromedriver                        0x0000000100b43a44 _RNvCs9NA52FrZ4pF_7___rustc35___rust_no_alloc_shim_is_unstable_v2 + 370700
E   4   chromedriver                        0x0000000100b83030 _RNvCs9NA52FrZ4pF_7___rustc35___rust_no_alloc_shim_is_unstable_v2 + 630264
E   5   chromedriver                        0x0000000100b39434 _RNvCs9NA52FrZ4pF_7___rustc35___rust_no_alloc_shim_is_unstable_v2 + 328188
E   6   chromedriver                        0x0000000101016c40 cxxbridge1$str$ptr + 2921304
E   7   chromedriver                        0x000000010101a3b8 cxxbridge1$str$ptr + 2935504
E   8   chromedriver                        0x0000000100ffd0f8 cxxbridge1$str$ptr + 2816016
E   9   chromedriver                        0x000000010101ac4c cxxbridge1$str$ptr + 2937700
E   10  chromedriver                        0x0000000100fee3b0 cxxbridge1$str$ptr + 2755272
E   11  chromedriver                        0x00000001010401f4 cxxbridge1$str$ptr + 3090700
E   12  chromedriver                        0x0000000101040354 cxxbridge1$str$ptr + 3091052
E   13  chromedriver                        0x00000001010517a4 cxxbridge1$str$ptr + 3161788
E   14  libsystem_pthread.dylib             0x0000000199325c08 _pthread_start + 136
E   15  libsystem_pthread.dylib             0x0000000199320ba8 thread_start + 8</error></testcase><testcase classname="tests.admin_portal.employees.test_employees_edit" name="test_edit_phone_persists" time="372.609"><error message="failed on setup with &quot;selenium.common.exceptions.TimeoutException: Message: &#10;Stacktrace:&#10;0   chromedriver                        0x0000000104d51a84 cxxbridge1$str$ptr + 3195292&#10;1   chromedriver                        0x0000000104d49b4c cxxbridge1$str$ptr + 3162724&#10;2   chromedriver                        0x00000001047f32a4 _RNvCs9NA52FrZ4pF_7___rustc35___rust_no_alloc_shim_is_unstable_v2 + 73836&#10;3   chromedriver                        0x000000010483ba44 _RNvCs9NA52FrZ4pF_7___rustc35___rust_no_alloc_shim_is_unstable_v2 + 370700&#10;4   chromedriver                        0x000000010487b030 _RNvCs9NA52FrZ4pF_7___rustc35___rust_no_alloc_shim_is_unstable_v2 + 630264&#10;5   chromedriver                        0x0000000104831434 _RNvCs9NA52FrZ4pF_7___rustc35___rust_no_alloc_shim_is_unstable_v2 + 328188&#10;6   chromedriver                        0x0000000104d0ec40 cxxbridge1$str$ptr + 2921304&#10;7   chromedriver                        0x0000000104d123b8 cxxbridge1$str$ptr + 2935504&#10;8   chromedriver                        0x0000000104cf50f8 cxxbridge1$str$ptr + 2816016&#10;9   chromedriver                        0x0000000104d12c4c cxxbridge1$str$ptr + 2937700&#10;10  chromedriver                        0x0000000104ce63b0 cxxbridge1$str$ptr + 2755272&#10;11  chromedriver                        0x0000000104d381f4 cxxbridge1$str$ptr + 3090700&#10;12  chromedriver                        0x0000000104d38354 cxxbridge1$str$ptr + 3091052&#10;13  chromedriver                        0x0000000104d497a4 cxxbridge1$str$ptr + 3161788&#10;14  libsystem_pthread.dylib             0x0000000199325c08 _pthread_start + 136&#10;15  libsystem_pthread.dylib             0x0000000199320ba8 thread_start + 8&quot;">tests/admin_portal/employees/conftest.py:199: in managed_employee
    page = create_employee_if_missing(browser)
           ^^^^^^^^^^^^^^^^^^^^^^^^^^^^^^^^^^^
tests/admin_portal/employees/conftest.py:181: in create_employee_if_missing
    page.wait_for_employee_row(last_name, timeout=180)
pages/admin_portal/employees_page.py:127: in wait_for_employee_row
    return WebDriverWait(self.driver, timeout).until(
venv/lib/python3.11/site-packages/selenium/webdriver/support/wait.py:121: in until
    raise TimeoutException(message, screen, stacktrace)
E   selenium.common.exceptions.TimeoutException: Message: 
E   Stacktrace:
E   0   chromedriver                        0x0000000104d51a84 cxxbridge1$str$ptr + 3195292
E   1   chromedriver                        0x0000000104d49b4c cxxbridge1$str$ptr + 3162724
E   2   chromedriver                        0x00000001047f32a4 _RNvCs9NA52FrZ4pF_7___rustc35___rust_no_alloc_shim_is_unstable_v2 + 73836
E   3   chromedriver                        0x000000010483ba44 _RNvCs9NA52FrZ4pF_7___rustc35___rust_no_alloc_shim_is_unstable_v2 + 370700
E   4   chromedriver                        0x000000010487b030 _RNvCs9NA52FrZ4pF_7___rustc35___rust_no_alloc_shim_is_unstable_v2 + 630264
E   5   chromedriver                        0x0000000104831434 _RNvCs9NA52FrZ4pF_7___rustc35___rust_no_alloc_shim_is_unstable_v2 + 328188
E   6   chromedriver                        0x0000000104d0ec40 cxxbridge1$str$ptr + 2921304
E   7   chromedriver                        0x0000000104d123b8 cxxbridge1$str$ptr + 2935504
E   8   chromedriver                        0x0000000104cf50f8 cxxbridge1$str$ptr + 2816016
E   9   chromedriver                        0x0000000104d12c4c cxxbridge1$str$ptr + 2937700
E   10  chromedriver                        0x0000000104ce63b0 cxxbridge1$str$ptr + 2755272
E   11  chromedriver                        0x0000000104d381f4 cxxbridge1$str$ptr + 3090700
E   12  chromedriver                        0x0000000104d38354 cxxbridge1$str$ptr + 3091052
E   13  chromedriver                        0x0000000104d497a4 cxxbridge1$str$ptr + 3161788
E   14  libsystem_pthread.dylib             0x0000000199325c08 _pthread_start + 136
E   15  libsystem_pthread.dylib             0x0000000199320ba8 thread_start + 8</error></testcase><testcase classname="tests.admin_portal.employees.test_employees_edit" name="test_edit_hourly_wage_persists" time="155.289"><skipped type="pytest.xfail" message="EMP-EDT-007: Hourly wage field uses JS React setter (_set_input_value). Verify input name and that the value round-trips correctly in DevTools." /></testcase><testcase classname="tests.admin_portal.employees.test_employees_edit" name="test_edit_hire_date_persists" time="371.840"><skipped type="pytest.xfail" message="EMP-EDT-008: Hire date calendar picker interaction not yet modelled. Verify date input type and picker DOM structure in DevTools." /></testcase><testcase classname="tests.admin_portal.employees.test_employees_edit" name="test_edit_employee_code_persists" time="372.363"><skipped type="pytest.xfail" message="EMP-EDT-009: Employee code input locator uses name heuristics. Verify exact @name attribute in DevTools before removing xfail." /></testcase><testcase classname="tests.admin_portal.employees.test_employees_edit" name="test_activate_inactive_employee" time="0.001"><skipped type="pytest.skip" message="Manual: after deactivation the employee disappears from the default (Active-only) list view, so the automation cannot re-open the edit form without first switching the filter to Inactive. Verify the deactivate → reactivate flow manually until the test is updated to apply that filter.">/Users/vk/Documents/NxtWash Automation/nxtwash-automation/tests/admin_portal/employees/test_employees_edit.py:174: Manual: after deactivation the employee disappears from the default (Active-only) list view, so the automation cannot re-open the edit form without first switching the filter to Inactive. Verify the deactivate → reactivate flow manually until the test is updated to apply that filter.</skipped></testcase><testcase classname="tests.admin_portal.employees.test_employees_edit" name="test_deactivate_active_employee" time="373.470"><error message="failed on setup with &quot;selenium.common.exceptions.TimeoutException: Message: &#10;Stacktrace:&#10;0   chromedriver                        0x00000001009ada84 cxxbridge1$str$ptr + 3195292&#10;1   chromedriver                        0x00000001009a5b4c cxxbridge1$str$ptr + 3162724&#10;2   chromedriver                        0x000000010044f2a4 _RNvCs9NA52FrZ4pF_7___rustc35___rust_no_alloc_shim_is_unstable_v2 + 73836&#10;3   chromedriver                        0x0000000100497a44 _RNvCs9NA52FrZ4pF_7___rustc35___rust_no_alloc_shim_is_unstable_v2 + 370700&#10;4   chromedriver                        0x00000001004d7030 _RNvCs9NA52FrZ4pF_7___rustc35___rust_no_alloc_shim_is_unstable_v2 + 630264&#10;5   chromedriver                        0x000000010048d434 _RNvCs9NA52FrZ4pF_7___rustc35___rust_no_alloc_shim_is_unstable_v2 + 328188&#10;6   chromedriver                        0x000000010096ac40 cxxbridge1$str$ptr + 2921304&#10;7   chromedriver                        0x000000010096e3b8 cxxbridge1$str$ptr + 2935504&#10;8   chromedriver                        0x00000001009510f8 cxxbridge1$str$ptr + 2816016&#10;9   chromedriver                        0x000000010096ec4c cxxbridge1$str$ptr + 2937700&#10;10  chromedriver                        0x00000001009423b0 cxxbridge1$str$ptr + 2755272&#10;11  chromedriver                        0x00000001009941f4 cxxbridge1$str$ptr + 3090700&#10;12  chromedriver                        0x0000000100994354 cxxbridge1$str$ptr + 3091052&#10;13  chromedriver                        0x00000001009a57a4 cxxbridge1$str$ptr + 3161788&#10;14  libsystem_pthread.dylib             0x0000000199325c08 _pthread_start + 136&#10;15  libsystem_pthread.dylib             0x0000000199320ba8 thread_start + 8&quot;">tests/admin_portal/employees/conftest.py:199: in managed_employee
    page = create_employee_if_missing(browser)
           ^^^^^^^^^^^^^^^^^^^^^^^^^^^^^^^^^^^
tests/admin_portal/employees/conftest.py:181: in create_employee_if_missing
    page.wait_for_employee_row(last_name, timeout=180)
pages/admin_portal/employees_page.py:127: in wait_for_employee_row
    return WebDriverWait(self.driver, timeout).until(
venv/lib/python3.11/site-packages/selenium/webdriver/support/wait.py:121: in until
    raise TimeoutException(message, screen, stacktrace)
E   selenium.common.exceptions.TimeoutException: Message: 
E   Stacktrace:
E   0   chromedriver                        0x00000001009ada84 cxxbridge1$str$ptr + 3195292
E   1   chromedriver                        0x00000001009a5b4c cxxbridge1$str$ptr + 3162724
E   2   chromedriver                        0x000000010044f2a4 _RNvCs9NA52FrZ4pF_7___rustc35___rust_no_alloc_shim_is_unstable_v2 + 73836
E   3   chromedriver                        0x0000000100497a44 _RNvCs9NA52FrZ4pF_7___rustc35___rust_no_alloc_shim_is_unstable_v2 + 370700
E   4   chromedriver                        0x00000001004d7030 _RNvCs9NA52FrZ4pF_7___rustc35___rust_no_alloc_shim_is_unstable_v2 + 630264
E   5   chromedriver                        0x000000010048d434 _RNvCs9NA52FrZ4pF_7___rustc35___rust_no_alloc_shim_is_unstable_v2 + 328188
E   6   chromedriver                        0x000000010096ac40 cxxbridge1$str$ptr + 2921304
E   7   chromedriver                        0x000000010096e3b8 cxxbridge1$str$ptr + 2935504
E   8   chromedriver                        0x00000001009510f8 cxxbridge1$str$ptr + 2816016
E   9   chromedriver                        0x000000010096ec4c cxxbridge1$str$ptr + 2937700
E   10  chromedriver                        0x00000001009423b0 cxxbridge1$str$ptr + 2755272
E   11  chromedriver                        0x00000001009941f4 cxxbridge1$str$ptr + 3090700
E   12  chromedriver                        0x0000000100994354 cxxbridge1$str$ptr + 3091052
E   13  chromedriver                        0x00000001009a57a4 cxxbridge1$str$ptr + 3161788
E   14  libsystem_pthread.dylib             0x0000000199325c08 _pthread_start + 136
E   15  libsystem_pthread.dylib             0x0000000199320ba8 thread_start + 8</error></testcase><testcase classname="tests.admin_portal.employees.test_employees_edit" name="test_edit_clear_first_name_blocked" time="154.503"><error message="failed on setup with &quot;selenium.common.exceptions.StaleElementReferenceException: Message: stale element reference: stale element not found in the current frame&#10;  (Session info: chrome=150.0.7871.187); For documentation on this error, please visit: https://www.selenium.dev/documentation/webdriver/troubleshooting/errors#staleelementreferenceexception&#10;Stacktrace:&#10;0   chromedriver                        0x0000000105345a84 cxxbridge1$str$ptr + 3195292&#10;1   chromedriver                        0x000000010533db4c cxxbridge1$str$ptr + 3162724&#10;2   chromedriver                        0x0000000104de72a4 _RNvCs9NA52FrZ4pF_7___rustc35___rust_no_alloc_shim_is_unstable_v2 + 73836&#10;3   chromedriver                        0x0000000104ded464 _RNvCs9NA52FrZ4pF_7___rustc35___rust_no_alloc_shim_is_unstable_v2 + 98860&#10;4   chromedriver                        0x0000000104def678 _RNvCs9NA52FrZ4pF_7___rustc35___rust_no_alloc_shim_is_unstable_v2 + 107584&#10;5   chromedriver                        0x0000000104def730 _RNvCs9NA52FrZ4pF_7___rustc35___rust_no_alloc_shim_is_unstable_v2 + 107768&#10;6   chromedriver                        0x0000000104e2c30c _RNvCs9NA52FrZ4pF_7___rustc35___rust_no_alloc_shim_is_unstable_v2 + 356564&#10;7   chromedriver                        0x0000000104e26934 _RNvCs9NA52FrZ4pF_7___rustc35___rust_no_alloc_shim_is_unstable_v2 + 333564&#10;8   chromedriver                        0x0000000104e6f030 _RNvCs9NA52FrZ4pF_7___rustc35___rust_no_alloc_shim_is_unstable_v2 + 630264&#10;9   chromedriver                        0x0000000104e25434 _RNvCs9NA52FrZ4pF_7___rustc35___rust_no_alloc_shim_is_unstable_v2 + 328188&#10;10  chromedriver                        0x0000000105302c40 cxxbridge1$str$ptr + 2921304&#10;11  chromedriver                        0x00000001053063b8 cxxbridge1$str$ptr + 2935504&#10;12  chromedriver                        0x00000001052e90f8 cxxbridge1$str$ptr + 2816016&#10;13  chromedriver                        0x0000000105306c4c cxxbridge1$str$ptr + 2937700&#10;14  chromedriver                        0x00000001052da3b0 cxxbridge1$str$ptr + 2755272&#10;15  chromedriver                        0x000000010532c1f4 cxxbridge1$str$ptr + 3090700&#10;16  chromedriver                        0x000000010532c354 cxxbridge1$str$ptr + 3091052&#10;17  chromedriver                        0x000000010533d7a4 cxxbridge1$str$ptr + 3161788&#10;18  libsystem_pthread.dylib             0x0000000199325c08 _pthread_start + 136&#10;19  libsystem_pthread.dylib             0x0000000199320ba8 thread_start + 8&quot;">tests/admin_portal/employees/conftest.py:199: in managed_employee
    page = create_employee_if_missing(browser)
           ^^^^^^^^^^^^^^^^^^^^^^^^^^^^^^^^^^^
tests/admin_portal/employees/conftest.py:142: in create_employee_if_missing
    form.assign_locations(locations)
pages/admin_portal/employees_page.py:426: in assign_locations
    self.select_react_dropdown_option(
pages/common/base_page.py:90: in select_react_dropdown_option
    if combobox.tag_name.lower() == "input":
       ^^^^^^^^^^^^^^^^^
venv/lib/python3.11/site-packages/selenium/webdriver/remote/webelement.py:92: in tag_name
    return self._execute(Command.GET_ELEMENT_TAG_NAME)["value"]
           ^^^^^^^^^^^^^^^^^^^^^^^^^^^^^^^^^^^^^^^^^^^
venv/lib/python3.11/site-packages/selenium/webdriver/remote/webelement.py:508: in _execute
    return self._parent.execute(command, params)
           ^^^^^^^^^^^^^^^^^^^^^^^^^^^^^^^^^^^^^
venv/lib/python3.11/site-packages/selenium/webdriver/remote/webdriver.py:468: in execute
    self.error_handler.check_response(response)
venv/lib/python3.11/site-packages/selenium/webdriver/remote/errorhandler.py:232: in check_response
    raise exception_class(message, screen, stacktrace)
E   selenium.common.exceptions.StaleElementReferenceException: Message: stale element reference: stale element not found in the current frame
E     (Session info: chrome=150.0.7871.187); For documentation on this error, please visit: https://www.selenium.dev/documentation/webdriver/troubleshooting/errors#staleelementreferenceexception
E   Stacktrace:
E   0   chromedriver                        0x0000000105345a84 cxxbridge1$str$ptr + 3195292
E   1   chromedriver                        0x000000010533db4c cxxbridge1$str$ptr + 3162724
E   2   chromedriver                        0x0000000104de72a4 _RNvCs9NA52FrZ4pF_7___rustc35___rust_no_alloc_shim_is_unstable_v2 + 73836
E   3   chromedriver                        0x0000000104ded464 _RNvCs9NA52FrZ4pF_7___rustc35___rust_no_alloc_shim_is_unstable_v2 + 98860
E   4   chromedriver                        0x0000000104def678 _RNvCs9NA52FrZ4pF_7___rustc35___rust_no_alloc_shim_is_unstable_v2 + 107584
E   5   chromedriver                        0x0000000104def730 _RNvCs9NA52FrZ4pF_7___rustc35___rust_no_alloc_shim_is_unstable_v2 + 107768
E   6   chromedriver                        0x0000000104e2c30c _RNvCs9NA52FrZ4pF_7___rustc35___rust_no_alloc_shim_is_unstable_v2 + 356564
E   7   chromedriver                        0x0000000104e26934 _RNvCs9NA52FrZ4pF_7___rustc35___rust_no_alloc_shim_is_unstable_v2 + 333564
E   8   chromedriver                        0x0000000104e6f030 _RNvCs9NA52FrZ4pF_7___rustc35___rust_no_alloc_shim_is_unstable_v2 + 630264
E   9   chromedriver                        0x0000000104e25434 _RNvCs9NA52FrZ4pF_7___rustc35___rust_no_alloc_shim_is_unstable_v2 + 328188
E   10  chromedriver                        0x0000000105302c40 cxxbridge1$str$ptr + 2921304
E   11  chromedriver                        0x00000001053063b8 cxxbridge1$str$ptr + 2935504
E   12  chromedriver                        0x00000001052e90f8 cxxbridge1$str$ptr + 2816016
E   13  chromedriver                        0x0000000105306c4c cxxbridge1$str$ptr + 2937700
E   14  chromedriver                        0x00000001052da3b0 cxxbridge1$str$ptr + 2755272
E   15  chromedriver                        0x000000010532c1f4 cxxbridge1$str$ptr + 3090700
E   16  chromedriver                        0x000000010532c354 cxxbridge1$str$ptr + 3091052
E   17  chromedriver                        0x000000010533d7a4 cxxbridge1$str$ptr + 3161788
E   18  libsystem_pthread.dylib             0x0000000199325c08 _pthread_start + 136
E   19  libsystem_pthread.dylib             0x0000000199320ba8 thread_start + 8</error></testcase><testcase classname="tests.admin_portal.employees.test_employees_edit" name="test_edit_clear_last_name_blocked" time="145.684"><error message="failed on setup with &quot;selenium.common.exceptions.StaleElementReferenceException: Message: stale element reference: stale element not found in the current frame&#10;  (Session info: chrome=150.0.7871.187); For documentation on this error, please visit: https://www.selenium.dev/documentation/webdriver/troubleshooting/errors#staleelementreferenceexception&#10;Stacktrace:&#10;0   chromedriver                        0x0000000100931a84 cxxbridge1$str$ptr + 3195292&#10;1   chromedriver                        0x0000000100929b4c cxxbridge1$str$ptr + 3162724&#10;2   chromedriver                        0x00000001003d32a4 _RNvCs9NA52FrZ4pF_7___rustc35___rust_no_alloc_shim_is_unstable_v2 + 73836&#10;3   chromedriver                        0x00000001003d9464 _RNvCs9NA52FrZ4pF_7___rustc35___rust_no_alloc_shim_is_unstable_v2 + 98860&#10;4   chromedriver                        0x00000001003db678 _RNvCs9NA52FrZ4pF_7___rustc35___rust_no_alloc_shim_is_unstable_v2 + 107584&#10;5   chromedriver                        0x00000001003db730 _RNvCs9NA52FrZ4pF_7___rustc35___rust_no_alloc_shim_is_unstable_v2 + 107768&#10;6   chromedriver                        0x000000010041864c _RNvCs9NA52FrZ4pF_7___rustc35___rust_no_alloc_shim_is_unstable_v2 + 357396&#10;7   chromedriver                        0x0000000100412934 _RNvCs9NA52FrZ4pF_7___rustc35___rust_no_alloc_shim_is_unstable_v2 + 333564&#10;8   chromedriver                        0x000000010045b030 _RNvCs9NA52FrZ4pF_7___rustc35___rust_no_alloc_shim_is_unstable_v2 + 630264&#10;9   chromedriver                        0x0000000100411434 _RNvCs9NA52FrZ4pF_7___rustc35___rust_no_alloc_shim_is_unstable_v2 + 328188&#10;10  chromedriver                        0x00000001008eec40 cxxbridge1$str$ptr + 2921304&#10;11  chromedriver                        0x00000001008f23b8 cxxbridge1$str$ptr + 2935504&#10;12  chromedriver                        0x00000001008d50f8 cxxbridge1$str$ptr + 2816016&#10;13  chromedriver                        0x00000001008f2c4c cxxbridge1$str$ptr + 2937700&#10;14  chromedriver                        0x00000001008c63b0 cxxbridge1$str$ptr + 2755272&#10;15  chromedriver                        0x00000001009181f4 cxxbridge1$str$ptr + 3090700&#10;16  chromedriver                        0x0000000100918354 cxxbridge1$str$ptr + 3091052&#10;17  chromedriver                        0x00000001009297a4 cxxbridge1$str$ptr + 3161788&#10;18  libsystem_pthread.dylib             0x0000000199325c08 _pthread_start + 136&#10;19  libsystem_pthread.dylib             0x0000000199320ba8 thread_start + 8&quot;">tests/admin_portal/employees/conftest.py:199: in managed_employee
    page = create_employee_if_missing(browser)
           ^^^^^^^^^^^^^^^^^^^^^^^^^^^^^^^^^^^
tests/admin_portal/employees/conftest.py:142: in create_employee_if_missing
    form.assign_locations(locations)
pages/admin_portal/employees_page.py:426: in assign_locations
    self.select_react_dropdown_option(
pages/common/base_page.py:79: in select_react_dropdown_option
    combobox = self.wait.until(EC.element_to_be_clickable(combobox_locator))
               ^^^^^^^^^^^^^^^^^^^^^^^^^^^^^^^^^^^^^^^^^^^^^^^^^^^^^^^^^^^^^
venv/lib/python3.11/site-packages/selenium/webdriver/support/wait.py:112: in until
    value = method(self._driver)
            ^^^^^^^^^^^^^^^^^^^^
venv/lib/python3.11/site-packages/selenium/webdriver/support/expected_conditions.py:516: in _predicate
    if element and element.is_enabled():
                   ^^^^^^^^^^^^^^^^^^^^
venv/lib/python3.11/site-packages/selenium/webdriver/remote/webelement.py:235: in is_enabled
    return self._execute(Command.IS_ELEMENT_ENABLED)["value"]
           ^^^^^^^^^^^^^^^^^^^^^^^^^^^^^^^^^^^^^^^^^
venv/lib/python3.11/site-packages/selenium/webdriver/remote/webelement.py:508: in _execute
    return self._parent.execute(command, params)
           ^^^^^^^^^^^^^^^^^^^^^^^^^^^^^^^^^^^^^
venv/lib/python3.11/site-packages/selenium/webdriver/remote/webdriver.py:468: in execute
    self.error_handler.check_response(response)
venv/lib/python3.11/site-packages/selenium/webdriver/remote/errorhandler.py:232: in check_response
    raise exception_class(message, screen, stacktrace)
E   selenium.common.exceptions.StaleElementReferenceException: Message: stale element reference: stale element not found in the current frame
E     (Session info: chrome=150.0.7871.187); For documentation on this error, please visit: https://www.selenium.dev/documentation/webdriver/troubleshooting/errors#staleelementreferenceexception
E   Stacktrace:
E   0   chromedriver                        0x0000000100931a84 cxxbridge1$str$ptr + 3195292
E   1   chromedriver                        0x0000000100929b4c cxxbridge1$str$ptr + 3162724
E   2   chromedriver                        0x00000001003d32a4 _RNvCs9NA52FrZ4pF_7___rustc35___rust_no_alloc_shim_is_unstable_v2 + 73836
E   3   chromedriver                        0x00000001003d9464 _RNvCs9NA52FrZ4pF_7___rustc35___rust_no_alloc_shim_is_unstable_v2 + 98860
E   4   chromedriver                        0x00000001003db678 _RNvCs9NA52FrZ4pF_7___rustc35___rust_no_alloc_shim_is_unstable_v2 + 107584
E   5   chromedriver                        0x00000001003db730 _RNvCs9NA52FrZ4pF_7___rustc35___rust_no_alloc_shim_is_unstable_v2 + 107768
E   6   chromedriver                        0x000000010041864c _RNvCs9NA52FrZ4pF_7___rustc35___rust_no_alloc_shim_is_unstable_v2 + 357396
E   7   chromedriver                        0x0000000100412934 _RNvCs9NA52FrZ4pF_7___rustc35___rust_no_alloc_shim_is_unstable_v2 + 333564
E   8   chromedriver                        0x000000010045b030 _RNvCs9NA52FrZ4pF_7___rustc35___rust_no_alloc_shim_is_unstable_v2 + 630264
E   9   chromedriver                        0x0000000100411434 _RNvCs9NA52FrZ4pF_7___rustc35___rust_no_alloc_shim_is_unstable_v2 + 328188
E   10  chromedriver                        0x00000001008eec40 cxxbridge1$str$ptr + 2921304
E   11  chromedriver                        0x00000001008f23b8 cxxbridge1$str$ptr + 2935504
E   12  chromedriver                        0x00000001008d50f8 cxxbridge1$str$ptr + 2816016
E   13  chromedriver                        0x00000001008f2c4c cxxbridge1$str$ptr + 2937700
E   14  chromedriver                        0x00000001008c63b0 cxxbridge1$str$ptr + 2755272
E   15  chromedriver                        0x00000001009181f4 cxxbridge1$str$ptr + 3090700
E   16  chromedriver                        0x0000000100918354 cxxbridge1$str$ptr + 3091052
E   17  chromedriver                        0x00000001009297a4 cxxbridge1$str$ptr + 3161788
E   18  libsystem_pthread.dylib             0x0000000199325c08 _pthread_start + 136
E   19  libsystem_pthread.dylib             0x0000000199320ba8 thread_start + 8</error></testcase><testcase classname="tests.admin_portal.employees.test_employees_edit" name="test_edit_invalid_email_blocked" time="381.463"><error message="failed on setup with &quot;selenium.common.exceptions.TimeoutException: Message: &#10;Stacktrace:&#10;0   chromedriver                        0x00000001051c5a84 cxxbridge1$str$ptr + 3195292&#10;1   chromedriver                        0x00000001051bdb4c cxxbridge1$str$ptr + 3162724&#10;2   chromedriver                        0x0000000104c672a4 _RNvCs9NA52FrZ4pF_7___rustc35___rust_no_alloc_shim_is_unstable_v2 + 73836&#10;3   chromedriver                        0x0000000104cafa44 _RNvCs9NA52FrZ4pF_7___rustc35___rust_no_alloc_shim_is_unstable_v2 + 370700&#10;4   chromedriver                        0x0000000104cef030 _RNvCs9NA52FrZ4pF_7___rustc35___rust_no_alloc_shim_is_unstable_v2 + 630264&#10;5   chromedriver                        0x0000000104ca5434 _RNvCs9NA52FrZ4pF_7___rustc35___rust_no_alloc_shim_is_unstable_v2 + 328188&#10;6   chromedriver                        0x0000000105182c40 cxxbridge1$str$ptr + 2921304&#10;7   chromedriver                        0x00000001051863b8 cxxbridge1$str$ptr + 2935504&#10;8   chromedriver                        0x00000001051690f8 cxxbridge1$str$ptr + 2816016&#10;9   chromedriver                        0x0000000105186c4c cxxbridge1$str$ptr + 2937700&#10;10  chromedriver                        0x000000010515a3b0 cxxbridge1$str$ptr + 2755272&#10;11  chromedriver                        0x00000001051ac1f4 cxxbridge1$str$ptr + 3090700&#10;12  chromedriver                        0x00000001051ac354 cxxbridge1$str$ptr + 3091052&#10;13  chromedriver                        0x00000001051bd7a4 cxxbridge1$str$ptr + 3161788&#10;14  libsystem_pthread.dylib             0x0000000199325c08 _pthread_start + 136&#10;15  libsystem_pthread.dylib             0x0000000199320ba8 thread_start + 8&quot;">tests/admin_portal/employees/conftest.py:199: in managed_employee
    page = create_employee_if_missing(browser)
           ^^^^^^^^^^^^^^^^^^^^^^^^^^^^^^^^^^^
tests/admin_portal/employees/conftest.py:181: in create_employee_if_missing
    page.wait_for_employee_row(last_name, timeout=180)
pages/admin_portal/employees_page.py:127: in wait_for_employee_row
    return WebDriverWait(self.driver, timeout).until(
venv/lib/python3.11/site-packages/selenium/webdriver/support/wait.py:121: in until
    raise TimeoutException(message, screen, stacktrace)
E   selenium.common.exceptions.TimeoutException: Message: 
E   Stacktrace:
E   0   chromedriver                        0x00000001051c5a84 cxxbridge1$str$ptr + 3195292
E   1   chromedriver                        0x00000001051bdb4c cxxbridge1$str$ptr + 3162724
E   2   chromedriver                        0x0000000104c672a4 _RNvCs9NA52FrZ4pF_7___rustc35___rust_no_alloc_shim_is_unstable_v2 + 73836
E   3   chromedriver                        0x0000000104cafa44 _RNvCs9NA52FrZ4pF_7___rustc35___rust_no_alloc_shim_is_unstable_v2 + 370700
E   4   chromedriver                        0x0000000104cef030 _RNvCs9NA52FrZ4pF_7___rustc35___rust_no_alloc_shim_is_unstable_v2 + 630264
E   5   chromedriver                        0x0000000104ca5434 _RNvCs9NA52FrZ4pF_7___rustc35___rust_no_alloc_shim_is_unstable_v2 + 328188
E   6   chromedriver                        0x0000000105182c40 cxxbridge1$str$ptr + 2921304
E   7   chromedriver                        0x00000001051863b8 cxxbridge1$str$ptr + 2935504
E   8   chromedriver                        0x00000001051690f8 cxxbridge1$str$ptr + 2816016
E   9   chromedriver                        0x0000000105186c4c cxxbridge1$str$ptr + 2937700
E   10  chromedriver                        0x000000010515a3b0 cxxbridge1$str$ptr + 2755272
E   11  chromedriver                        0x00000001051ac1f4 cxxbridge1$str$ptr + 3090700
E   12  chromedriver                        0x00000001051ac354 cxxbridge1$str$ptr + 3091052
E   13  chromedriver                        0x00000001051bd7a4 cxxbridge1$str$ptr + 3161788
E   14  libsystem_pthread.dylib             0x0000000199325c08 _pthread_start + 136
E   15  libsystem_pthread.dylib             0x0000000199320ba8 thread_start + 8</error></testcase><testcase classname="tests.admin_portal.employees.test_employees_edit" name="test_edit_cancel_discards_changes" time="390.560"><error message="failed on setup with &quot;selenium.common.exceptions.TimeoutException: Message: &#10;Stacktrace:&#10;0   chromedriver                        0x0000000101165a84 cxxbridge1$str$ptr + 3195292&#10;1   chromedriver                        0x000000010115db4c cxxbridge1$str$ptr + 3162724&#10;2   chromedriver                        0x0000000100c072a4 _RNvCs9NA52FrZ4pF_7___rustc35___rust_no_alloc_shim_is_unstable_v2 + 73836&#10;3   chromedriver                        0x0000000100c4fa44 _RNvCs9NA52FrZ4pF_7___rustc35___rust_no_alloc_shim_is_unstable_v2 + 370700&#10;4   chromedriver                        0x0000000100c8f030 _RNvCs9NA52FrZ4pF_7___rustc35___rust_no_alloc_shim_is_unstable_v2 + 630264&#10;5   chromedriver                        0x0000000100c45434 _RNvCs9NA52FrZ4pF_7___rustc35___rust_no_alloc_shim_is_unstable_v2 + 328188&#10;6   chromedriver                        0x0000000101122c40 cxxbridge1$str$ptr + 2921304&#10;7   chromedriver                        0x00000001011263b8 cxxbridge1$str$ptr + 2935504&#10;8   chromedriver                        0x00000001011090f8 cxxbridge1$str$ptr + 2816016&#10;9   chromedriver                        0x0000000101126c4c cxxbridge1$str$ptr + 2937700&#10;10  chromedriver                        0x00000001010fa3b0 cxxbridge1$str$ptr + 2755272&#10;11  chromedriver                        0x000000010114c1f4 cxxbridge1$str$ptr + 3090700&#10;12  chromedriver                        0x000000010114c354 cxxbridge1$str$ptr + 3091052&#10;13  chromedriver                        0x000000010115d7a4 cxxbridge1$str$ptr + 3161788&#10;14  libsystem_pthread.dylib             0x0000000199325c08 _pthread_start + 136&#10;15  libsystem_pthread.dylib             0x0000000199320ba8 thread_start + 8&quot;">tests/admin_portal/employees/conftest.py:199: in managed_employee
    page = create_employee_if_missing(browser)
           ^^^^^^^^^^^^^^^^^^^^^^^^^^^^^^^^^^^
tests/admin_portal/employees/conftest.py:181: in create_employee_if_missing
    page.wait_for_employee_row(last_name, timeout=180)
pages/admin_portal/employees_page.py:127: in wait_for_employee_row
    return WebDriverWait(self.driver, timeout).until(
venv/lib/python3.11/site-packages/selenium/webdriver/support/wait.py:121: in until
    raise TimeoutException(message, screen, stacktrace)
E   selenium.common.exceptions.TimeoutException: Message: 
E   Stacktrace:
E   0   chromedriver                        0x0000000101165a84 cxxbridge1$str$ptr + 3195292
E   1   chromedriver                        0x000000010115db4c cxxbridge1$str$ptr + 3162724
E   2   chromedriver                        0x0000000100c072a4 _RNvCs9NA52FrZ4pF_7___rustc35___rust_no_alloc_shim_is_unstable_v2 + 73836
E   3   chromedriver                        0x0000000100c4fa44 _RNvCs9NA52FrZ4pF_7___rustc35___rust_no_alloc_shim_is_unstable_v2 + 370700
E   4   chromedriver                        0x0000000100c8f030 _RNvCs9NA52FrZ4pF_7___rustc35___rust_no_alloc_shim_is_unstable_v2 + 630264
E   5   chromedriver                        0x0000000100c45434 _RNvCs9NA52FrZ4pF_7___rustc35___rust_no_alloc_shim_is_unstable_v2 + 328188
E   6   chromedriver                        0x0000000101122c40 cxxbridge1$str$ptr + 2921304
E   7   chromedriver                        0x00000001011263b8 cxxbridge1$str$ptr + 2935504
E   8   chromedriver                        0x00000001011090f8 cxxbridge1$str$ptr + 2816016
E   9   chromedriver                        0x0000000101126c4c cxxbridge1$str$ptr + 2937700
E   10  chromedriver                        0x00000001010fa3b0 cxxbridge1$str$ptr + 2755272
E   11  chromedriver                        0x000000010114c1f4 cxxbridge1$str$ptr + 3090700
E   12  chromedriver                        0x000000010114c354 cxxbridge1$str$ptr + 3091052
E   13  chromedriver                        0x000000010115d7a4 cxxbridge1$str$ptr + 3161788
E   14  libsystem_pthread.dylib             0x0000000199325c08 _pthread_start + 136
E   15  libsystem_pthread.dylib             0x0000000199320ba8 thread_start + 8</error></testcase><testcase classname="tests.admin_portal.employees.test_employees_export" name="test_export_button_clickable" time="21.790" /><testcase classname="tests.admin_portal.employees.test_employees_filter" name="test_filter_panel_opens" time="14.564" /><testcase classname="tests.admin_portal.employees.test_employees_filter" name="test_filter_by_active_status" time="384.753"><skipped type="pytest.xfail" message="Filter panel locators (status combobox, apply button) use label heuristics. Verify exact DOM structure in DevTools before removing xfail." /></testcase><testcase classname="tests.admin_portal.employees.test_employees_filter" name="test_filter_by_inactive_status" time="20.393" /><testcase classname="tests.admin_portal.employees.test_employees_filter" name="test_filter_result_count_matches_rows" time="385.582"><skipped type="pytest.xfail" message="Filter panel locators (status combobox, apply button) use label heuristics. Verify exact DOM structure in DevTools before removing xfail." /></testcase><testcase classname="tests.admin_portal.employees.test_employees_filter" name="test_reset_all_clears_filters" time="148.892"><skipped type="pytest.xfail" message="Filter panel locators (status combobox, apply button) use label heuristics. Verify exact DOM structure in DevTools before removing xfail." /></testcase><testcase classname="tests.admin_portal.employees.test_employees_list" name="test_employees_page_loads" time="18.560" /><testcase classname="tests.admin_portal.employees.test_employees_list" name="test_employees_list_displays_correct_columns" time="21.866" /><testcase classname="tests.admin_portal.employees.test_employees_list" name="test_shift_status_inactive_when_no_active_shift" time="383.715"><error message="failed on setup with &quot;selenium.common.exceptions.TimeoutException: Message: &#10;Stacktrace:&#10;0   chromedriver                        0x00000001026d1a84 cxxbridge1$str$ptr + 3195292&#10;1   chromedriver                        0x00000001026c9b4c cxxbridge1$str$ptr + 3162724&#10;2   chromedriver                        0x00000001021732a4 _RNvCs9NA52FrZ4pF_7___rustc35___rust_no_alloc_shim_is_unstable_v2 + 73836&#10;3   chromedriver                        0x00000001021bba44 _RNvCs9NA52FrZ4pF_7___rustc35___rust_no_alloc_shim_is_unstable_v2 + 370700&#10;4   chromedriver                        0x00000001021fb030 _RNvCs9NA52FrZ4pF_7___rustc35___rust_no_alloc_shim_is_unstable_v2 + 630264&#10;5   chromedriver                        0x00000001021b1434 _RNvCs9NA52FrZ4pF_7___rustc35___rust_no_alloc_shim_is_unstable_v2 + 328188&#10;6   chromedriver                        0x000000010268ec40 cxxbridge1$str$ptr + 2921304&#10;7   chromedriver                        0x00000001026923b8 cxxbridge1$str$ptr + 2935504&#10;8   chromedriver                        0x00000001026750f8 cxxbridge1$str$ptr + 2816016&#10;9   chromedriver                        0x0000000102692c4c cxxbridge1$str$ptr + 2937700&#10;10  chromedriver                        0x00000001026663b0 cxxbridge1$str$ptr + 2755272&#10;11  chromedriver                        0x00000001026b81f4 cxxbridge1$str$ptr + 3090700&#10;12  chromedriver                        0x00000001026b8354 cxxbridge1$str$ptr + 3091052&#10;13  chromedriver                        0x00000001026c97a4 cxxbridge1$str$ptr + 3161788&#10;14  libsystem_pthread.dylib             0x0000000199325c08 _pthread_start + 136&#10;15  libsystem_pthread.dylib             0x0000000199320ba8 thread_start + 8&quot;">tests/admin_portal/employees/conftest.py:199: in managed_employee
    page = create_employee_if_missing(browser)
           ^^^^^^^^^^^^^^^^^^^^^^^^^^^^^^^^^^^
tests/admin_portal/employees/conftest.py:181: in create_employee_if_missing
    page.wait_for_employee_row(last_name, timeout=180)
pages/admin_portal/employees_page.py:127: in wait_for_employee_row
    return WebDriverWait(self.driver, timeout).until(
venv/lib/python3.11/site-packages/selenium/webdriver/support/wait.py:121: in until
    raise TimeoutException(message, screen, stacktrace)
E   selenium.common.exceptions.TimeoutException: Message: 
E   Stacktrace:
E   0   chromedriver                        0x00000001026d1a84 cxxbridge1$str$ptr + 3195292
E   1   chromedriver                        0x00000001026c9b4c cxxbridge1$str$ptr + 3162724
E   2   chromedriver                        0x00000001021732a4 _RNvCs9NA52FrZ4pF_7___rustc35___rust_no_alloc_shim_is_unstable_v2 + 73836
E   3   chromedriver                        0x00000001021bba44 _RNvCs9NA52FrZ4pF_7___rustc35___rust_no_alloc_shim_is_unstable_v2 + 370700
E   4   chromedriver                        0x00000001021fb030 _RNvCs9NA52FrZ4pF_7___rustc35___rust_no_alloc_shim_is_unstable_v2 + 630264
E   5   chromedriver                        0x00000001021b1434 _RNvCs9NA52FrZ4pF_7___rustc35___rust_no_alloc_shim_is_unstable_v2 + 328188
E   6   chromedriver                        0x000000010268ec40 cxxbridge1$str$ptr + 2921304
E   7   chromedriver                        0x00000001026923b8 cxxbridge1$str$ptr + 2935504
E   8   chromedriver                        0x00000001026750f8 cxxbridge1$str$ptr + 2816016
E   9   chromedriver                        0x0000000102692c4c cxxbridge1$str$ptr + 2937700
E   10  chromedriver                        0x00000001026663b0 cxxbridge1$str$ptr + 2755272
E   11  chromedriver                        0x00000001026b81f4 cxxbridge1$str$ptr + 3090700
E   12  chromedriver                        0x00000001026b8354 cxxbridge1$str$ptr + 3091052
E   13  chromedriver                        0x00000001026c97a4 cxxbridge1$str$ptr + 3161788
E   14  libsystem_pthread.dylib             0x0000000199325c08 _pthread_start + 136
E   15  libsystem_pthread.dylib             0x0000000199320ba8 thread_start + 8</error></testcase><testcase classname="tests.admin_portal.employees.test_employees_list" name="test_status_column_shows_badge" time="385.916"><error message="failed on setup with &quot;selenium.common.exceptions.TimeoutException: Message: &#10;Stacktrace:&#10;0   chromedriver                        0x0000000104fd5a84 cxxbridge1$str$ptr + 3195292&#10;1   chromedriver                        0x0000000104fcdb4c cxxbridge1$str$ptr + 3162724&#10;2   chromedriver                        0x0000000104a772a4 _RNvCs9NA52FrZ4pF_7___rustc35___rust_no_alloc_shim_is_unstable_v2 + 73836&#10;3   chromedriver                        0x0000000104abfa44 _RNvCs9NA52FrZ4pF_7___rustc35___rust_no_alloc_shim_is_unstable_v2 + 370700&#10;4   chromedriver                        0x0000000104aff030 _RNvCs9NA52FrZ4pF_7___rustc35___rust_no_alloc_shim_is_unstable_v2 + 630264&#10;5   chromedriver                        0x0000000104ab5434 _RNvCs9NA52FrZ4pF_7___rustc35___rust_no_alloc_shim_is_unstable_v2 + 328188&#10;6   chromedriver                        0x0000000104f92c40 cxxbridge1$str$ptr + 2921304&#10;7   chromedriver                        0x0000000104f963b8 cxxbridge1$str$ptr + 2935504&#10;8   chromedriver                        0x0000000104f790f8 cxxbridge1$str$ptr + 2816016&#10;9   chromedriver                        0x0000000104f96c4c cxxbridge1$str$ptr + 2937700&#10;10  chromedriver                        0x0000000104f6a3b0 cxxbridge1$str$ptr + 2755272&#10;11  chromedriver                        0x0000000104fbc1f4 cxxbridge1$str$ptr + 3090700&#10;12  chromedriver                        0x0000000104fbc354 cxxbridge1$str$ptr + 3091052&#10;13  chromedriver                        0x0000000104fcd7a4 cxxbridge1$str$ptr + 3161788&#10;14  libsystem_pthread.dylib             0x0000000199325c08 _pthread_start + 136&#10;15  libsystem_pthread.dylib             0x0000000199320ba8 thread_start + 8&quot;">tests/admin_portal/employees/conftest.py:199: in managed_employee
    page = create_employee_if_missing(browser)
           ^^^^^^^^^^^^^^^^^^^^^^^^^^^^^^^^^^^
tests/admin_portal/employees/conftest.py:181: in create_employee_if_missing
    page.wait_for_employee_row(last_name, timeout=180)
pages/admin_portal/employees_page.py:127: in wait_for_employee_row
    return WebDriverWait(self.driver, timeout).until(
venv/lib/python3.11/site-packages/selenium/webdriver/support/wait.py:121: in until
    raise TimeoutException(message, screen, stacktrace)
E   selenium.common.exceptions.TimeoutException: Message: 
E   Stacktrace:
E   0   chromedriver                        0x0000000104fd5a84 cxxbridge1$str$ptr + 3195292
E   1   chromedriver                        0x0000000104fcdb4c cxxbridge1$str$ptr + 3162724
E   2   chromedriver                        0x0000000104a772a4 _RNvCs9NA52FrZ4pF_7___rustc35___rust_no_alloc_shim_is_unstable_v2 + 73836
E   3   chromedriver                        0x0000000104abfa44 _RNvCs9NA52FrZ4pF_7___rustc35___rust_no_alloc_shim_is_unstable_v2 + 370700
E   4   chromedriver                        0x0000000104aff030 _RNvCs9NA52FrZ4pF_7___rustc35___rust_no_alloc_shim_is_unstable_v2 + 630264
E   5   chromedriver                        0x0000000104ab5434 _RNvCs9NA52FrZ4pF_7___rustc35___rust_no_alloc_shim_is_unstable_v2 + 328188
E   6   chromedriver                        0x0000000104f92c40 cxxbridge1$str$ptr + 2921304
E   7   chromedriver                        0x0000000104f963b8 cxxbridge1$str$ptr + 2935504
E   8   chromedriver                        0x0000000104f790f8 cxxbridge1$str$ptr + 2816016
E   9   chromedriver                        0x0000000104f96c4c cxxbridge1$str$ptr + 2937700
E   10  chromedriver                        0x0000000104f6a3b0 cxxbridge1$str$ptr + 2755272
E   11  chromedriver                        0x0000000104fbc1f4 cxxbridge1$str$ptr + 3090700
E   12  chromedriver                        0x0000000104fbc354 cxxbridge1$str$ptr + 3091052
E   13  chromedriver                        0x0000000104fcd7a4 cxxbridge1$str$ptr + 3161788
E   14  libsystem_pthread.dylib             0x0000000199325c08 _pthread_start + 136
E   15  libsystem_pthread.dylib             0x0000000199320ba8 thread_start + 8</error></testcase><testcase classname="tests.admin_portal.employees.test_employees_list" name="test_employees_pagination_shows_count" time="12.217" /><testcase classname="tests.admin_portal.employees.test_employees_list" name="test_results_per_page_updates_rows" time="30.972"><skipped type="pytest.xfail" message="EMP-LST-006: Results-per-page dropdown locator not yet verified in DevTools. Activate once the per-page select element is confirmed." /></testcase><testcase classname="tests.admin_portal.employees.test_employees_list" name="test_search_by_exact_last_name" time="380.875"><error message="failed on setup with &quot;selenium.common.exceptions.TimeoutException: Message: &#10;Stacktrace:&#10;0   chromedriver                        0x0000000104d99a84 cxxbridge1$str$ptr + 3195292&#10;1   chromedriver                        0x0000000104d91b4c cxxbridge1$str$ptr + 3162724&#10;2   chromedriver                        0x000000010483b2a4 _RNvCs9NA52FrZ4pF_7___rustc35___rust_no_alloc_shim_is_unstable_v2 + 73836&#10;3   chromedriver                        0x0000000104883a44 _RNvCs9NA52FrZ4pF_7___rustc35___rust_no_alloc_shim_is_unstable_v2 + 370700&#10;4   chromedriver                        0x00000001048c3030 _RNvCs9NA52FrZ4pF_7___rustc35___rust_no_alloc_shim_is_unstable_v2 + 630264&#10;5   chromedriver                        0x0000000104879434 _RNvCs9NA52FrZ4pF_7___rustc35___rust_no_alloc_shim_is_unstable_v2 + 328188&#10;6   chromedriver                        0x0000000104d56c40 cxxbridge1$str$ptr + 2921304&#10;7   chromedriver                        0x0000000104d5a3b8 cxxbridge1$str$ptr + 2935504&#10;8   chromedriver                        0x0000000104d3d0f8 cxxbridge1$str$ptr + 2816016&#10;9   chromedriver                        0x0000000104d5ac4c cxxbridge1$str$ptr + 2937700&#10;10  chromedriver                        0x0000000104d2e3b0 cxxbridge1$str$ptr + 2755272&#10;11  chromedriver                        0x0000000104d801f4 cxxbridge1$str$ptr + 3090700&#10;12  chromedriver                        0x0000000104d80354 cxxbridge1$str$ptr + 3091052&#10;13  chromedriver                        0x0000000104d917a4 cxxbridge1$str$ptr + 3161788&#10;14  libsystem_pthread.dylib             0x0000000199325c08 _pthread_start + 136&#10;15  libsystem_pthread.dylib             0x0000000199320ba8 thread_start + 8&quot;">tests/admin_portal/employees/conftest.py:199: in managed_employee
    page = create_employee_if_missing(browser)
           ^^^^^^^^^^^^^^^^^^^^^^^^^^^^^^^^^^^
tests/admin_portal/employees/conftest.py:181: in create_employee_if_missing
    page.wait_for_employee_row(last_name, timeout=180)
pages/admin_portal/employees_page.py:127: in wait_for_employee_row
    return WebDriverWait(self.driver, timeout).until(
venv/lib/python3.11/site-packages/selenium/webdriver/support/wait.py:121: in until
    raise TimeoutException(message, screen, stacktrace)
E   selenium.common.exceptions.TimeoutException: Message: 
E   Stacktrace:
E   0   chromedriver                        0x0000000104d99a84 cxxbridge1$str$ptr + 3195292
E   1   chromedriver                        0x0000000104d91b4c cxxbridge1$str$ptr + 3162724
E   2   chromedriver                        0x000000010483b2a4 _RNvCs9NA52FrZ4pF_7___rustc35___rust_no_alloc_shim_is_unstable_v2 + 73836
E   3   chromedriver                        0x0000000104883a44 _RNvCs9NA52FrZ4pF_7___rustc35___rust_no_alloc_shim_is_unstable_v2 + 370700
E   4   chromedriver                        0x00000001048c3030 _RNvCs9NA52FrZ4pF_7___rustc35___rust_no_alloc_shim_is_unstable_v2 + 630264
E   5   chromedriver                        0x0000000104879434 _RNvCs9NA52FrZ4pF_7___rustc35___rust_no_alloc_shim_is_unstable_v2 + 328188
E   6   chromedriver                        0x0000000104d56c40 cxxbridge1$str$ptr + 2921304
E   7   chromedriver                        0x0000000104d5a3b8 cxxbridge1$str$ptr + 2935504
E   8   chromedriver                        0x0000000104d3d0f8 cxxbridge1$str$ptr + 2816016
E   9   chromedriver                        0x0000000104d5ac4c cxxbridge1$str$ptr + 2937700
E   10  chromedriver                        0x0000000104d2e3b0 cxxbridge1$str$ptr + 2755272
E   11  chromedriver                        0x0000000104d801f4 cxxbridge1$str$ptr + 3090700
E   12  chromedriver                        0x0000000104d80354 cxxbridge1$str$ptr + 3091052
E   13  chromedriver                        0x0000000104d917a4 cxxbridge1$str$ptr + 3161788
E   14  libsystem_pthread.dylib             0x0000000199325c08 _pthread_start + 136
E   15  libsystem_pthread.dylib             0x0000000199320ba8 thread_start + 8</error></testcase><testcase classname="tests.admin_portal.employees.test_employees_list" name="test_search_by_partial_last_name" time="381.233"><error message="failed on setup with &quot;selenium.common.exceptions.TimeoutException: Message: &#10;Stacktrace:&#10;0   chromedriver                        0x0000000101279a84 cxxbridge1$str$ptr + 3195292&#10;1   chromedriver                        0x0000000101271b4c cxxbridge1$str$ptr + 3162724&#10;2   chromedriver                        0x0000000100d1b2a4 _RNvCs9NA52FrZ4pF_7___rustc35___rust_no_alloc_shim_is_unstable_v2 + 73836&#10;3   chromedriver                        0x0000000100d63a44 _RNvCs9NA52FrZ4pF_7___rustc35___rust_no_alloc_shim_is_unstable_v2 + 370700&#10;4   chromedriver                        0x0000000100da3030 _RNvCs9NA52FrZ4pF_7___rustc35___rust_no_alloc_shim_is_unstable_v2 + 630264&#10;5   chromedriver                        0x0000000100d59434 _RNvCs9NA52FrZ4pF_7___rustc35___rust_no_alloc_shim_is_unstable_v2 + 328188&#10;6   chromedriver                        0x0000000101236c40 cxxbridge1$str$ptr + 2921304&#10;7   chromedriver                        0x000000010123a3b8 cxxbridge1$str$ptr + 2935504&#10;8   chromedriver                        0x000000010121d0f8 cxxbridge1$str$ptr + 2816016&#10;9   chromedriver                        0x000000010123ac4c cxxbridge1$str$ptr + 2937700&#10;10  chromedriver                        0x000000010120e3b0 cxxbridge1$str$ptr + 2755272&#10;11  chromedriver                        0x00000001012601f4 cxxbridge1$str$ptr + 3090700&#10;12  chromedriver                        0x0000000101260354 cxxbridge1$str$ptr + 3091052&#10;13  chromedriver                        0x00000001012717a4 cxxbridge1$str$ptr + 3161788&#10;14  libsystem_pthread.dylib             0x0000000199325c08 _pthread_start + 136&#10;15  libsystem_pthread.dylib             0x0000000199320ba8 thread_start + 8&quot;">tests/admin_portal/employees/conftest.py:199: in managed_employee
    page = create_employee_if_missing(browser)
           ^^^^^^^^^^^^^^^^^^^^^^^^^^^^^^^^^^^
tests/admin_portal/employees/conftest.py:181: in create_employee_if_missing
    page.wait_for_employee_row(last_name, timeout=180)
pages/admin_portal/employees_page.py:127: in wait_for_employee_row
    return WebDriverWait(self.driver, timeout).until(
venv/lib/python3.11/site-packages/selenium/webdriver/support/wait.py:121: in until
    raise TimeoutException(message, screen, stacktrace)
E   selenium.common.exceptions.TimeoutException: Message: 
E   Stacktrace:
E   0   chromedriver                        0x0000000101279a84 cxxbridge1$str$ptr + 3195292
E   1   chromedriver                        0x0000000101271b4c cxxbridge1$str$ptr + 3162724
E   2   chromedriver                        0x0000000100d1b2a4 _RNvCs9NA52FrZ4pF_7___rustc35___rust_no_alloc_shim_is_unstable_v2 + 73836
E   3   chromedriver                        0x0000000100d63a44 _RNvCs9NA52FrZ4pF_7___rustc35___rust_no_alloc_shim_is_unstable_v2 + 370700
E   4   chromedriver                        0x0000000100da3030 _RNvCs9NA52FrZ4pF_7___rustc35___rust_no_alloc_shim_is_unstable_v2 + 630264
E   5   chromedriver                        0x0000000100d59434 _RNvCs9NA52FrZ4pF_7___rustc35___rust_no_alloc_shim_is_unstable_v2 + 328188
E   6   chromedriver                        0x0000000101236c40 cxxbridge1$str$ptr + 2921304
E   7   chromedriver                        0x000000010123a3b8 cxxbridge1$str$ptr + 2935504
E   8   chromedriver                        0x000000010121d0f8 cxxbridge1$str$ptr + 2816016
E   9   chromedriver                        0x000000010123ac4c cxxbridge1$str$ptr + 2937700
E   10  chromedriver                        0x000000010120e3b0 cxxbridge1$str$ptr + 2755272
E   11  chromedriver                        0x00000001012601f4 cxxbridge1$str$ptr + 3090700
E   12  chromedriver                        0x0000000101260354 cxxbridge1$str$ptr + 3091052
E   13  chromedriver                        0x00000001012717a4 cxxbridge1$str$ptr + 3161788
E   14  libsystem_pthread.dylib             0x0000000199325c08 _pthread_start + 136
[...]
Verify the Employees module. Original error: Message:</skipped></testcase><testcase classname="tests.admin_portal.users.test_users_search" name="test_users_search_exact_phone" time="59.102"><skipped type="pytest.skip" message="Could not create test user — EMPLOYEE_NAME 'test user 3' may not exist in staging. Verify the Employees module. Original error: Message:">/Users/vk/Documents/NxtWash Automation/nxtwash-automation/tests/admin_portal/users/conftest.py:96: Could not create test user — EMPLOYEE_NAME 'test user 3' may not exist in staging. Verify the Employees module. Original error: Message:</skipped></testcase><testcase classname="tests.admin_portal.users.test_users_search" name="test_users_search_partial_phone" time="57.799"><skipped type="pytest.skip" message="Could not create test user — EMPLOYEE_NAME 'test user 3' may not exist in staging. Verify the Employees module. Original error: Message:">/Users/vk/Documents/NxtWash Automation/nxtwash-automation/tests/admin_portal/users/conftest.py:96: Could not create test user — EMPLOYEE_NAME 'test user 3' may not exist in staging. Verify the Employees module. Original error: Message:</skipped></testcase><testcase classname="tests.admin_portal.users.test_users_search" name="test_users_search_nonexistent_phone_shows_empty" time="9.160" /><testcase classname="tests.admin_portal.users.test_users_search" name="test_users_search_clear_restores_list" time="67.587"><skipped type="pytest.skip" message="Could not create test user — EMPLOYEE_NAME 'test user 3' may not exist in staging. Verify the Employees module. Original error: Message:">/Users/vk/Documents/NxtWash Automation/nxtwash-automation/tests/admin_portal/users/conftest.py:96: Could not create test user — EMPLOYEE_NAME 'test user 3' may not exist in staging. Verify the Employees module. Original error: Message:</skipped></testcase><testcase classname="tests.admin_portal.coupon_packages.test_coupon_packages_customer_tab" name="test_customer_coupon_packages_tab_loads" time="12.595" /><testcase classname="tests.admin_portal.coupon_packages.test_coupon_packages_customer_tab" name="test_customer_coupon_packages_grid_columns_visible" time="10.620" /><testcase classname="tests.admin_portal.coupon_packages.test_coupon_packages_customer_tab" name="test_customer_coupon_exact_search" time="0.002"><skipped type="pytest.skip" message="Requires POS-generated coupon code data — deferred until POS dependency is available">/Users/vk/Documents/NxtWash Automation/nxtwash-automation/tests/admin_portal/coupon_packages/test_coupon_packages_customer_tab.py:37: Requires POS-generated coupon code data — deferred until POS dependency is available</skipped></testcase><testcase classname="tests.admin_portal.coupon_packages.test_coupon_packages_customer_tab" name="test_customer_coupon_partial_search" time="0.008"><skipped type="pytest.skip" message="Requires POS-generated coupon code data — deferred until POS dependency is available">/Users/vk/Documents/NxtWash Automation/nxtwash-automation/tests/admin_portal/coupon_packages/test_coupon_packages_customer_tab.py:44: Requires POS-generated coupon code data — deferred until POS dependency is available</skipped></testcase><testcase classname="tests.admin_portal.coupon_packages.test_coupon_packages_customer_tab" name="test_customer_coupon_missing_search" time="0.000"><skipped type="pytest.skip" message="Requires POS-generated coupon code data — deferred until POS dependency is available">/Users/vk/Documents/NxtWash Automation/nxtwash-automation/tests/admin_portal/coupon_packages/test_coupon_packages_customer_tab.py:51: Requires POS-generated coupon code data — deferred until POS dependency is available</skipped></testcase><testcase classname="tests.admin_portal.coupon_packages.test_coupon_packages_customer_tab" name="test_customer_coupon_filter_used" time="0.000"><skipped type="pytest.skip" message="Requires POS-generated coupon code data — deferred until POS dependency is available">/Users/vk/Documents/NxtWash Automation/nxtwash-automation/tests/admin_portal/coupon_packages/test_coupon_packages_customer_tab.py:58: Requires POS-generated coupon code data — deferred until POS dependency is available</skipped></testcase><testcase classname="tests.admin_portal.coupon_packages.test_coupon_packages_customer_tab" name="test_customer_coupon_filter_not_used" time="0.001"><skipped type="pytest.skip" message="Requires POS-generated coupon code data — deferred until POS dependency is available">/Users/vk/Documents/NxtWash Automation/nxtwash-automation/tests/admin_portal/coupon_packages/test_coupon_packages_customer_tab.py:65: Requires POS-generated coupon code data — deferred until POS dependency is available</skipped></testcase><testcase classname="tests.admin_portal.coupon_packages.test_coupon_packages_customer_tab" name="test_customer_coupon_filter_all" time="0.000"><skipped type="pytest.skip" message="Requires POS-generated coupon code data — deferred until POS dependency is available">/Users/vk/Documents/NxtWash Automation/nxtwash-automation/tests/admin_portal/coupon_packages/test_coupon_packages_customer_tab.py:72: Requires POS-generated coupon code data — deferred until POS dependency is available</skipped></testcase><testcase classname="tests.admin_portal.coupon_packages.test_coupon_packages_customer_tab" name="test_customer_coupon_filter_active" time="0.000"><skipped type="pytest.skip" message="Requires POS-generated coupon code data — deferred until POS dependency is available">/Users/vk/Documents/NxtWash Automation/nxtwash-automation/tests/admin_portal/coupon_packages/test_coupon_packages_customer_tab.py:79: Requires POS-generated coupon code data — deferred until POS dependency is available</skipped></testcase><testcase classname="tests.admin_portal.coupon_packages.test_coupon_packages_customer_tab" name="test_customer_coupon_combined_filter" time="0.000"><skipped type="pytest.skip" message="Requires POS-generated coupon code data — deferred until POS dependency is available">/Users/vk/Documents/NxtWash Automation/nxtwash-automation/tests/admin_portal/coupon_packages/test_coupon_packages_customer_tab.py:86: Requires POS-generated coupon code data — deferred until POS dependency is available</skipped></testcase><testcase classname="tests.admin_portal.coupon_packages.test_coupon_packages_customer_tab" name="test_customer_coupon_reset_filters" time="0.000"><skipped type="pytest.skip" message="Requires POS-generated coupon code data — deferred until POS dependency is available">/Users/vk/Documents/NxtWash Automation/nxtwash-automation/tests/admin_portal/coupon_packages/test_coupon_packages_customer_tab.py:93: Requires POS-generated coupon code data — deferred until POS dependency is available</skipped></testcase><testcase classname="tests.admin_portal.coupon_packages.test_coupon_packages_customer_tab" name="test_customer_coupon_code_is_unique" time="0.000"><skipped type="pytest.skip" message="Requires POS integration — deferred">/Users/vk/Documents/NxtWash Automation/nxtwash-automation/tests/admin_portal/coupon_packages/test_coupon_packages_customer_tab.py:100: Requires POS integration — deferred</skipped></testcase><testcase classname="tests.admin_portal.coupon_packages.test_coupon_packages_customer_tab" name="test_expired_coupon_code_is_inactive" time="0.000"><skipped type="pytest.skip" message="Requires POS integration — deferred">/Users/vk/Documents/NxtWash Automation/nxtwash-automation/tests/admin_portal/coupon_packages/test_coupon_packages_customer_tab.py:107: Requires POS integration — deferred</skipped></testcase><testcase classname="tests.admin_portal.coupon_packages.test_coupon_packages_edge_cases" name="test_coupon_package_long_name_does_not_break_form" time="54.848" /><testcase classname="tests.admin_portal.coupon_packages.test_coupon_packages_edge_cases" name="test_coupon_package_valid_expiration_days" time="60.812" /><testcase classname="tests.admin_portal.coupon_packages.test_coupon_packages_edge_cases" name="test_coupon_package_zero_expiration_days" time="69.192" /><testcase classname="tests.admin_portal.coupon_packages.test_coupon_packages_edge_cases" name="test_coupon_package_negative_expiration_days_rejected" time="0.004"><skipped type="pytest.skip" message="App bug: negative expiration days accepted without error — pending fix">/Users/vk/Documents/NxtWash Automation/nxtwash-automation/tests/admin_portal/coupon_packages/test_coupon_packages_edge_cases.py:57: App bug: negative expiration days accepted without error — pending fix</skipped></testcase><testcase classname="tests.admin_portal.coupon_packages.test_coupon_packages_edge_cases" name="test_coupon_package_save_without_giveaway" time="40.868" /><testcase classname="tests.admin_portal.coupon_packages.test_coupon_packages_edge_cases" name="test_coupon_package_remove_giveaway_service" time="89.887" /><testcase classname="tests.admin_portal.coupon_packages.test_coupon_packages_edit" name="test_edit_coupon_package_name" time="92.363" /><testcase classname="tests.admin_portal.coupon_packages.test_coupon_packages_edit" name="test_edit_coupon_package_discount" time="77.388" /><testcase classname="tests.admin_portal.coupon_packages.test_coupon_packages_edit" name="test_edit_coupon_package_expiration_days" time="50.350" /><testcase classname="tests.admin_portal.coupon_packages.test_coupon_packages_edit" name="test_edit_coupon_package_giveaway_services" time="69.507" /><testcase classname="tests.admin_portal.coupon_packages.test_coupon_packages_edit" name="test_activate_inactive_coupon_package" time="0.003"><skipped type="pytest.skip" message="Manual: activation of an inactive package does not persist via automation - needs investigation of legacy iframe form submit behaviour">/Users/vk/Documents/NxtWash Automation/nxtwash-automation/tests/admin_portal/coupon_packages/test_coupon_packages_edit.py:87: Manual: activation of an inactive package does not persist via automation - needs investigation of legacy iframe form submit behaviour</skipped></testcase><testcase classname="tests.admin_portal.coupon_packages.test_coupon_packages_edit" name="test_deactivate_active_coupon_package" time="61.869" /><testcase classname="tests.admin_portal.coupon_packages.test_coupon_packages_negative" name="test_coupon_package_duplicate_name_is_blocked" time="45.574" /><testcase classname="tests.admin_portal.coupon_packages.test_coupon_packages_negative" name="test_coupon_packages_special_character_search_stays_usable" time="10.018" /><testcase classname="tests.admin_portal.coupon_packages.test_coupon_packages_positive" name="test_create_coupon_package" time="58.152" /><testcase classname="tests.admin_portal.coupon_packages.test_coupon_packages_positive" name="test_coupon_package_settings_persist" time="53.647" /><testcase classname="tests.admin_portal.coupon_packages.test_coupon_packages_positive" name="test_create_inactive_coupon_package" time="46.092" /><testcase classname="tests.admin_portal.coupon_packages.test_coupon_packages_search_filter" name="test_coupon_packages_exact_search" time="48.788" /><testcase classname="tests.admin_portal.coupon_packages.test_coupon_packages_search_filter" name="test_coupon_packages_partial_search" time="46.682" /><testcase classname="tests.admin_portal.coupon_packages.test_coupon_packages_search_filter" name="test_coupon_packages_missing_search" time="9.915" /><testcase classname="tests.admin_portal.coupon_packages.test_coupon_packages_search_filter" name="test_coupon_packages_clear_search_restores_list" time="46.413" /><testcase classname="tests.admin_portal.coupon_packages.test_coupon_packages_search_filter" name="test_active_coupon_package_filter_shows_active_only" time="92.005" /><testcase classname="tests.admin_portal.coupon_packages.test_coupon_packages_search_filter" name="test_active_toggle_off_shows_all_packages" time="105.252" /><testcase classname="tests.admin_portal.coupon_packages.test_coupon_packages_search_filter" name="test_reset_all_restores_unfiltered_list" time="54.574" /><testcase classname="tests.admin_portal.coupon_packages.test_coupon_packages_search_filter" name="test_coupon_packages_search_payloads_do_not_break_grid" time="10.560" /><testcase classname="tests.admin_portal.coupon_packages.test_coupon_packages_ui" name="test_coupon_packages_page_loads_with_primary_controls" time="10.242" /><testcase classname="tests.admin_portal.coupon_packages.test_coupon_packages_ui" name="test_coupon_packages_grid_columns_are_visible" time="11.870" /><testcase classname="tests.admin_portal.coupon_packages.test_coupon_packages_ui" name="test_customer_coupon_packages_tab_is_accessible" time="13.042" /><testcase classname="tests.admin_portal.coupon_packages.test_coupon_packages_ui" name="test_add_coupon_package_form_loads" time="11.403" /><testcase classname="tests.admin_portal.coupon_packages.test_coupon_packages_validation" name="test_coupon_package_blank_name_is_blocked" time="13.657" /><testcase classname="tests.admin_portal.coupon_packages.test_coupon_packages_validation" name="test_coupon_package_whitespace_name_is_rejected" time="12.236" /><testcase classname="tests.admin_portal.coupon_packages.test_coupon_packages_validation" name="test_coupon_package_blank_discount_is_blocked" time="12.868" /><testcase classname="tests.admin_portal.gift_cards.test_gift_cards_dependency" name="test_gift_card_show_on_cp_persists" time="0.000"><skipped type="pytest.skip" message="GC-PER-002: Per-location Show on CP switch is interactive but the value is not persisted by the save API — the switch resets to OFF on reload. CP visibility per location is governed by Site settings (Customer Portal tab). Verify manually via DevTools network tab or site-level CP gift cards toggle.">/Users/vk/Documents/NxtWash Automation/nxtwash-automation/tests/admin_portal/gift_cards/test_gift_cards_dependency.py:12: GC-PER-002: Per-location Show on CP switch is interactive but the value is not persisted by the save API — the switch resets to OFF on reload. CP visibility per location is governed by Site settings (Customer Portal tab). Verify manually via DevTools network tab or site-level CP gift cards toggle.</skipped></testcase><testcase classname="tests.admin_portal.gift_cards.test_gift_cards_edge_cases" name="test_create_gift_card_helper_is_idempotent" time="18.857" /><testcase classname="tests.admin_portal.gift_cards.test_gift_cards_edge_cases" name="test_gift_cards_page_recovers_after_no_result_search" time="14.037" /><testcase classname="tests.admin_portal.gift_cards.test_gift_cards_edit" name="test_edit_gift_card_name" time="50.908" /><testcase classname="tests.admin_portal.gift_cards.test_gift_cards_edit" name="test_edit_gift_card_updates_settings_without_duplicate" time="33.239" /><testcase classname="tests.admin_portal.gift_cards.test_gift_cards_edit" name="test_activate_inactive_gift_card" time="27.003" /><testcase classname="tests.admin_portal.gift_cards.test_gift_cards_edit" name="test_deactivate_active_gift_card" time="47.292" /><testcase classname="tests.admin_portal.gift_cards.test_gift_cards_edit" name="test_edit_customer_gift_card_amount" time="46.132" /><testcase classname="tests.admin_portal.gift_cards.test_gift_cards_edit" name="test_toggle_active_customer_gift_card" time="48.893" /><testcase classname="tests.admin_portal.gift_cards.test_gift_cards_filter" name="test_filter_by_site_narrows_gift_card_list" time="18.817" /><testcase classname="tests.admin_portal.gift_cards.test_gift_cards_filter" name="test_active_toggle_shows_active_gift_cards_only" time="21.665" /><testcase classname="tests.admin_portal.gift_cards.test_gift_cards_filter" name="test_reset_all_clears_gift_card_filters" time="21.577" /><testcase classname="tests.admin_portal.gift_cards.test_gift_cards_filter" name="test_filter_by_site_narrows_customer_gift_card_list" time="82.100" /><testcase classname="tests.admin_portal.gift_cards.test_gift_cards_negative" name="test_opening_missing_gift_card_does_not_show_edit_form" time="12.184" /><testcase classname="tests.admin_portal.gift_cards.test_gift_cards_negative" name="test_missing_customer_gift_card_search_does_not_show_match" time="14.751" /><testcase classname="tests.admin_portal.gift_cards.test_gift_cards_positive" name="test_create_gift_card_with_required_settings" time="52.724" /><testcase classname="tests.admin_portal.gift_cards.test_gift_cards_positive" name="test_create_inactive_gift_card" time="28.905" /><testcase classname="tests.admin_portal.gift_cards.test_gift_cards_positive" name="test_created_gift_card_settings_persist" time="44.572" /><testcase classname="tests.admin_portal.gift_cards.test_gift_cards_positive" name="test_gift_card_appears_in_customer_gift_card_dropdown" time="23.213" /><testcase classname="tests.admin_portal.gift_cards.test_gift_cards_positive" name="test_create_customer_gift_card_from_template" time="43.154" /><testcase classname="tests.admin_portal.gift_cards.test_gift_cards_positive" name="test_customer_gift_card_persists_after_page_reload" time="54.952" /><testcase classname="tests.admin_portal.gift_cards.test_gift_cards_positive" name="test_customer_gift_card_linked_to_correct_template" time="34.999" /><testcase classname="tests.admin_portal.gift_cards.test_gift_cards_search_filter" name="test_search_exact_gift_card_name_returns_match" time="14.510" /><testcase classname="tests.admin_portal.gift_cards.test_gift_cards_search_filter" name="test_gift_cards_search_accepts_partial_text_without_breaking_grid" time="13.063" /><testcase classname="tests.admin_portal.gift_cards.test_gift_cards_search_filter" name="test_customer_gift_card_search_partial_number" time="47.375" /><testcase classname="tests.admin_portal.gift_cards.test_gift_cards_ui" name="test_gift_cards_page_loads" time="10.424" /><testcase classname="tests.admin_portal.gift_cards.test_gift_cards_ui" name="test_gift_cards_primary_actions_are_available" time="10.174" /><testcase classname="tests.admin_portal.gift_cards.test_gift_cards_ui" name="test_customer_gift_cards_tab_loads" time="15.312" /><testcase classname="tests.admin_portal.gift_cards.test_gift_cards_validation" name="test_create_gift_card_requires_name" time="20.847" /><testcase classname="tests.admin_portal.gift_cards.test_gift_cards_validation" name="test_create_gift_card_requires_amount" time="22.421" /><testcase classname="tests.admin_portal.gift_cards.test_gift_cards_validation" name="test_negative_gift_card_amount_rejected" time="21.799" /><testcase classname="tests.admin_portal.gift_cards.test_gift_cards_validation" name="test_non_numeric_gift_card_amount_rejected" time="0.004"><skipped type="pytest.skip" message="Manual: Chrome silently drops non-numeric chars from type=number inputs, leaving the field blank; the legacy iframe then saves/redirects to the outer SPA /new route, so validity assertions run on the wrong form element.">/Users/vk/Documents/NxtWash Automation/nxtwash-automation/tests/admin_portal/gift_cards/test_gift_cards_validation.py:58: Manual: Chrome silently drops non-numeric chars from type=number inputs, leaving the field blank; the legacy iframe then saves/redirects to the outer SPA /new route, so validity assertions run on the wrong form element.</skipped></testcase><testcase classname="tests.admin_portal.gift_cards.test_gift_cards_validation" name="test_create_customer_gift_card_requires_gift_card_selection" time="18.574" /><testcase classname="tests.admin_portal.gift_cards.test_gift_cards_validation" name="test_create_customer_gift_card_requires_number" time="19.005" /><testcase classname="tests.admin_portal.gift_cards.test_gift_cards_validation" name="test_create_customer_gift_card_requires_amount" time="19.125" /><testcase classname="tests.admin_portal.gift_cards.test_gift_cards_validation" name="test_negative_customer_gift_card_amount_rejected" time="17.125" /><testcase classname="tests.admin_portal.gift_cards.test_gift_cards_validation" name="test_non_numeric_customer_gift_card_amount_rejected" time="16.244" /></testsuite></testsuites>